[2025-11-10 04:59:41] [node-1] INFO: ========================================
[2025-11-10 04:59:41] [node-1] INFO: 启动 NM-DPoS 节点
[2025-11-10 04:59:41] [node-1] INFO: 节点ID: node-1
[2025-11-10 04:59:41] [node-1] INFO: 监听地址: localhost:8001
[2025-11-10 04:59:41] [node-1] INFO: ========================================
[2025-11-10 04:59:41] [node-1] INFO: 种子节点: [localhost:8000]
[2025-11-10 04:59:41] [node-1] INFO: 启动节点 node-1，监听地址: localhost:8001
[2025-11-10 04:59:42] [node-1] INFO: HTTP服务器已就绪
[Discovery] 启动节点发现服务...
[Discovery] 本地地址: localhost:8001
[Discovery] 种子节点: [localhost:8000]
[Discovery] 节点发现服务已启动
[Discovery] 开始连接 1 个种子节点...
[Discovery] === 连接尝试 1/20 ===
[Discovery] 连接种子节点: localhost:8000
[Discovery] 从心跳响应中发现 0 个对等节点
[Discovery]  心跳成功，已注册到种子节点
[Discovery] 从 /peers 端点发现 0 个对等节点
[Discovery]  成功获取对等列表
[Discovery]  已连接 1/1 个种子节点
[2025-11-10 04:59:47] [node-1] INFO: 节点 node-1 启动完成，已连接 0 个对等节点
[2025-11-10 04:59:47] [node-1] INFO: 节点启动成功
[2025-11-10 04:59:47] [node-1] INFO: ========================================
[2025-11-10 04:59:47] [node-1] INFO: 启动测试模式
[2025-11-10 04:59:47] [node-1] INFO: 测试持续时间: 100 轮
[2025-11-10 04:59:47] [node-1] INFO: 结果输出目录: ./test_results
[2025-11-10 04:59:47] [node-1] INFO: ========================================
[2025-11-10 04:59:49] [node-1] INFO: 收到来自 node-0 的区块 #1
[2025-11-10 04:59:49] [node-1] INFO: 【收到出块状态】
[2025-11-10 04:59:49] [node-1] INFO:   生产者: node-0 | 轮次: 1 | 成功: true
[2025-11-10 04:59:50] [node-1] INFO: ========================================
[2025-11-10 04:59:50] [node-1] INFO: 第 1 轮 | 初始化阶段
[2025-11-10 04:59:50] [node-1] INFO: ========================================
[2025-11-10 04:59:50] [node-1] INFO: --- 执行首次代理节点选举 ---
[2025-11-10 04:59:50] [node-1] INFO: ========================================
[2025-11-10 04:59:50] [node-1] INFO: 【代理节点选举 - 权重排序】
[2025-11-10 04:59:50] [node-1] INFO: ========================================
[2025-11-10 04:59:50] [node-1] INFO: 选出 2 个代理节点:
[2025-11-10 04:59:50] [node-1] INFO:   #1: node-0 (权重: 333.66, 表现: 0.701)
[2025-11-10 04:59:50] [node-1] INFO:   #2: node-1 (权重: 150.00, 表现: 0.700)
[2025-11-10 04:59:50] [node-1] INFO: ========================================
[2025-11-10 04:59:50] [node-1] INFO: 选出 2 个代理节点:
[2025-11-10 04:59:50] [node-1] INFO:   #1: node-0 (权重: 333.66, 表现: 0.701)
[2025-11-10 04:59:50] [node-1] INFO:   #2: node-1 (权重: 150.00, 表现: 0.700)
[2025-11-10 04:59:50] [node-1] INFO: ========================================
[2025-11-10 04:59:50] [node-1] INFO: 第 1 轮 | 时隙 0 | 区块高度 0
[2025-11-10 04:59:50] [node-1] INFO: 当前出块者: node-0
[2025-11-10 04:59:50] [node-1] INFO: ========================================
[2025-11-10 04:59:50] [node-1] INFO: 【权重衰减】
[2025-11-10 04:59:50] [node-1] INFO:   旧权重: 150.00 → 新权重: 141.26 (变化: -8.74)
[2025-11-10 04:59:50] [node-1] INFO:   表现评分: 0.700 | 衰减率: 0.0600 | 半衰期: 11.5轮
[2025-11-10 04:59:50] [node-1] INFO: 【投票阶段开始】
[2025-11-10 04:59:50] [node-1] INFO: 步骤1: 锁定保证金 = 141.26
[2025-11-10 04:59:50] [node-1] INFO: 创建投票会话: 正常区段=51.99ms, 代投区段=50.00ms
[2025-11-10 04:59:50] [node-1] INFO: 步骤2: 投票阶段开始
[2025-11-10 04:59:50] [node-1] INFO:   本节点投票目标: node-0 (权重: 333.66, 表现: 0.701)
[2025-11-10 04:59:50] [node-1] INFO:   ✅ 正常投票 (耗时: 25.79 ms)
[2025-11-10 04:59:50] [node-1] WARN: 投票发送失败: 目标节点 node-0 不存在
[2025-11-10 04:59:50] [node-1] INFO: 等待正常投票期结束: 51ms
[2025-11-10 04:59:50] [node-1] INFO: 【执行代投】
[2025-11-10 04:59:50] [node-1] INFO: 需要代投的节点数: 2
[2025-11-10 04:59:50] [node-1] INFO: 代投完成
[2025-11-10 04:59:50] [node-1] WARN: 投票失败节点数: 2
[2025-11-10 04:59:50] [node-1] INFO: 【分配热补偿】
[2025-11-10 04:59:50] [node-1] INFO: 无符合条件的节点，跳过热补偿
[2025-11-10 04:59:50] [node-1] INFO: 步骤3: 根据委托权重选举代理节点
[2025-11-10 04:59:50] [node-1] INFO:   当选代理 #1: node-0 (得票: 0.00)
[2025-11-10 04:59:50] [node-1] INFO:   当选代理 #2: node-1 (得票: 0.00)
[2025-11-10 04:59:50] [node-1] INFO: 【投票阶段结束】
[2025-11-10 04:59:50] [node-1] INFO:   总投票: 2, 成功: 0, 代投: 0, 失败: 2
[2025-11-10 04:59:50] [node-1] INFO: 【处理投票结果 - 出块后】
[2025-11-10 04:59:50] [node-1] INFO: 情况B: 投票节点未当选，退回保证金=0.00
[2025-11-10 04:59:50] [node-1] INFO: 【代理节点表现】
[2025-11-10 04:59:50] [node-1] INFO:   综合评分: 0.700 → 0.501
[2025-11-10 04:59:50] [node-1] INFO:   出块效率 P: 0.500
[2025-11-10 04:59:50] [node-1] INFO:   验证效率 C: 0.500
[2025-11-10 04:59:50] [node-1] INFO:   在线评分 O: 0.502
[2025-11-10 04:59:50] [node-1] INFO:   有效/延迟/无效: 0/0/0
[2025-11-10 04:59:52] [node-1] INFO: ========================================
[2025-11-10 04:59:52] [node-1] INFO: 开始网络测试
[2025-11-10 04:59:52] [node-1] INFO: 测试轮数: 100
[2025-11-10 04:59:52] [node-1] INFO: ========================================
[2025-11-10 04:59:52] [node-1] INFO: --- 第 1 轮 ---
[2025-11-10 04:59:52] [node-1] INFO: 收到来自 node-0 的区块 #2
[2025-11-10 04:59:52] [node-1] INFO: 【收到出块状态】
[2025-11-10 04:59:52] [node-1] INFO:   生产者: node-0 | 轮次: 2 | 成功: true
[2025-11-10 04:59:52] [node-1] INFO:   ✅ 更新代理节点 node-0 的出块状态
[2025-11-10 04:59:53] [node-1] INFO: ========================================
[2025-11-10 04:59:53] [node-1] INFO: 第 2 轮 | 时隙 1 | 区块高度 1
[2025-11-10 04:59:53] [node-1] INFO: 当前出块者: node-1
[2025-11-10 04:59:53] [node-1] INFO: ========================================
[2025-11-10 04:59:53] [node-1] INFO: 【权重衰减】
[2025-11-10 04:59:53] [node-1] INFO:   旧权重: 127.14 → 新权重: 135.75 (变化: 8.61)
[2025-11-10 04:59:53] [node-1] INFO:   表现评分: 0.501 | 衰减率: 0.0999 | 半衰期: 6.9轮
[2025-11-10 04:59:53] [node-1] INFO: 【投票阶段开始】
[2025-11-10 04:59:53] [node-1] INFO: 步骤1: 锁定保证金 = 135.75
[2025-11-10 04:59:53] [node-1] INFO: 创建投票会话: 正常区段=51.99ms, 代投区段=50.00ms
[2025-11-10 04:59:53] [node-1] INFO: 步骤2: 投票阶段开始
[2025-11-10 04:59:53] [node-1] INFO:   本节点投票目标: node-0 (权重: 300.29, 表现: 0.701)
[2025-11-10 04:59:53] [node-1] INFO:   ✅ 正常投票 (耗时: 28.45 ms)
[2025-11-10 04:59:53] [node-1] INFO: 投票已发送: node-1 -> node-0
[2025-11-10 04:59:53] [node-1] INFO: 等待正常投票期结束: 51ms
[2025-11-10 04:59:53] [node-1] INFO: 【执行代投】
[2025-11-10 04:59:53] [node-1] INFO: 需要代投的节点数: 2
[2025-11-10 04:59:53] [node-1] INFO: 代投完成
[2025-11-10 04:59:53] [node-1] WARN: 投票失败节点数: 2
[2025-11-10 04:59:53] [node-1] INFO: 【分配热补偿】
[2025-11-10 04:59:53] [node-1] INFO: 无符合条件的节点，跳过热补偿
[2025-11-10 04:59:53] [node-1] INFO: 步骤3: 根据委托权重选举代理节点
[2025-11-10 04:59:53] [node-1] INFO:   当选代理 #1: node-0 (得票: 0.00)
[2025-11-10 04:59:53] [node-1] INFO:   当选代理 #2: node-1 (得票: 0.00)
[2025-11-10 04:59:53] [node-1] INFO: 【投票阶段结束】
[2025-11-10 04:59:53] [node-1] INFO:   总投票: 2, 成功: 0, 代投: 0, 失败: 2
[2025-11-10 04:59:53] [node-1] INFO: 【处理投票结果 - 出块后】
[2025-11-10 04:59:53] [node-1] INFO: 情况B: 投票节点未当选，退回保证金=0.00
[2025-11-10 04:59:53] [node-1] INFO: 【代理节点表现】
[2025-11-10 04:59:53] [node-1] INFO:   综合评分: 0.501 → 0.501
[2025-11-10 04:59:53] [node-1] INFO:   出块效率 P: 0.500
[2025-11-10 04:59:53] [node-1] INFO:   验证效率 C: 0.500
[2025-11-10 04:59:53] [node-1] INFO:   在线评分 O: 0.505
[2025-11-10 04:59:53] [node-1] INFO:   有效/延迟/无效: 0/0/0
[2025-11-10 04:59:55] [node-1] INFO: --- 第 2 轮 ---
[2025-11-10 04:59:55] [node-1] INFO: 收到来自 node-0 的区块 #3
[2025-11-10 04:59:55] [node-1] INFO: 【收到出块状态】
[2025-11-10 04:59:55] [node-1] INFO:   生产者: node-0 | 轮次: 3 | 成功: true
[2025-11-10 04:59:55] [node-1] INFO:   ✅ 更新代理节点 node-0 的出块状态
[2025-11-10 04:59:56] [node-1] INFO: ========================================
[2025-11-10 04:59:56] [node-1] INFO: 第 3 轮 | 时隙 1 | 区块高度 2
[2025-11-10 04:59:56] [node-1] INFO: 当前出块者: node-1
[2025-11-10 04:59:56] [node-1] INFO: ========================================
[2025-11-10 04:59:56] [node-1] INFO: 【权重衰减】
[2025-11-10 04:59:56] [node-1] INFO:   旧权重: 122.17 → 新权重: 147.36 (变化: 25.19)
[2025-11-10 04:59:56] [node-1] INFO:   表现评分: 0.501 | 衰减率: 0.0997 | 半衰期: 7.0轮
[2025-11-10 04:59:56] [node-1] INFO: 【投票阶段开始】
[2025-11-10 04:59:56] [node-1] INFO: 步骤1: 锁定保证金 = 147.36
[2025-11-10 04:59:56] [node-1] INFO: 创建投票会话: 正常区段=46.21ms, 代投区段=50.00ms
[2025-11-10 04:59:56] [node-1] INFO: 步骤2: 投票阶段开始
[2025-11-10 04:59:56] [node-1] INFO:   本节点投票目标: node-0 (权重: 300.29, 表现: 0.701)
[2025-11-10 04:59:56] [node-1] INFO:   ✅ 正常投票 (耗时: 21.82 ms)
[2025-11-10 04:59:56] [node-1] INFO: 投票已发送: node-1 -> node-0
[2025-11-10 04:59:56] [node-1] INFO: 等待正常投票期结束: 46ms
[2025-11-10 04:59:56] [node-1] INFO: 【执行代投】
[2025-11-10 04:59:56] [node-1] INFO: 需要代投的节点数: 3
[2025-11-10 04:59:56] [node-1] INFO: 代投完成
[2025-11-10 04:59:56] [node-1] WARN: 投票失败节点数: 3
[2025-11-10 04:59:56] [node-1] INFO: 【分配热补偿】
[2025-11-10 04:59:56] [node-1] INFO: 无符合条件的节点，跳过热补偿
[2025-11-10 04:59:56] [node-1] INFO: 步骤3: 根据委托权重选举代理节点
[2025-11-10 04:59:56] [node-1] INFO:   当选代理 #1: node-0 (得票: 0.00)
[2025-11-10 04:59:56] [node-1] INFO:   当选代理 #2: node-1 (得票: 0.00)
[2025-11-10 04:59:56] [node-1] INFO: 【投票阶段结束】
[2025-11-10 04:59:56] [node-1] INFO:   总投票: 3, 成功: 0, 代投: 0, 失败: 3
[2025-11-10 04:59:56] [node-1] INFO: 【处理投票结果 - 出块后】
[2025-11-10 04:59:56] [node-1] INFO: 情况B: 投票节点未当选，退回保证金=0.00
[2025-11-10 04:59:56] [node-1] INFO: 【代理节点表现】
[2025-11-10 04:59:56] [node-1] INFO:   综合评分: 0.501 → 0.502
[2025-11-10 04:59:56] [node-1] INFO:   出块效率 P: 0.500
[2025-11-10 04:59:56] [node-1] INFO:   验证效率 C: 0.500
[2025-11-10 04:59:56] [node-1] INFO:   在线评分 O: 0.507
[2025-11-10 04:59:56] [node-1] INFO:   有效/延迟/无效: 0/0/0
[2025-11-10 04:59:58] [node-1] INFO: --- 第 3 轮 ---
[2025-11-10 04:59:58] [node-1] INFO: 收到来自 node-0 的区块 #4
[2025-11-10 04:59:58] [node-1] INFO: 【收到出块状态】
[2025-11-10 04:59:58] [node-1] INFO:   生产者: node-0 | 轮次: 4 | 成功: true
[2025-11-10 04:59:58] [node-1] INFO:   ✅ 更新代理节点 node-0 的出块状态
[2025-11-10 04:59:59] [node-1] INFO: ========================================
[2025-11-10 04:59:59] [node-1] INFO: 第 4 轮 | 时隙 1 | 区块高度 3
[2025-11-10 04:59:59] [node-1] INFO: 当前出块者: node-1
[2025-11-10 04:59:59] [node-1] INFO: ========================================
[2025-11-10 04:59:59] [node-1] INFO: 【权重衰减】
[2025-11-10 04:59:59] [node-1] INFO:   旧权重: 132.62 → 新权重: 147.86 (变化: 15.23)
[2025-11-10 04:59:59] [node-1] INFO:   表现评分: 0.502 | 衰减率: 0.0996 | 半衰期: 7.0轮
[2025-11-10 04:59:59] [node-1] INFO: 【投票阶段开始】
[2025-11-10 04:59:59] [node-1] INFO: 步骤1: 锁定保证金 = 147.86
[2025-11-10 04:59:59] [node-1] INFO: 创建投票会话: 正常区段=43.32ms, 代投区段=50.00ms
[2025-11-10 04:59:59] [node-1] INFO: 步骤2: 投票阶段开始
[2025-11-10 04:59:59] [node-1] INFO:   本节点投票目标: node-0 (权重: 300.29, 表现: 0.701)
[2025-11-10 04:59:59] [node-1] INFO:   ✅ 正常投票 (耗时: 35.29 ms)
[2025-11-10 04:59:59] [node-1] INFO: 投票已发送: node-1 -> node-0
[2025-11-10 04:59:59] [node-1] INFO: 等待正常投票期结束: 43ms
[2025-11-10 04:59:59] [node-1] INFO: 【执行代投】
[2025-11-10 04:59:59] [node-1] INFO: 需要代投的节点数: 4
[2025-11-10 04:59:59] [node-1] INFO: 代投完成
[2025-11-10 04:59:59] [node-1] WARN: 投票失败节点数: 4
[2025-11-10 04:59:59] [node-1] INFO: 【分配热补偿】
[2025-11-10 04:59:59] [node-1] INFO: 无符合条件的节点，跳过热补偿
[2025-11-10 04:59:59] [node-1] INFO: 步骤3: 根据委托权重选举代理节点
[2025-11-10 04:59:59] [node-1] INFO:   当选代理 #1: node-0 (得票: 0.00)
[2025-11-10 04:59:59] [node-1] INFO:   当选代理 #2: node-1 (得票: 0.00)
[2025-11-10 04:59:59] [node-1] INFO: 【投票阶段结束】
[2025-11-10 04:59:59] [node-1] INFO:   总投票: 4, 成功: 0, 代投: 0, 失败: 4
[2025-11-10 04:59:59] [node-1] INFO: 【处理投票结果 - 出块后】
[2025-11-10 04:59:59] [node-1] INFO: 情况B: 投票节点未当选，退回保证金=0.00
[2025-11-10 04:59:59] [node-1] INFO: 【代理节点表现】
[2025-11-10 04:59:59] [node-1] INFO:   综合评分: 0.502 → 0.503
[2025-11-10 04:59:59] [node-1] INFO:   出块效率 P: 0.500
[2025-11-10 04:59:59] [node-1] INFO:   验证效率 C: 0.500
[2025-11-10 04:59:59] [node-1] INFO:   在线评分 O: 0.510
[2025-11-10 04:59:59] [node-1] INFO:   有效/延迟/无效: 0/0/0
[2025-11-10 05:00:01] [node-1] INFO: --- 第 4 轮 ---
[2025-11-10 05:00:01] [node-1] INFO: 收到来自 node-0 的区块 #5
[2025-11-10 05:00:01] [node-1] INFO: 【收到出块状态】
[2025-11-10 05:00:01] [node-1] INFO:   生产者: node-0 | 轮次: 5 | 成功: true
[2025-11-10 05:00:01] [node-1] INFO:   ✅ 更新代理节点 node-0 的出块状态
[2025-11-10 05:00:02] [node-1] INFO: ========================================
[2025-11-10 05:00:02] [node-1] INFO: 第 5 轮 | 时隙 1 | 区块高度 4
[2025-11-10 05:00:02] [node-1] INFO: 当前出块者: node-1
[2025-11-10 05:00:02] [node-1] INFO: ========================================
[2025-11-10 05:00:02] [node-1] INFO: 【权重衰减】
[2025-11-10 05:00:02] [node-1] INFO:   旧权重: 133.07 → 新权重: 145.54 (变化: 12.47)
[2025-11-10 05:00:02] [node-1] INFO:   表现评分: 0.503 | 衰减率: 0.0994 | 半衰期: 7.0轮
[2025-11-10 05:00:02] [node-1] INFO: 【投票阶段开始】
[2025-11-10 05:00:02] [node-1] INFO: 步骤1: 锁定保证金 = 145.54
[2025-11-10 05:00:02] [node-1] INFO: 创建投票会话: 正常区段=41.59ms, 代投区段=50.00ms
[2025-11-10 05:00:02] [node-1] INFO: 步骤2: 投票阶段开始
[2025-11-10 05:00:02] [node-1] INFO:   本节点投票目标: node-0 (权重: 300.29, 表现: 0.701)
[2025-11-10 05:00:02] [node-1] INFO:   ✅ 正常投票 (耗时: 29.68 ms)
[2025-11-10 05:00:02] [node-1] INFO: 投票已发送: node-1 -> node-0
[2025-11-10 05:00:02] [node-1] INFO: 等待正常投票期结束: 41ms
[2025-11-10 05:00:02] [node-1] INFO: 【执行代投】
[2025-11-10 05:00:02] [node-1] INFO: 需要代投的节点数: 5
[2025-11-10 05:00:02] [node-1] INFO: 代投完成
[2025-11-10 05:00:02] [node-1] WARN: 投票失败节点数: 5
[2025-11-10 05:00:02] [node-1] INFO: 【分配热补偿】
[2025-11-10 05:00:02] [node-1] INFO: 无符合条件的节点，跳过热补偿
[2025-11-10 05:00:02] [node-1] INFO: 步骤3: 根据委托权重选举代理节点
[2025-11-10 05:00:02] [node-1] INFO:   当选代理 #1: node-0 (得票: 0.00)
[2025-11-10 05:00:02] [node-1] INFO:   当选代理 #2: node-1 (得票: 0.00)
[2025-11-10 05:00:02] [node-1] INFO: 【投票阶段结束】
[2025-11-10 05:00:02] [node-1] INFO:   总投票: 5, 成功: 0, 代投: 0, 失败: 5
[2025-11-10 05:00:02] [node-1] INFO: 【处理投票结果 - 出块后】
[2025-11-10 05:00:02] [node-1] INFO: 情况B: 投票节点未当选，退回保证金=0.00
[2025-11-10 05:00:02] [node-1] INFO: 【代理节点表现】
[2025-11-10 05:00:02] [node-1] INFO:   综合评分: 0.503 → 0.504
[2025-11-10 05:00:02] [node-1] INFO:   出块效率 P: 0.500
[2025-11-10 05:00:02] [node-1] INFO:   验证效率 C: 0.500
[2025-11-10 05:00:02] [node-1] INFO:   在线评分 O: 0.512
[2025-11-10 05:00:02] [node-1] INFO:   有效/延迟/无效: 0/0/0
[2025-11-10 05:00:04] [node-1] INFO: --- 第 5 轮 ---
[2025-11-10 05:00:04] [node-1] INFO: 收到来自 node-0 的区块 #6
[2025-11-10 05:00:04] [node-1] INFO: 【收到出块状态】
[2025-11-10 05:00:04] [node-1] INFO:   生产者: node-0 | 轮次: 6 | 成功: true
[2025-11-10 05:00:04] [node-1] INFO:   ✅ 更新代理节点 node-0 的出块状态
[2025-11-10 05:00:05] [node-1] INFO: ========================================
[2025-11-10 05:00:05] [node-1] INFO: 第 6 轮 | 时隙 1 | 区块高度 5
[2025-11-10 05:00:05] [node-1] INFO: 当前出块者: node-1
[2025-11-10 05:00:05] [node-1] INFO: ========================================
[2025-11-10 05:00:05] [node-1] INFO: 【权重衰减】
[2025-11-10 05:00:05] [node-1] INFO:   旧权重: 130.98 → 新权重: 145.64 (变化: 14.65)
[2025-11-10 05:00:05] [node-1] INFO:   表现评分: 0.504 | 衰减率: 0.0993 | 半衰期: 7.0轮
[2025-11-10 05:00:05] [node-1] INFO: 【投票阶段开始】
[2025-11-10 05:00:05] [node-1] INFO: 步骤1: 锁定保证金 = 145.64
[2025-11-10 05:00:05] [node-1] INFO: 创建投票会话: 正常区段=41.59ms, 代投区段=50.00ms
[2025-11-10 05:00:05] [node-1] INFO: 步骤2: 投票阶段开始
[2025-11-10 05:00:05] [node-1] INFO:   本节点投票目标: node-0 (权重: 300.29, 表现: 0.701)
[2025-11-10 05:00:05] [node-1] INFO:   ✅ 正常投票 (耗时: 29.33 ms)
[2025-11-10 05:00:05] [node-1] INFO: 投票已发送: node-1 -> node-0
[2025-11-10 05:00:05] [node-1] INFO: 等待正常投票期结束: 41ms
[2025-11-10 05:00:05] [node-1] INFO: 【执行代投】
[2025-11-10 05:00:05] [node-1] INFO: 需要代投的节点数: 5
[2025-11-10 05:00:05] [node-1] INFO: 代投完成
[2025-11-10 05:00:05] [node-1] WARN: 投票失败节点数: 5
[2025-11-10 05:00:05] [node-1] INFO: 【分配热补偿】
[2025-11-10 05:00:05] [node-1] INFO: 无符合条件的节点，跳过热补偿
[2025-11-10 05:00:05] [node-1] INFO: 步骤3: 根据委托权重选举代理节点
[2025-11-10 05:00:05] [node-1] INFO:   当选代理 #1: node-0 (得票: 0.00)
[2025-11-10 05:00:05] [node-1] INFO:   当选代理 #2: node-1 (得票: 0.00)
[2025-11-10 05:00:05] [node-1] INFO: 【投票阶段结束】
[2025-11-10 05:00:05] [node-1] INFO:   总投票: 5, 成功: 0, 代投: 0, 失败: 5
[2025-11-10 05:00:05] [node-1] INFO: 【处理投票结果 - 出块后】
[2025-11-10 05:00:05] [node-1] INFO: 情况B: 投票节点未当选，退回保证金=0.00
[2025-11-10 05:00:05] [node-1] INFO: 【代理节点表现】
[2025-11-10 05:00:05] [node-1] INFO:   综合评分: 0.504 → 0.504
[2025-11-10 05:00:05] [node-1] INFO:   出块效率 P: 0.500
[2025-11-10 05:00:05] [node-1] INFO:   验证效率 C: 0.500
[2025-11-10 05:00:05] [node-1] INFO:   在线评分 O: 0.515
[2025-11-10 05:00:05] [node-1] INFO:   有效/延迟/无效: 0/0/0
[2025-11-10 05:00:07] [node-1] INFO: --- 第 6 轮 ---
[2025-11-10 05:00:07] [node-1] INFO: 收到来自 node-0 的区块 #7
[2025-11-10 05:00:07] [node-1] INFO: 【收到出块状态】
[2025-11-10 05:00:07] [node-1] INFO:   生产者: node-0 | 轮次: 7 | 成功: true
[2025-11-10 05:00:07] [node-1] INFO:   ✅ 更新代理节点 node-0 的出块状态
[2025-11-10 05:00:08] [node-1] INFO: ========================================
[2025-11-10 05:00:08] [node-1] INFO: 第 7 轮 | 时隙 1 | 区块高度 6
[2025-11-10 05:00:08] [node-1] INFO: 当前出块者: node-1
[2025-11-10 05:00:08] [node-1] INFO: ========================================
[2025-11-10 05:00:08] [node-1] INFO: 【权重衰减】
[2025-11-10 05:00:08] [node-1] INFO:   旧权重: 131.07 → 新权重: 145.65 (变化: 14.58)
[2025-11-10 05:00:08] [node-1] INFO:   表现评分: 0.504 | 衰减率: 0.0991 | 半衰期: 7.0轮
[2025-11-10 05:00:08] [node-1] INFO: 【投票阶段开始】
[2025-11-10 05:00:08] [node-1] INFO: 步骤1: 锁定保证金 = 145.65
[2025-11-10 05:00:08] [node-1] INFO: 创建投票会话: 正常区段=41.59ms, 代投区段=50.00ms
[2025-11-10 05:00:08] [node-1] INFO: 步骤2: 投票阶段开始
[2025-11-10 05:00:08] [node-1] INFO:   本节点投票目标: node-0 (权重: 300.29, 表现: 0.701)
[2025-11-10 05:00:08] [node-1] INFO:   ✅ 正常投票 (耗时: 23.82 ms)
[2025-11-10 05:00:08] [node-1] INFO: 投票已发送: node-1 -> node-0
[2025-11-10 05:00:08] [node-1] INFO: 等待正常投票期结束: 41ms
[2025-11-10 05:00:08] [node-1] INFO: 【执行代投】
[2025-11-10 05:00:08] [node-1] INFO: 需要代投的节点数: 5
[2025-11-10 05:00:08] [node-1] INFO: 代投完成
[2025-11-10 05:00:08] [node-1] WARN: 投票失败节点数: 5
[2025-11-10 05:00:08] [node-1] INFO: 【分配热补偿】
[2025-11-10 05:00:08] [node-1] INFO: 无符合条件的节点，跳过热补偿
[2025-11-10 05:00:08] [node-1] INFO: 步骤3: 根据委托权重选举代理节点
[2025-11-10 05:00:08] [node-1] INFO:   当选代理 #1: node-0 (得票: 0.00)
[2025-11-10 05:00:08] [node-1] INFO:   当选代理 #2: node-1 (得票: 0.00)
[2025-11-10 05:00:08] [node-1] INFO: 【投票阶段结束】
[2025-11-10 05:00:08] [node-1] INFO:   总投票: 5, 成功: 0, 代投: 0, 失败: 5
[2025-11-10 05:00:08] [node-1] INFO: 【处理投票结果 - 出块后】
[2025-11-10 05:00:08] [node-1] INFO: 情况B: 投票节点未当选，退回保证金=0.00
[2025-11-10 05:00:08] [node-1] INFO: 【代理节点表现】
[2025-11-10 05:00:08] [node-1] INFO:   综合评分: 0.504 → 0.505
[2025-11-10 05:00:08] [node-1] INFO:   出块效率 P: 0.500
[2025-11-10 05:00:08] [node-1] INFO:   验证效率 C: 0.500
[2025-11-10 05:00:08] [node-1] INFO:   在线评分 O: 0.517
[2025-11-10 05:00:08] [node-1] INFO:   有效/延迟/无效: 0/0/0
[2025-11-10 05:00:10] [node-1] INFO: --- 第 7 轮 ---
[2025-11-10 05:00:10] [node-1] INFO: 收到来自 node-0 的区块 #8
[2025-11-10 05:00:10] [node-1] INFO: 【收到出块状态】
[2025-11-10 05:00:10] [node-1] INFO:   生产者: node-0 | 轮次: 8 | 成功: true
[2025-11-10 05:00:10] [node-1] INFO:   ✅ 更新代理节点 node-0 的出块状态
[2025-11-10 05:00:11] [node-1] INFO: ========================================
[2025-11-10 05:00:11] [node-1] INFO: 第 8 轮 | 时隙 1 | 区块高度 7
[2025-11-10 05:00:11] [node-1] INFO: 当前出块者: node-1
[2025-11-10 05:00:11] [node-1] INFO: ========================================
[2025-11-10 05:00:11] [node-1] INFO: 【权重衰减】
[2025-11-10 05:00:11] [node-1] INFO:   旧权重: 131.09 → 新权重: 145.66 (变化: 14.57)
[2025-11-10 05:00:11] [node-1] INFO:   表现评分: 0.505 | 衰减率: 0.0990 | 半衰期: 7.0轮
[2025-11-10 05:00:11] [node-1] INFO: 【投票阶段开始】
[2025-11-10 05:00:11] [node-1] INFO: 步骤1: 锁定保证金 = 145.66
[2025-11-10 05:00:11] [node-1] INFO: 创建投票会话: 正常区段=41.59ms, 代投区段=50.00ms
[2025-11-10 05:00:11] [node-1] INFO: 步骤2: 投票阶段开始
[2025-11-10 05:00:11] [node-1] INFO:   本节点投票目标: node-0 (权重: 300.29, 表现: 0.701)
[2025-11-10 05:00:11] [node-1] INFO:   ✅ 正常投票 (耗时: 24.48 ms)
[2025-11-10 05:00:11] [node-1] INFO: 投票已发送: node-1 -> node-0
[2025-11-10 05:00:11] [node-1] INFO: 等待正常投票期结束: 41ms
[2025-11-10 05:00:11] [node-1] INFO: 【执行代投】
[2025-11-10 05:00:11] [node-1] INFO: 需要代投的节点数: 5
[2025-11-10 05:00:11] [node-1] INFO: 代投完成
[2025-11-10 05:00:11] [node-1] WARN: 投票失败节点数: 5
[2025-11-10 05:00:11] [node-1] INFO: 【分配热补偿】
[2025-11-10 05:00:11] [node-1] INFO: 无符合条件的节点，跳过热补偿
[2025-11-10 05:00:11] [node-1] INFO: 步骤3: 根据委托权重选举代理节点
[2025-11-10 05:00:11] [node-1] INFO:   当选代理 #1: node-0 (得票: 0.00)
[2025-11-10 05:00:11] [node-1] INFO:   当选代理 #2: node-1 (得票: 0.00)
[2025-11-10 05:00:11] [node-1] INFO: 【投票阶段结束】
[2025-11-10 05:00:11] [node-1] INFO:   总投票: 5, 成功: 0, 代投: 0, 失败: 5
[2025-11-10 05:00:11] [node-1] INFO: 【处理投票结果 - 出块后】
[2025-11-10 05:00:11] [node-1] INFO: 情况B: 投票节点未当选，退回保证金=0.00
[2025-11-10 05:00:11] [node-1] INFO: 【代理节点表现】
[2025-11-10 05:00:11] [node-1] INFO:   综合评分: 0.505 → 0.506
[2025-11-10 05:00:11] [node-1] INFO:   出块效率 P: 0.500
[2025-11-10 05:00:11] [node-1] INFO:   验证效率 C: 0.500
[2025-11-10 05:00:11] [node-1] INFO:   在线评分 O: 0.520
[2025-11-10 05:00:11] [node-1] INFO:   有效/延迟/无效: 0/0/0
[Discovery] === 执行定期刷新 ===
[Discovery] 当前对等节点数: 4
[Discovery] 从 /peers 端点发现 3 个对等节点
[Discovery] 从 /peers 端点发现 3 个对等节点
[Discovery] 从 /peers 端点发现 3 个对等节点
[Discovery] 从 /peers 端点发现 3 个对等节点
[Discovery] 从 /peers 端点发现 3 个对等节点
[2025-11-10 05:00:13] [node-1] INFO: --- 第 8 轮 ---
[2025-11-10 05:00:13] [node-1] INFO: 收到来自 node-0 的区块 #9
[2025-11-10 05:00:13] [node-1] INFO: 【收到出块状态】
[2025-11-10 05:00:13] [node-1] INFO:   生产者: node-0 | 轮次: 9 | 成功: true
[2025-11-10 05:00:13] [node-1] INFO:   ✅ 更新代理节点 node-0 的出块状态
[2025-11-10 05:00:14] [node-1] INFO: ========================================
[2025-11-10 05:00:14] [node-1] INFO: 第 9 轮 | 时隙 1 | 区块高度 8
[2025-11-10 05:00:14] [node-1] INFO: 当前出块者: node-1
[2025-11-10 05:00:14] [node-1] INFO: ========================================
[2025-11-10 05:00:14] [node-1] INFO: 【权重衰减】
[2025-11-10 05:00:14] [node-1] INFO:   旧权重: 131.09 → 新权重: 145.67 (变化: 14.57)
[2025-11-10 05:00:14] [node-1] INFO:   表现评分: 0.506 | 衰减率: 0.0988 | 半衰期: 7.0轮
[2025-11-10 05:00:14] [node-1] INFO: 【投票阶段开始】
[2025-11-10 05:00:14] [node-1] INFO: 步骤1: 锁定保证金 = 145.67
[2025-11-10 05:00:14] [node-1] INFO: 创建投票会话: 正常区段=41.59ms, 代投区段=50.00ms
[2025-11-10 05:00:14] [node-1] INFO: 步骤2: 投票阶段开始
[2025-11-10 05:00:14] [node-1] INFO:   本节点投票目标: node-0 (权重: 300.29, 表现: 0.701)
[2025-11-10 05:00:14] [node-1] INFO:   ✅ 正常投票 (耗时: 34.48 ms)
[2025-11-10 05:00:14] [node-1] INFO: 投票已发送: node-1 -> node-0
[2025-11-10 05:00:14] [node-1] INFO: 等待正常投票期结束: 41ms
[2025-11-10 05:00:14] [node-1] INFO: 【执行代投】
[2025-11-10 05:00:14] [node-1] INFO: 需要代投的节点数: 5
[2025-11-10 05:00:14] [node-1] INFO: 代投完成
[2025-11-10 05:00:14] [node-1] WARN: 投票失败节点数: 5
[2025-11-10 05:00:14] [node-1] INFO: 【分配热补偿】
[2025-11-10 05:00:14] [node-1] INFO: 无符合条件的节点，跳过热补偿
[2025-11-10 05:00:14] [node-1] INFO: 步骤3: 根据委托权重选举代理节点
[2025-11-10 05:00:14] [node-1] INFO:   当选代理 #1: node-0 (得票: 0.00)
[2025-11-10 05:00:14] [node-1] INFO:   当选代理 #2: node-1 (得票: 0.00)
[2025-11-10 05:00:14] [node-1] INFO: 【投票阶段结束】
[2025-11-10 05:00:14] [node-1] INFO:   总投票: 5, 成功: 0, 代投: 0, 失败: 5
[2025-11-10 05:00:14] [node-1] INFO: 【处理投票结果 - 出块后】
[2025-11-10 05:00:14] [node-1] INFO: 情况B: 投票节点未当选，退回保证金=0.00
[2025-11-10 05:00:14] [node-1] INFO: 【代理节点表现】
[2025-11-10 05:00:14] [node-1] INFO:   综合评分: 0.506 → 0.507
[2025-11-10 05:00:14] [node-1] INFO:   出块效率 P: 0.500
[2025-11-10 05:00:14] [node-1] INFO:   验证效率 C: 0.500
[2025-11-10 05:00:14] [node-1] INFO:   在线评分 O: 0.522
[2025-11-10 05:00:14] [node-1] INFO:   有效/延迟/无效: 0/0/0
[2025-11-10 05:00:16] [node-1] INFO: --- 第 9 轮 ---
[2025-11-10 05:00:16] [node-1] INFO: 收到来自 node-0 的区块 #10
[2025-11-10 05:00:16] [node-1] INFO: 【收到出块状态】
[2025-11-10 05:00:16] [node-1] INFO:   生产者: node-0 | 轮次: 10 | 成功: true
[2025-11-10 05:00:16] [node-1] INFO:   ✅ 更新代理节点 node-0 的出块状态
[2025-11-10 05:00:16] [node-1] INFO: 【收到验证者奖励】
[2025-11-10 05:00:16] [node-1] INFO:   奖励金额: 0.00 | 轮次: 10
[2025-11-10 05:00:16] [node-1] INFO:   ✅ 应用验证者奖励: 0.00
[2025-11-10 05:00:17] [node-1] INFO: ========================================
[2025-11-10 05:00:17] [node-1] INFO: 第 10 轮 | 时隙 1 | 区块高度 9
[2025-11-10 05:00:17] [node-1] INFO: 当前出块者: node-1
[2025-11-10 05:00:17] [node-1] INFO: ========================================
[2025-11-10 05:00:17] [node-1] INFO: 【权重衰减】
[2025-11-10 05:00:17] [node-1] INFO:   旧权重: 131.10 → 新权重: 145.67 (变化: 14.57)
[2025-11-10 05:00:17] [node-1] INFO:   表现评分: 0.507 | 衰减率: 0.0987 | 半衰期: 7.0轮
[2025-11-10 05:00:17] [node-1] INFO: --- 重新选举代理节点 ---
[2025-11-10 05:00:17] [node-1] INFO: ========================================
[2025-11-10 05:00:17] [node-1] INFO: 【代理节点选举 - 连任检查】
[2025-11-10 05:00:17] [node-1] INFO: ========================================
[2025-11-10 05:00:17] [node-1] INFO: 连任检查: node-0
[2025-11-10 05:00:17] [node-1] INFO:   连任次数: 0
[2025-11-10 05:00:17] [node-1] INFO:   所需权重: 150.00
[2025-11-10 05:00:17] [node-1] INFO:   实际委托: 0.00
[2025-11-10 05:00:17] [node-1] INFO:   权重缺口: 150.00
[2025-11-10 05:00:17] [node-1] WARN:   ❌ 不满足连任条件,将被淘汰
[2025-11-10 05:00:17] [node-1] INFO: 连任检查: node-1
[2025-11-10 05:00:17] [node-1] INFO:   连任次数: 0
[2025-11-10 05:00:17] [node-1] INFO:   所需权重: 150.00
[2025-11-10 05:00:17] [node-1] INFO:   实际委托: 0.00
[2025-11-10 05:00:17] [node-1] INFO:   权重缺口: 150.00
[2025-11-10 05:00:17] [node-1] WARN:   ❌ 不满足连任条件,将被淘汰
[2025-11-10 05:00:17] [node-1] INFO: 选出 2 个代理节点:
[2025-11-10 05:00:17] [node-1] INFO:   #1: node-2 (权重: 131.09, 连任: 0次)
[2025-11-10 05:00:17] [node-1] INFO:   #2: node-4 (权重: 49.59, 连任: 0次)
[2025-11-10 05:00:17] [node-1] INFO: ========================================
[2025-11-10 05:00:17] [node-1] INFO: 选出 2 个代理节点:
[2025-11-10 05:00:17] [node-1] INFO:   #0: node-2 (权重: 131.09, 表现: 0.506)
[2025-11-10 05:00:17] [node-1] INFO:   #1: node-4 (权重: 49.59, 表现: 0.504)
[2025-11-10 05:00:17] [node-1] INFO: 【投票阶段开始】
[2025-11-10 05:00:17] [node-1] INFO: 步骤1: 锁定保证金 = 145.67
[2025-11-10 05:00:17] [node-1] INFO: 创建投票会话: 正常区段=41.59ms, 代投区段=50.00ms
[2025-11-10 05:00:17] [node-1] INFO: 步骤2: 投票阶段开始
[2025-11-10 05:00:17] [node-1] INFO:   本节点投票目标: node-2 (权重: 131.09, 表现: 0.506)
[2025-11-10 05:00:17] [node-1] INFO:   ✅ 正常投票 (耗时: 22.79 ms)
[2025-11-10 05:00:17] [node-1] INFO: 投票已发送: node-1 -> node-2
[2025-11-10 05:00:17] [node-1] INFO: 等待正常投票期结束: 41ms
[2025-11-10 05:00:17] [node-1] WARN: 投票失败节点数: 5
[2025-11-10 05:00:17] [node-1] INFO: 步骤3: 根据委托权重选举代理节点
[2025-11-10 05:00:17] [node-1] INFO:   当选代理 #1: node-2 (得票: 0.00)
[2025-11-10 05:00:17] [node-1] INFO:   当选代理 #2: node-4 (得票: 0.00)
[2025-11-10 05:00:17] [node-1] INFO: 【投票阶段结束】
[2025-11-10 05:00:17] [node-1] INFO:   总投票: 5, 成功: 0, 代投: 0, 失败: 5
[2025-11-10 05:00:17] [node-1] INFO: 【处理投票结果 - 出块后】
[2025-11-10 05:00:17] [node-1] INFO: 情况B: 投票节点未当选，退回保证金=0.00
[2025-11-10 05:00:17] [node-1] INFO: 【投票节点表现】
[2025-11-10 05:00:17] [node-1] INFO:   综合评分: 0.507 → 0.618
[2025-11-10 05:00:17] [node-1] INFO:   投票速率 V: 0.737
[2025-11-10 05:00:17] [node-1] INFO:   投票行为 B: 0.572
[2025-11-10 05:00:17] [node-1] INFO:   成功/失败: 9/10
[2025-11-10 05:00:19] [node-1] INFO: --- 第 10 轮 ---
[2025-11-10 05:00:19] [node-1] INFO: 收到来自 node-0 的区块 #11
[2025-11-10 05:00:19] [node-1] INFO: 【收到出块状态】
[2025-11-10 05:00:19] [node-1] INFO:   生产者: node-0 | 轮次: 11 | 成功: true
[2025-11-10 05:00:19] [node-1] INFO: 【收到验证者奖励】
[2025-11-10 05:00:19] [node-1] INFO:   奖励金额: 0.00 | 轮次: 11
[2025-11-10 05:00:19] [node-1] INFO:   ✅ 应用验证者奖励: 0.00
[2025-11-10 05:00:20] [node-1] INFO: ========================================
[2025-11-10 05:00:20] [node-1] INFO: 第 11 轮 | 时隙 1 | 区块高度 10
[2025-11-10 05:00:20] [node-1] INFO: 当前出块者: node-4
[2025-11-10 05:00:20] [node-1] INFO: ========================================
[2025-11-10 05:00:20] [node-1] INFO: 【权重衰减】
[2025-11-10 05:00:20] [node-1] INFO:   旧权重: 131.10 → 新权重: 146.61 (变化: 15.51)
[2025-11-10 05:00:20] [node-1] INFO:   表现评分: 0.618 | 衰减率: 0.0764 | 半衰期: 9.1轮
[2025-11-10 05:00:20] [node-1] INFO: 【投票阶段开始】
[2025-11-10 05:00:20] [node-1] INFO: 步骤1: 锁定保证金 = 146.61
[2025-11-10 05:00:20] [node-1] INFO: 创建投票会话: 正常区段=41.59ms, 代投区段=50.00ms
[2025-11-10 05:00:20] [node-1] INFO: 步骤2: 投票阶段开始
[2025-11-10 05:00:20] [node-1] INFO:   本节点投票目标: node-2 (权重: 117.98, 表现: 0.506)
[2025-11-10 05:00:20] [node-1] INFO:   ✅ 正常投票 (耗时: 24.61 ms)
[2025-11-10 05:00:20] [node-1] INFO: 投票已发送: node-1 -> node-2
[2025-11-10 05:00:20] [node-1] INFO: 等待正常投票期结束: 41ms
[2025-11-10 05:00:20] [node-1] INFO: 【收到投票】
[2025-11-10 05:00:20] [node-1] INFO:   投票者: node-2 | 目标: node-1 | 权重: 145.67 | 耗时: 30.94ms
[2025-11-10 05:00:20] [node-1] INFO:   ✅ 累计委托权重: 145.67
[2025-11-10 05:00:20] [node-1] WARN: 投票失败节点数: 4
[2025-11-10 05:00:20] [node-1] INFO: 步骤3: 根据委托权重选举代理节点
[2025-11-10 05:00:20] [node-1] INFO:   当选代理 #1: node-2 (得票: 0.00)
[2025-11-10 05:00:20] [node-1] INFO:   当选代理 #2: node-4 (得票: 0.00)
[2025-11-10 05:00:20] [node-1] INFO: 【投票阶段结束】
[2025-11-10 05:00:20] [node-1] INFO:   总投票: 5, 成功: 1, 代投: 0, 失败: 4
[2025-11-10 05:00:20] [node-1] INFO: 收到来自 node-2 的区块 #12
[2025-11-10 05:00:20] [node-1] INFO: 【收到出块状态】
[2025-11-10 05:00:20] [node-1] INFO:   生产者: node-2 | 轮次: 10 | 成功: true
[2025-11-10 05:00:20] [node-1] INFO:   ✅ 更新代理节点 node-2 的出块状态
[2025-11-10 05:00:20] [node-1] INFO: 【收到验证者奖励】
[2025-11-10 05:00:20] [node-1] INFO:   奖励金额: 0.00 | 轮次: 10
[2025-11-10 05:00:20] [node-1] INFO:   ✅ 应用验证者奖励: 0.00
[2025-11-10 05:00:20] [node-1] INFO: 【处理投票结果 - 出块后】
[2025-11-10 05:00:20] [node-1] INFO: 情况B: 投票节点未当选，退回保证金=0.00
[2025-11-10 05:00:20] [node-1] INFO: 【投票节点表现】
[2025-11-10 05:00:20] [node-1] INFO:   综合评分: 0.618 → 0.619
[2025-11-10 05:00:20] [node-1] INFO:   投票速率 V: 0.738
[2025-11-10 05:00:20] [node-1] INFO:   投票行为 B: 0.574
[2025-11-10 05:00:20] [node-1] INFO:   成功/失败: 10/11
[2025-11-10 05:00:22] [node-1] INFO: 已完成 10/100 轮
[2025-11-10 05:00:22] [node-1] INFO: 当前状态:
[2025-11-10 05:00:22] [node-1] INFO:   权重: 131.95 (半衰期: 9.1)
[2025-11-10 05:00:22] [node-1] INFO:   表现: 0.619
[2025-11-10 05:00:22] [node-1] INFO:   投票: 成功=10, 失败=11
[2025-11-10 05:00:22] [node-1] INFO:   奖励: 0.00, 补偿: 0.00
[2025-11-10 05:00:22] [node-1] INFO: --- 第 11 轮 ---
[2025-11-10 05:00:22] [node-1] INFO: 收到来自 node-0 的区块 #13
[2025-11-10 05:00:22] [node-1] INFO: 【收到验证者奖励】
[2025-11-10 05:00:22] [node-1] INFO:   奖励金额: 0.00 | 轮次: 12
[2025-11-10 05:00:22] [node-1] INFO:   ✅ 应用验证者奖励: 0.00
[2025-11-10 05:00:22] [node-1] INFO: 【收到出块状态】
[2025-11-10 05:00:22] [node-1] INFO:   生产者: node-0 | 轮次: 12 | 成功: true
[2025-11-10 05:00:23] [node-1] INFO: ========================================
[2025-11-10 05:00:23] [node-1] INFO: 第 12 轮 | 时隙 1 | 区块高度 11
[2025-11-10 05:00:23] [node-1] INFO: 当前出块者: node-4
[2025-11-10 05:00:23] [node-1] INFO: ========================================
[2025-11-10 05:00:23] [node-1] INFO: 【权重衰减】
[2025-11-10 05:00:23] [node-1] INFO:   旧权重: 131.95 → 新权重: 150.17 (变化: 18.22)
[2025-11-10 05:00:23] [node-1] INFO:   表现评分: 0.619 | 衰减率: 0.0762 | 半衰期: 9.1轮
[2025-11-10 05:00:23] [node-1] INFO: 【投票阶段开始】
[2025-11-10 05:00:23] [node-1] INFO: 步骤1: 锁定保证金 = 150.17
[2025-11-10 05:00:23] [node-1] INFO: 创建投票会话: 正常区段=41.59ms, 代投区段=50.00ms
[2025-11-10 05:00:23] [node-1] INFO: 步骤2: 投票阶段开始
[2025-11-10 05:00:23] [node-1] INFO:   本节点投票目标: node-2 (权重: 117.98, 表现: 0.506)
[2025-11-10 05:00:23] [node-1] INFO:   ✅ 正常投票 (耗时: 21.59 ms)
[2025-11-10 05:00:23] [node-1] INFO: 投票已发送: node-1 -> node-2
[2025-11-10 05:00:23] [node-1] INFO: 等待正常投票期结束: 41ms
[2025-11-10 05:00:23] [node-1] WARN: 投票失败节点数: 5
[2025-11-10 05:00:23] [node-1] INFO: 步骤3: 根据委托权重选举代理节点
[2025-11-10 05:00:23] [node-1] INFO:   当选代理 #1: node-2 (得票: 0.00)
[2025-11-10 05:00:23] [node-1] INFO:   当选代理 #2: node-4 (得票: 0.00)
[2025-11-10 05:00:23] [node-1] INFO: 【投票阶段结束】
[2025-11-10 05:00:23] [node-1] INFO:   总投票: 5, 成功: 0, 代投: 0, 失败: 5
[2025-11-10 05:00:23] [node-1] INFO: 【处理投票结果 - 出块后】
[2025-11-10 05:00:23] [node-1] INFO: 情况B: 投票节点未当选，退回保证金=0.00
[2025-11-10 05:00:23] [node-1] INFO: 【投票节点表现】
[2025-11-10 05:00:23] [node-1] INFO:   综合评分: 0.619 → 0.621
[2025-11-10 05:00:23] [node-1] INFO:   投票速率 V: 0.742
[2025-11-10 05:00:23] [node-1] INFO:   投票行为 B: 0.576
[2025-11-10 05:00:23] [node-1] INFO:   成功/失败: 11/12
[2025-11-10 05:00:25] [node-1] INFO: --- 第 12 轮 ---
[2025-11-10 05:00:25] [node-1] INFO: 收到来自 node-0 的区块 #14
[2025-11-10 05:00:25] [node-1] INFO: 【收到出块状态】
[2025-11-10 05:00:25] [node-1] INFO:   生产者: node-0 | 轮次: 13 | 成功: true
[2025-11-10 05:00:25] [node-1] INFO: 【收到验证者奖励】
[2025-11-10 05:00:25] [node-1] INFO:   奖励金额: 0.00 | 轮次: 13
[2025-11-10 05:00:25] [node-1] INFO:   ✅ 应用验证者奖励: 0.00
[2025-11-10 05:00:26] [node-1] INFO: ========================================
[2025-11-10 05:00:26] [node-1] INFO: 第 13 轮 | 时隙 1 | 区块高度 12
[2025-11-10 05:00:26] [node-1] INFO: 当前出块者: node-4
[2025-11-10 05:00:26] [node-1] INFO: ========================================
[2025-11-10 05:00:26] [node-1] INFO: 【权重衰减】
[2025-11-10 05:00:26] [node-1] INFO:   旧权重: 135.16 → 新权重: 147.30 (变化: 12.14)
[2025-11-10 05:00:26] [node-1] INFO:   表现评分: 0.621 | 衰减率: 0.0758 | 半衰期: 9.1轮
[2025-11-10 05:00:26] [node-1] INFO: 【投票阶段开始】
[2025-11-10 05:00:26] [node-1] INFO: 步骤1: 锁定保证金 = 147.30
[2025-11-10 05:00:26] [node-1] INFO: 创建投票会话: 正常区段=41.59ms, 代投区段=50.00ms
[2025-11-10 05:00:26] [node-1] INFO: 步骤2: 投票阶段开始
[2025-11-10 05:00:26] [node-1] INFO:   本节点投票目标: node-2 (权重: 117.98, 表现: 0.506)
[2025-11-10 05:00:26] [node-1] INFO:   ✅ 正常投票 (耗时: 27.56 ms)
[2025-11-10 05:00:26] [node-1] INFO: 投票已发送: node-1 -> node-2
[2025-11-10 05:00:26] [node-1] INFO: 等待正常投票期结束: 41ms
[2025-11-10 05:00:26] [node-1] WARN: 投票失败节点数: 5
[2025-11-10 05:00:26] [node-1] INFO: 步骤3: 根据委托权重选举代理节点
[2025-11-10 05:00:26] [node-1] INFO:   当选代理 #1: node-2 (得票: 0.00)
[2025-11-10 05:00:26] [node-1] INFO:   当选代理 #2: node-4 (得票: 0.00)
[2025-11-10 05:00:26] [node-1] INFO: 【投票阶段结束】
[2025-11-10 05:00:26] [node-1] INFO:   总投票: 5, 成功: 0, 代投: 0, 失败: 5
[2025-11-10 05:00:26] [node-1] INFO: 【处理投票结果 - 出块后】
[2025-11-10 05:00:26] [node-1] INFO: 情况B: 投票节点未当选，退回保证金=0.00
[2025-11-10 05:00:26] [node-1] INFO: 【投票节点表现】
[2025-11-10 05:00:26] [node-1] INFO:   综合评分: 0.621 → 0.621
[2025-11-10 05:00:26] [node-1] INFO:   投票速率 V: 0.741
[2025-11-10 05:00:26] [node-1] INFO:   投票行为 B: 0.577
[2025-11-10 05:00:26] [node-1] INFO:   成功/失败: 12/13
[2025-11-10 05:00:28] [node-1] INFO: --- 第 13 轮 ---
[2025-11-10 05:00:28] [node-1] INFO: 收到来自 node-0 的区块 #15
[2025-11-10 05:00:28] [node-1] INFO: 【收到出块状态】
[2025-11-10 05:00:28] [node-1] INFO:   生产者: node-0 | 轮次: 14 | 成功: true
[2025-11-10 05:00:28] [node-1] INFO: 【收到验证者奖励】
[2025-11-10 05:00:28] [node-1] INFO:   奖励金额: 0.00 | 轮次: 14
[2025-11-10 05:00:28] [node-1] INFO:   ✅ 应用验证者奖励: 0.00
[2025-11-10 05:00:29] [node-1] INFO: ========================================
[2025-11-10 05:00:29] [node-1] INFO: 第 14 轮 | 时隙 1 | 区块高度 13
[2025-11-10 05:00:29] [node-1] INFO: 当前出块者: node-4
[2025-11-10 05:00:29] [node-1] INFO: ========================================
[2025-11-10 05:00:29] [node-1] INFO: 【权重衰减】
[2025-11-10 05:00:29] [node-1] INFO:   旧权重: 132.57 → 新权重: 147.10 (变化: 14.53)
[2025-11-10 05:00:29] [node-1] INFO:   表现评分: 0.621 | 衰减率: 0.0758 | 半衰期: 9.1轮
[2025-11-10 05:00:29] [node-1] INFO: 【投票阶段开始】
[2025-11-10 05:00:29] [node-1] INFO: 步骤1: 锁定保证金 = 147.10
[2025-11-10 05:00:29] [node-1] INFO: 创建投票会话: 正常区段=41.59ms, 代投区段=50.00ms
[2025-11-10 05:00:29] [node-1] INFO: 步骤2: 投票阶段开始
[2025-11-10 05:00:29] [node-1] INFO:   本节点投票目标: node-2 (权重: 117.98, 表现: 0.506)
[2025-11-10 05:00:29] [node-1] INFO:   ✅ 正常投票 (耗时: 33.48 ms)
[2025-11-10 05:00:29] [node-1] INFO: 投票已发送: node-1 -> node-2
[2025-11-10 05:00:29] [node-1] INFO: 等待正常投票期结束: 41ms
[2025-11-10 05:00:29] [node-1] WARN: 投票失败节点数: 5
[2025-11-10 05:00:29] [node-1] INFO: 步骤3: 根据委托权重选举代理节点
[2025-11-10 05:00:29] [node-1] INFO:   当选代理 #1: node-2 (得票: 0.00)
[2025-11-10 05:00:29] [node-1] INFO:   当选代理 #2: node-4 (得票: 0.00)
[2025-11-10 05:00:29] [node-1] INFO: 【投票阶段结束】
[2025-11-10 05:00:29] [node-1] INFO:   总投票: 5, 成功: 0, 代投: 0, 失败: 5
[2025-11-10 05:00:29] [node-1] INFO: 【处理投票结果 - 出块后】
[2025-11-10 05:00:29] [node-1] INFO: 情况B: 投票节点未当选，退回保证金=0.00
[2025-11-10 05:00:29] [node-1] INFO: 【投票节点表现】
[2025-11-10 05:00:29] [node-1] INFO:   综合评分: 0.621 → 0.619
[2025-11-10 05:00:29] [node-1] INFO:   投票速率 V: 0.735
[2025-11-10 05:00:29] [node-1] INFO:   投票行为 B: 0.578
[2025-11-10 05:00:29] [node-1] INFO:   成功/失败: 13/14
[2025-11-10 05:00:31] [node-1] INFO: --- 第 14 轮 ---
[2025-11-10 05:00:31] [node-1] INFO: 收到来自 node-0 的区块 #16
[2025-11-10 05:00:31] [node-1] INFO: 【收到出块状态】
[2025-11-10 05:00:31] [node-1] INFO:   生产者: node-0 | 轮次: 15 | 成功: true
[2025-11-10 05:00:31] [node-1] INFO: 【收到验证者奖励】
[2025-11-10 05:00:31] [node-1] INFO:   奖励金额: 0.00 | 轮次: 15
[2025-11-10 05:00:31] [node-1] INFO:   ✅ 应用验证者奖励: 0.00
[2025-11-10 05:00:32] [node-1] INFO: ========================================
[2025-11-10 05:00:32] [node-1] INFO: 第 15 轮 | 时隙 1 | 区块高度 14
[2025-11-10 05:00:32] [node-1] INFO: 当前出块者: node-4
[2025-11-10 05:00:32] [node-1] INFO: ========================================
[2025-11-10 05:00:32] [node-1] INFO: 【权重衰减】
[2025-11-10 05:00:32] [node-1] INFO:   旧权重: 132.39 → 新权重: 147.04 (变化: 14.65)
[2025-11-10 05:00:32] [node-1] INFO:   表现评分: 0.619 | 衰减率: 0.0762 | 半衰期: 9.1轮
[2025-11-10 05:00:32] [node-1] INFO: 【投票阶段开始】
[2025-11-10 05:00:32] [node-1] INFO: 步骤1: 锁定保证金 = 147.04
[2025-11-10 05:00:32] [node-1] INFO: 创建投票会话: 正常区段=41.59ms, 代投区段=50.00ms
[2025-11-10 05:00:32] [node-1] INFO: 步骤2: 投票阶段开始
[2025-11-10 05:00:32] [node-1] INFO:   本节点投票目标: node-2 (权重: 117.98, 表现: 0.506)
[2025-11-10 05:00:32] [node-1] INFO:   ✅ 正常投票 (耗时: 26.16 ms)
[2025-11-10 05:00:32] [node-1] INFO: 投票已发送: node-1 -> node-2
[2025-11-10 05:00:32] [node-1] INFO: 等待正常投票期结束: 41ms
[2025-11-10 05:00:32] [node-1] WARN: 投票失败节点数: 5
[2025-11-10 05:00:32] [node-1] INFO: 步骤3: 根据委托权重选举代理节点
[2025-11-10 05:00:32] [node-1] INFO:   当选代理 #1: node-2 (得票: 0.00)
[2025-11-10 05:00:32] [node-1] INFO:   当选代理 #2: node-4 (得票: 0.00)
[2025-11-10 05:00:32] [node-1] INFO: 【投票阶段结束】
[2025-11-10 05:00:32] [node-1] INFO:   总投票: 5, 成功: 0, 代投: 0, 失败: 5
[2025-11-10 05:00:32] [node-1] INFO: 【处理投票结果 - 出块后】
[2025-11-10 05:00:32] [node-1] INFO: 情况B: 投票节点未当选，退回保证金=0.00
[2025-11-10 05:00:32] [node-1] INFO: 【投票节点表现】
[2025-11-10 05:00:32] [node-1] INFO:   综合评分: 0.619 → 0.619
[2025-11-10 05:00:32] [node-1] INFO:   投票速率 V: 0.735
[2025-11-10 05:00:32] [node-1] INFO:   投票行为 B: 0.579
[2025-11-10 05:00:32] [node-1] INFO:   成功/失败: 14/15
[2025-11-10 05:00:34] [node-1] INFO: --- 第 15 轮 ---
[2025-11-10 05:00:34] [node-1] INFO: 收到来自 node-0 的区块 #17
[2025-11-10 05:00:34] [node-1] INFO: 【收到验证者奖励】
[2025-11-10 05:00:34] [node-1] INFO:   奖励金额: 0.00 | 轮次: 16
[2025-11-10 05:00:34] [node-1] INFO:   ✅ 应用验证者奖励: 0.00
[2025-11-10 05:00:34] [node-1] INFO: 【收到出块状态】
[2025-11-10 05:00:34] [node-1] INFO:   生产者: node-0 | 轮次: 16 | 成功: true
[2025-11-10 05:00:35] [node-1] INFO: ========================================
[2025-11-10 05:00:35] [node-1] INFO: 第 16 轮 | 时隙 1 | 区块高度 15
[2025-11-10 05:00:35] [node-1] INFO: 当前出块者: node-4
[2025-11-10 05:00:35] [node-1] INFO: ========================================
[2025-11-10 05:00:35] [node-1] INFO: 【权重衰减】
[2025-11-10 05:00:35] [node-1] INFO:   旧权重: 132.33 → 新权重: 147.04 (变化: 14.70)
[2025-11-10 05:00:35] [node-1] INFO:   表现评分: 0.619 | 衰减率: 0.0761 | 半衰期: 9.1轮
[2025-11-10 05:00:35] [node-1] INFO: 【投票阶段开始】
[2025-11-10 05:00:35] [node-1] INFO: 步骤1: 锁定保证金 = 147.04
[2025-11-10 05:00:35] [node-1] INFO: 创建投票会话: 正常区段=41.59ms, 代投区段=50.00ms
[2025-11-10 05:00:35] [node-1] INFO: 步骤2: 投票阶段开始
[2025-11-10 05:00:35] [node-1] INFO:   本节点投票目标: node-2 (权重: 117.98, 表现: 0.506)
[2025-11-10 05:00:35] [node-1] INFO:   ✅ 正常投票 (耗时: 26.53 ms)
[2025-11-10 05:00:35] [node-1] INFO: 投票已发送: node-1 -> node-2
[2025-11-10 05:00:35] [node-1] INFO: 等待正常投票期结束: 41ms
[2025-11-10 05:00:35] [node-1] WARN: 投票失败节点数: 5
[2025-11-10 05:00:35] [node-1] INFO: 步骤3: 根据委托权重选举代理节点
[2025-11-10 05:00:35] [node-1] INFO:   当选代理 #1: node-2 (得票: 0.00)
[2025-11-10 05:00:35] [node-1] INFO:   当选代理 #2: node-4 (得票: 0.00)
[2025-11-10 05:00:35] [node-1] INFO: 【投票阶段结束】
[2025-11-10 05:00:35] [node-1] INFO:   总投票: 5, 成功: 0, 代投: 0, 失败: 5
[2025-11-10 05:00:35] [node-1] INFO: 【处理投票结果 - 出块后】
[2025-11-10 05:00:35] [node-1] INFO: 情况B: 投票节点未当选，退回保证金=0.00
[2025-11-10 05:00:35] [node-1] INFO: 【投票节点表现】
[2025-11-10 05:00:35] [node-1] INFO:   综合评分: 0.619 → 0.620
[2025-11-10 05:00:35] [node-1] INFO:   投票速率 V: 0.735
[2025-11-10 05:00:35] [node-1] INFO:   投票行为 B: 0.579
[2025-11-10 05:00:35] [node-1] INFO:   成功/失败: 15/16
[2025-11-10 05:00:37] [node-1] INFO: --- 第 16 轮 ---
[2025-11-10 05:00:37] [node-1] INFO: 收到来自 node-0 的区块 #18
[2025-11-10 05:00:37] [node-1] INFO: 【收到验证者奖励】
[2025-11-10 05:00:37] [node-1] INFO:   奖励金额: 0.00 | 轮次: 17
[2025-11-10 05:00:37] [node-1] INFO:   ✅ 应用验证者奖励: 0.00
[2025-11-10 05:00:37] [node-1] INFO: 【收到出块状态】
[2025-11-10 05:00:37] [node-1] INFO:   生产者: node-0 | 轮次: 17 | 成功: true
[2025-11-10 05:00:38] [node-1] INFO: ========================================
[2025-11-10 05:00:38] [node-1] INFO: 第 17 轮 | 时隙 1 | 区块高度 16
[2025-11-10 05:00:38] [node-1] INFO: 当前出块者: node-4
[2025-11-10 05:00:38] [node-1] INFO: ========================================
[2025-11-10 05:00:38] [node-1] INFO: 【权重衰减】
[2025-11-10 05:00:38] [node-1] INFO:   旧权重: 132.33 → 新权重: 147.04 (变化: 14.71)
[2025-11-10 05:00:38] [node-1] INFO:   表现评分: 0.620 | 衰减率: 0.0761 | 半衰期: 9.1轮
[2025-11-10 05:00:38] [node-1] INFO: 【投票阶段开始】
[2025-11-10 05:00:38] [node-1] INFO: 步骤1: 锁定保证金 = 147.04
[2025-11-10 05:00:38] [node-1] INFO: 创建投票会话: 正常区段=41.59ms, 代投区段=50.00ms
[2025-11-10 05:00:38] [node-1] INFO: 步骤2: 投票阶段开始
[2025-11-10 05:00:38] [node-1] INFO:   本节点投票目标: node-2 (权重: 117.98, 表现: 0.506)
[2025-11-10 05:00:38] [node-1] INFO:   ✅ 正常投票 (耗时: 29.73 ms)
[2025-11-10 05:00:38] [node-1] INFO: 投票已发送: node-1 -> node-2
[2025-11-10 05:00:38] [node-1] INFO: 等待正常投票期结束: 41ms
[2025-11-10 05:00:38] [node-1] WARN: 投票失败节点数: 5
[2025-11-10 05:00:38] [node-1] INFO: 步骤3: 根据委托权重选举代理节点
[2025-11-10 05:00:38] [node-1] INFO:   当选代理 #1: node-2 (得票: 0.00)
[2025-11-10 05:00:38] [node-1] INFO:   当选代理 #2: node-4 (得票: 0.00)
[2025-11-10 05:00:38] [node-1] INFO: 【投票阶段结束】
[2025-11-10 05:00:38] [node-1] INFO:   总投票: 5, 成功: 0, 代投: 0, 失败: 5
[2025-11-10 05:00:38] [node-1] INFO: 收到来自 node-2 的区块 #19
[2025-11-10 05:00:38] [node-1] INFO: 【收到出块状态】
[2025-11-10 05:00:38] [node-1] INFO:   生产者: node-2 | 轮次: 16 | 成功: true
[2025-11-10 05:00:38] [node-1] INFO:   ✅ 更新代理节点 node-2 的出块状态
[2025-11-10 05:00:38] [node-1] INFO: 【收到验证者奖励】
[2025-11-10 05:00:38] [node-1] INFO:   奖励金额: 0.00 | 轮次: 16
[2025-11-10 05:00:38] [node-1] INFO:   ✅ 应用验证者奖励: 0.00
[2025-11-10 05:00:38] [node-1] INFO: 【处理投票结果 - 出块后】
[2025-11-10 05:00:38] [node-1] INFO: 情况B: 投票节点未当选，退回保证金=0.00
[2025-11-10 05:00:38] [node-1] INFO: 【投票节点表现】
[2025-11-10 05:00:38] [node-1] INFO:   综合评分: 0.620 → 0.619
[2025-11-10 05:00:38] [node-1] INFO:   投票速率 V: 0.733
[2025-11-10 05:00:38] [node-1] INFO:   投票行为 B: 0.580
[2025-11-10 05:00:38] [node-1] INFO:   成功/失败: 16/17
[2025-11-10 05:00:40] [node-1] INFO: --- 第 17 轮 ---
[2025-11-10 05:00:40] [node-1] INFO: 收到来自 node-0 的区块 #20
[2025-11-10 05:00:40] [node-1] INFO: 【收到出块状态】
[2025-11-10 05:00:40] [node-1] INFO:   生产者: node-0 | 轮次: 18 | 成功: true
[2025-11-10 05:00:40] [node-1] INFO: 【收到验证者奖励】
[2025-11-10 05:00:40] [node-1] INFO:   奖励金额: 0.00 | 轮次: 18
[2025-11-10 05:00:40] [node-1] INFO:   ✅ 应用验证者奖励: 0.00
[2025-11-10 05:00:41] [node-1] INFO: ========================================
[2025-11-10 05:00:41] [node-1] INFO: 第 18 轮 | 时隙 1 | 区块高度 17
[2025-11-10 05:00:41] [node-1] INFO: 当前出块者: node-4
[2025-11-10 05:00:41] [node-1] INFO: ========================================
[2025-11-10 05:00:41] [node-1] INFO: 【权重衰减】
[2025-11-10 05:00:41] [node-1] INFO:   旧权重: 132.33 → 新权重: 150.65 (变化: 18.32)
[2025-11-10 05:00:41] [node-1] INFO:   表现评分: 0.619 | 衰减率: 0.0762 | 半衰期: 9.1轮
[2025-11-10 05:00:41] [node-1] INFO: 【投票阶段开始】
[2025-11-10 05:00:41] [node-1] INFO: 步骤1: 锁定保证金 = 150.65
[2025-11-10 05:00:41] [node-1] INFO: 创建投票会话: 正常区段=41.59ms, 代投区段=50.00ms
[2025-11-10 05:00:41] [node-1] INFO: 步骤2: 投票阶段开始
[2025-11-10 05:00:41] [node-1] INFO:   本节点投票目标: node-2 (权重: 117.98, 表现: 0.506)
[2025-11-10 05:00:41] [node-1] INFO:   ✅ 正常投票 (耗时: 39.81 ms)
[2025-11-10 05:00:41] [node-1] INFO: 投票已发送: node-1 -> node-2
[2025-11-10 05:00:41] [node-1] INFO: 等待正常投票期结束: 41ms
[2025-11-10 05:00:41] [node-1] WARN: 投票失败节点数: 5
[2025-11-10 05:00:41] [node-1] INFO: 步骤3: 根据委托权重选举代理节点
[2025-11-10 05:00:41] [node-1] INFO:   当选代理 #1: node-2 (得票: 0.00)
[2025-11-10 05:00:41] [node-1] INFO:   当选代理 #2: node-4 (得票: 0.00)
[2025-11-10 05:00:41] [node-1] INFO: 【投票阶段结束】
[2025-11-10 05:00:41] [node-1] INFO:   总投票: 5, 成功: 0, 代投: 0, 失败: 5
[2025-11-10 05:00:41] [node-1] INFO: 收到来自 node-2 的区块 #21
[2025-11-10 05:00:41] [node-1] INFO: 【收到出块状态】
[2025-11-10 05:00:41] [node-1] INFO:   生产者: node-2 | 轮次: 17 | 成功: true
[2025-11-10 05:00:41] [node-1] INFO:   ✅ 更新代理节点 node-2 的出块状态
[2025-11-10 05:00:41] [node-1] INFO: 【收到验证者奖励】
[2025-11-10 05:00:41] [node-1] INFO:   奖励金额: 0.00 | 轮次: 17
[2025-11-10 05:00:41] [node-1] INFO:   ✅ 应用验证者奖励: 0.00
[2025-11-10 05:00:41] [node-1] INFO: 【处理投票结果 - 出块后】
[2025-11-10 05:00:41] [node-1] INFO: 情况B: 投票节点未当选，退回保证金=0.00
[2025-11-10 05:00:41] [node-1] INFO: 【投票节点表现】
[2025-11-10 05:00:41] [node-1] INFO:   综合评分: 0.619 → 0.616
[2025-11-10 05:00:41] [node-1] INFO:   投票速率 V: 0.726
[2025-11-10 05:00:41] [node-1] INFO:   投票行为 B: 0.581
[2025-11-10 05:00:41] [node-1] INFO:   成功/失败: 17/18
[Discovery] === 执行定期刷新 ===
[Discovery] 当前对等节点数: 4
[Discovery] 从 /peers 端点发现 3 个对等节点
[Discovery] 从 /peers 端点发现 3 个对等节点
[Discovery] 从 /peers 端点发现 3 个对等节点
[Discovery] 从 /peers 端点发现 3 个对等节点
[Discovery] 从 /peers 端点发现 3 个对等节点
