[2025-11-10 05:46:38] [node-4] INFO: ========================================
[2025-11-10 05:46:38] [node-4] INFO: 启动 NM-DPoS 节点
[2025-11-10 05:46:38] [node-4] INFO: 节点ID: node-4
[2025-11-10 05:46:38] [node-4] INFO: 监听地址: localhost:8004
[2025-11-10 05:46:38] [node-4] INFO: ========================================
[2025-11-10 05:46:38] [node-4] INFO: 种子节点: [localhost:8000]
[2025-11-10 05:46:38] [node-4] INFO: 启动节点 node-4，监听地址: localhost:8004
[2025-11-10 05:46:39] [node-4] INFO: HTTP服务器已就绪
[Discovery] 启动节点发现服务...
[Discovery] 本地地址: localhost:8004
[Discovery] 种子节点: [localhost:8000]
[Discovery] 节点发现服务已启动
[Discovery] 开始连接 1 个种子节点...
[Discovery] === 连接尝试 1/20 ===
[Discovery] 连接种子节点: localhost:8000
[Discovery] 从心跳响应中发现 3 个对等节点
[Discovery]  心跳成功，已注册到种子节点
[Discovery] 从 /peers 端点发现 3 个对等节点
[Discovery]  成功获取对等列表
[Discovery]  已连接 1/1 个种子节点
[2025-11-10 05:46:40] [node-4] INFO: 【收到投票】
[2025-11-10 05:46:40] [node-4] INFO:   投票者: node-0 | 目标: node-0 | 权重: 141.29 | 耗时: 10.38ms
[2025-11-10 05:46:41] [node-4] INFO: 收到来自 node-0 的区块 #2
[2025-11-10 05:46:41] [node-4] INFO: 【收到出块状态】
[2025-11-10 05:46:41] [node-4] INFO:   生产者: node-0 | 轮次: 2 | 成功: false
[2025-11-10 05:46:43] [node-4] INFO: 【收到投票】
[2025-11-10 05:46:43] [node-4] INFO:   投票者: node-0 | 目标: node-0 | 权重: 148.68 | 耗时: 22.89ms
[2025-11-10 05:46:44] [node-4] INFO: 收到来自 node-0 的区块 #4
[2025-11-10 05:46:44] [node-4] WARN: 添加区块失败: 区块高度不连续: 期望 3, 实际 4
[2025-11-10 05:46:44] [node-4] INFO: 【收到出块状态】
[2025-11-10 05:46:44] [node-4] INFO:   生产者: node-0 | 轮次: 3 | 成功: false
[2025-11-10 05:46:44] [node-4] INFO: 节点 node-4 启动完成，已连接 4 个对等节点
[2025-11-10 05:46:44] [node-4] INFO: 节点启动成功
[2025-11-10 05:46:44] [node-4] INFO: ========================================
[2025-11-10 05:46:44] [node-4] INFO: 启动测试模式
[2025-11-10 05:46:44] [node-4] INFO: 测试持续时间: 100 轮
[2025-11-10 05:46:44] [node-4] INFO: 结果输出目录: ./test_results
[2025-11-10 05:46:44] [node-4] INFO: ========================================
[2025-11-10 05:46:46] [node-4] INFO: 【收到投票】
[2025-11-10 05:46:46] [node-4] INFO:   投票者: node-0 | 目标: node-0 | 权重: 148.87 | 耗时: 17.80ms
[2025-11-10 05:46:47] [node-4] INFO: 收到来自 node-0 的区块 #6
[2025-11-10 05:46:47] [node-4] WARN: 添加区块失败: 区块高度不连续: 期望 3, 实际 6
[2025-11-10 05:46:47] [node-4] INFO: 【收到出块状态】
[2025-11-10 05:46:47] [node-4] INFO:   生产者: node-0 | 轮次: 4 | 成功: false
[2025-11-10 05:46:47] [node-4] INFO: ========================================
[2025-11-10 05:46:47] [node-4] INFO: 第 1 轮 | 初始化阶段
[2025-11-10 05:46:47] [node-4] INFO: ========================================
[2025-11-10 05:46:47] [node-4] INFO: --- 执行首次代理节点选举 ---
[2025-11-10 05:46:47] [node-4] INFO: ========================================
[2025-11-10 05:46:47] [node-4] INFO: 【代理节点选举 - 权重排序】
[2025-11-10 05:46:47] [node-4] INFO: ========================================
[2025-11-10 05:46:47] [node-4] INFO: 选出 2 个代理节点:
[2025-11-10 05:46:47] [node-4] INFO:   #1: node-0 (权重: 133.98, 表现: 0.703)
[2025-11-10 05:46:47] [node-4] INFO:   #2: node-4 (权重: 50.00, 表现: 0.700)
[2025-11-10 05:46:47] [node-4] INFO: ========================================
[2025-11-10 05:46:47] [node-4] INFO: 选出 2 个代理节点:
[2025-11-10 05:46:47] [node-4] INFO:   #1: node-0 (权重: 133.98, 表现: 0.703)
[2025-11-10 05:46:47] [node-4] INFO:   #2: node-4 (权重: 50.00, 表现: 0.700)
[2025-11-10 05:46:47] [node-4] INFO: ========================================
[2025-11-10 05:46:47] [node-4] INFO: 第 1 轮 | 时隙 0 | 区块高度 0
[2025-11-10 05:46:47] [node-4] INFO: 当前节点: node-0
[2025-11-10 05:46:47] [node-4] INFO: ========================================
[2025-11-10 05:46:47] [node-4] INFO: 【权重衰减】
[2025-11-10 05:46:47] [node-4] INFO:   旧权重: 50.00 → 新权重: 47.09 (变化: -2.91)
[2025-11-10 05:46:47] [node-4] INFO:   表现评分: 0.700 | 衰减率: 0.0600 | 半衰期: 11.5轮
[2025-11-10 05:46:47] [node-4] INFO: 【投票阶段开始】
[2025-11-10 05:46:47] [node-4] INFO: 步骤1: 锁定保证金 = 47.09
[2025-11-10 05:46:47] [node-4] INFO: 创建投票会话: 正常区段=51.99ms, 代投区段=50.00ms
[2025-11-10 05:46:47] [node-4] INFO: 步骤2: 投票阶段开始
[2025-11-10 05:46:47] [node-4] INFO:   本节点投票目标: node-0 (权重: 133.98, 表现: 0.703)
[2025-11-10 05:46:47] [node-4] INFO:   ✅ 正常投票 (耗时: 39.52 ms)
[2025-11-10 05:46:47] [node-4] INFO: 投票已发送: node-4 -> node-0
[2025-11-10 05:46:47] [node-4] INFO: 等待正常投票期结束: 51ms
[2025-11-10 05:46:47] [node-4] INFO: 【执行代投】
[2025-11-10 05:46:47] [node-4] INFO: 需要代投的节点数: 2
[2025-11-10 05:46:47] [node-4] INFO: 代投完成
[2025-11-10 05:46:47] [node-4] WARN: 投票失败节点数: 2
[2025-11-10 05:46:47] [node-4] INFO: 【分配热补偿】
[2025-11-10 05:46:47] [node-4] INFO: 无符合条件的节点，跳过热补偿
[2025-11-10 05:46:47] [node-4] INFO: 步骤3: 根据委托权重选举代理节点
[2025-11-10 05:46:47] [node-4] INFO:   当选代理 #1: node-0 (得票: 0.00)
[2025-11-10 05:46:47] [node-4] INFO:   当选代理 #2: node-4 (得票: 0.00)
[2025-11-10 05:46:47] [node-4] INFO: 【投票阶段结束】
[2025-11-10 05:46:47] [node-4] INFO:   总投票: 2, 成功: 0, 代投: 0, 失败: 2
[2025-11-10 05:46:48] [node-4] INFO: 【处理投票结果 - 出块后】
[2025-11-10 05:46:48] [node-4] INFO: 情况B: 投票节点未当选，退回保证金=0.00
[2025-11-10 05:46:48] [node-4] INFO: 【代理节点表现】
[2025-11-10 05:46:48] [node-4] INFO:   综合评分: 0.700 → 0.501
[2025-11-10 05:46:48] [node-4] INFO:   出块效率 P: 0.500
[2025-11-10 05:46:48] [node-4] INFO:   验证效率 C: 0.500
[2025-11-10 05:46:48] [node-4] INFO:   在线评分 O: 0.502
[2025-11-10 05:46:48] [node-4] INFO:   有效/延迟/无效: 0/0/0
[2025-11-10 05:46:49] [node-4] INFO: ========================================
[2025-11-10 05:46:49] [node-4] INFO: 开始网络测试
[2025-11-10 05:46:49] [node-4] INFO: 测试轮数: 100
[2025-11-10 05:46:49] [node-4] INFO: ========================================
[2025-11-10 05:46:49] [node-4] INFO: --- 第 1 轮 ---
[2025-11-10 05:46:49] [node-4] INFO: 【收到投票】
[2025-11-10 05:46:49] [node-4] INFO:   投票者: node-0 | 目标: node-0 | 权重: 147.60 | 耗时: 10.78ms
[2025-11-10 05:46:50] [node-4] INFO: 收到来自 node-0 的区块 #7
[2025-11-10 05:46:50] [node-4] WARN: 添加区块失败: 区块高度不连续: 期望 3, 实际 7
[2025-11-10 05:46:50] [node-4] INFO: 【收到出块状态】
[2025-11-10 05:46:50] [node-4] INFO:   生产者: node-0 | 轮次: 5 | 成功: false
[2025-11-10 05:46:50] [node-4] INFO:   ✅ 更新代理节点 node-0 的出块状态
[2025-11-10 05:46:50] [node-4] INFO: 【收到投票】
[2025-11-10 05:46:50] [node-4] INFO:   投票者: node-1 | 目标: node-1 | 权重: 147.58 | 耗时: 38.09ms
[2025-11-10 05:46:50] [node-4] INFO: 【收到投票】
[2025-11-10 05:46:50] [node-4] INFO:   投票者: node-2 | 目标: node-2 | 权重: 147.57 | 耗时: 33.97ms
[2025-11-10 05:46:50] [node-4] INFO: 【收到投票】
[2025-11-10 05:46:50] [node-4] INFO:   投票者: node-3 | 目标: node-3 | 权重: 55.51 | 耗时: 21.26ms
[2025-11-10 05:46:50] [node-4] INFO: ========================================
[2025-11-10 05:46:50] [node-4] INFO: 第 2 轮 | 时隙 1 | 区块高度 1
[2025-11-10 05:46:50] [node-4] INFO: 当前节点: node-4
[2025-11-10 05:46:50] [node-4] INFO: ========================================
[2025-11-10 05:46:50] [node-4] INFO: 【权重衰减】
[2025-11-10 05:46:50] [node-4] INFO:   旧权重: 42.38 → 新权重: 45.25 (变化: 2.87)
[2025-11-10 05:46:50] [node-4] INFO:   表现评分: 0.501 | 衰减率: 0.0999 | 半衰期: 6.9轮
[2025-11-10 05:46:50] [node-4] INFO: 【投票阶段开始】
[2025-11-10 05:46:50] [node-4] INFO: 步骤1: 锁定保证金 = 45.25
[2025-11-10 05:46:50] [node-4] INFO: 创建投票会话: 正常区段=51.99ms, 代投区段=50.00ms
[2025-11-10 05:46:50] [node-4] INFO: 步骤2: 投票阶段开始
[2025-11-10 05:46:50] [node-4] INFO:   本节点投票目标: node-4 (权重: 45.25, 表现: 0.501)
[2025-11-10 05:46:50] [node-4] INFO:   ✅ 正常投票 (耗时: 44.26 ms)
[2025-11-10 05:46:50] [node-4] INFO: 投票已发送: node-4 -> node-4
[2025-11-10 05:46:50] [node-4] INFO: 等待正常投票期结束: 51ms
[2025-11-10 05:46:50] [node-4] INFO: 收到来自 node-1 的区块 #6
[2025-11-10 05:46:50] [node-4] WARN: 添加区块失败: 区块高度不连续: 期望 3, 实际 6
[2025-11-10 05:46:50] [node-4] INFO: 【收到出块状态】
[2025-11-10 05:46:50] [node-4] INFO:   生产者: node-1 | 轮次: 5 | 成功: false
[2025-11-10 05:46:50] [node-4] INFO: 【执行代投】
[2025-11-10 05:46:50] [node-4] INFO: 需要代投的节点数: 2
[2025-11-10 05:46:50] [node-4] INFO: 代投完成
[2025-11-10 05:46:50] [node-4] WARN: 投票失败节点数: 2
[2025-11-10 05:46:50] [node-4] INFO: 【分配热补偿】
[2025-11-10 05:46:50] [node-4] INFO: 无符合条件的节点，跳过热补偿
[2025-11-10 05:46:50] [node-4] INFO: 步骤3: 根据委托权重选举代理节点
[2025-11-10 05:46:50] [node-4] INFO:   当选代理 #1: node-0 (得票: 0.00)
[2025-11-10 05:46:50] [node-4] INFO:   当选代理 #2: node-4 (得票: 0.00)
[2025-11-10 05:46:50] [node-4] INFO: 【投票阶段结束】
[2025-11-10 05:46:50] [node-4] INFO:   总投票: 2, 成功: 0, 代投: 0, 失败: 2
[2025-11-10 05:46:51] [node-4] INFO: 【处理投票结果 - 出块后】
[2025-11-10 05:46:51] [node-4] INFO: 情况B: 投票节点未当选，退回保证金=0.00
[2025-11-10 05:46:51] [node-4] INFO: 【代理节点表现】
[2025-11-10 05:46:51] [node-4] INFO:   综合评分: 0.501 → 0.501
[2025-11-10 05:46:51] [node-4] INFO:   出块效率 P: 0.500
[2025-11-10 05:46:51] [node-4] INFO:   验证效率 C: 0.500
[2025-11-10 05:46:51] [node-4] INFO:   在线评分 O: 0.505
[2025-11-10 05:46:51] [node-4] INFO:   有效/延迟/无效: 0/0/0
[2025-11-10 05:46:52] [node-4] INFO: --- 第 2 轮 ---
[2025-11-10 05:46:52] [node-4] INFO: 【收到投票】
[2025-11-10 05:46:52] [node-4] INFO:   投票者: node-0 | 目标: node-0 | 权重: 147.71 | 耗时: 18.59ms
[2025-11-10 05:46:53] [node-4] INFO: 收到来自 node-0 的区块 #8
[2025-11-10 05:46:53] [node-4] WARN: 添加区块失败: 区块高度不连续: 期望 3, 实际 8
[2025-11-10 05:46:53] [node-4] INFO: 【收到出块状态】
[2025-11-10 05:46:53] [node-4] INFO:   生产者: node-0 | 轮次: 6 | 成功: false
[2025-11-10 05:46:53] [node-4] INFO:   ✅ 更新代理节点 node-0 的出块状态
[2025-11-10 05:46:53] [node-4] INFO: 【收到投票】
[2025-11-10 05:46:53] [node-4] INFO:   投票者: node-1 | 目标: node-1 | 权重: 147.71 | 耗时: 30.29ms
[2025-11-10 05:46:53] [node-4] INFO: 【收到投票】
[2025-11-10 05:46:53] [node-4] INFO:   投票者: node-2 | 目标: node-0 | 权重: 147.70 | 耗时: 40.89ms
[2025-11-10 05:46:53] [node-4] INFO: 【收到投票】
[2025-11-10 05:46:53] [node-4] INFO:   投票者: node-3 | 目标: node-0 | 权重: 55.70 | 耗时: 18.83ms
[2025-11-10 05:46:53] [node-4] INFO: ========================================
[2025-11-10 05:46:53] [node-4] INFO: 第 3 轮 | 时隙 1 | 区块高度 2
[2025-11-10 05:46:53] [node-4] INFO: 当前节点: node-4
[2025-11-10 05:46:53] [node-4] INFO: ========================================
[2025-11-10 05:46:53] [node-4] INFO: 【权重衰减】
[2025-11-10 05:46:53] [node-4] INFO:   旧权重: 40.72 → 新权重: 55.71 (变化: 14.98)
[2025-11-10 05:46:53] [node-4] INFO:   表现评分: 0.501 | 衰减率: 0.0997 | 半衰期: 7.0轮
[2025-11-10 05:46:53] [node-4] INFO: 【投票阶段开始】
[2025-11-10 05:46:53] [node-4] INFO: 步骤1: 锁定保证金 = 55.71
[2025-11-10 05:46:53] [node-4] INFO: 创建投票会话: 正常区段=41.59ms, 代投区段=50.00ms
[2025-11-10 05:46:53] [node-4] INFO: 步骤2: 投票阶段开始
[2025-11-10 05:46:53] [node-4] INFO:   本节点投票目标: node-0 (权重: 120.59, 表现: 0.703)
[2025-11-10 05:46:53] [node-4] INFO:   ✅ 正常投票 (耗时: 25.71 ms)
[2025-11-10 05:46:53] [node-4] INFO: 投票已发送: node-4 -> node-0
[2025-11-10 05:46:53] [node-4] INFO: 等待正常投票期结束: 41ms
[2025-11-10 05:46:53] [node-4] INFO: 收到来自 node-1 的区块 #7
[2025-11-10 05:46:53] [node-4] WARN: 添加区块失败: 区块高度不连续: 期望 3, 实际 7
[2025-11-10 05:46:53] [node-4] INFO: 【收到出块状态】
[2025-11-10 05:46:53] [node-4] INFO:   生产者: node-1 | 轮次: 6 | 成功: false
[2025-11-10 05:46:53] [node-4] INFO: 【执行代投】
[2025-11-10 05:46:53] [node-4] INFO: 需要代投的节点数: 5
[2025-11-10 05:46:53] [node-4] INFO: 代投完成
[2025-11-10 05:46:53] [node-4] WARN: 投票失败节点数: 5
[2025-11-10 05:46:53] [node-4] INFO: 【分配热补偿】
[2025-11-10 05:46:53] [node-4] INFO: 无符合条件的节点，跳过热补偿
[2025-11-10 05:46:53] [node-4] INFO: 步骤3: 根据委托权重选举代理节点
[2025-11-10 05:46:53] [node-4] INFO:   当选代理 #1: node-0 (得票: 0.00)
[2025-11-10 05:46:53] [node-4] INFO:   当选代理 #2: node-4 (得票: 0.00)
[2025-11-10 05:46:53] [node-4] INFO: 【投票阶段结束】
[2025-11-10 05:46:53] [node-4] INFO:   总投票: 5, 成功: 0, 代投: 0, 失败: 5
[2025-11-10 05:46:54] [node-4] INFO: 【处理投票结果 - 出块后】
[2025-11-10 05:46:54] [node-4] INFO: 情况B: 投票节点未当选，退回保证金=0.00
[2025-11-10 05:46:54] [node-4] INFO: 【代理节点表现】
[2025-11-10 05:46:54] [node-4] INFO:   综合评分: 0.501 → 0.502
[2025-11-10 05:46:54] [node-4] INFO:   出块效率 P: 0.500
[2025-11-10 05:46:54] [node-4] INFO:   验证效率 C: 0.500
[2025-11-10 05:46:54] [node-4] INFO:   在线评分 O: 0.507
[2025-11-10 05:46:54] [node-4] INFO:   有效/延迟/无效: 0/0/0
[2025-11-10 05:46:55] [node-4] INFO: --- 第 3 轮 ---
[2025-11-10 05:46:55] [node-4] INFO: 【收到投票】
[2025-11-10 05:46:55] [node-4] INFO:   投票者: node-0 | 目标: node-0 | 权重: 147.83 | 耗时: 29.37ms
[2025-11-10 05:46:56] [node-4] INFO: 收到来自 node-0 的区块 #9
[2025-11-10 05:46:56] [node-4] WARN: 添加区块失败: 区块高度不连续: 期望 3, 实际 9
[2025-11-10 05:46:56] [node-4] INFO: 【收到出块状态】
[2025-11-10 05:46:56] [node-4] INFO:   生产者: node-0 | 轮次: 7 | 成功: false
[2025-11-10 05:46:56] [node-4] INFO:   ✅ 更新代理节点 node-0 的出块状态
[2025-11-10 05:46:56] [node-4] INFO: 【收到投票】
[2025-11-10 05:46:56] [node-4] INFO:   投票者: node-1 | 目标: node-1 | 权重: 147.83 | 耗时: 30.77ms
[2025-11-10 05:46:56] [node-4] INFO: 【收到投票】
[2025-11-10 05:46:56] [node-4] INFO:   投票者: node-3 | 目标: node-3 | 权重: 55.88 | 耗时: 31.64ms
[2025-11-10 05:46:56] [node-4] INFO: ========================================
[2025-11-10 05:46:56] [node-4] INFO: 第 4 轮 | 时隙 1 | 区块高度 3
[2025-11-10 05:46:56] [node-4] INFO: 当前节点: node-4
[2025-11-10 05:46:56] [node-4] INFO: ========================================
[2025-11-10 05:46:56] [node-4] INFO: 【权重衰减】
[2025-11-10 05:46:56] [node-4] INFO:   旧权重: 50.14 → 新权重: 55.89 (变化: 5.75)
[2025-11-10 05:46:56] [node-4] INFO:   表现评分: 0.502 | 衰减率: 0.0996 | 半衰期: 7.0轮
[2025-11-10 05:46:56] [node-4] INFO: 【投票阶段开始】
[2025-11-10 05:46:56] [node-4] INFO: 步骤1: 锁定保证金 = 55.89
[2025-11-10 05:46:56] [node-4] INFO: 创建投票会话: 正常区段=41.59ms, 代投区段=50.00ms
[2025-11-10 05:46:56] [node-4] INFO: 步骤2: 投票阶段开始
[2025-11-10 05:46:56] [node-4] INFO:   本节点投票目标: node-4 (权重: 55.89, 表现: 0.502)
[2025-11-10 05:46:56] [node-4] INFO:   ⚠️  超时,需要代投 (耗时: 43.19 ms)
[2025-11-10 05:46:56] [node-4] INFO: 等待正常投票期结束: 41ms
[2025-11-10 05:46:56] [node-4] INFO: 收到来自 node-1 的区块 #8
[2025-11-10 05:46:56] [node-4] WARN: 添加区块失败: 区块高度不连续: 期望 3, 实际 8
[2025-11-10 05:46:56] [node-4] INFO: 【收到出块状态】
[2025-11-10 05:46:56] [node-4] INFO:   生产者: node-1 | 轮次: 7 | 成功: false
[2025-11-10 05:46:56] [node-4] INFO: 【执行代投】
[2025-11-10 05:46:56] [node-4] INFO: 需要代投的节点数: 5
[2025-11-10 05:46:56] [node-4] INFO: 代投完成
[2025-11-10 05:46:56] [node-4] WARN: 投票失败节点数: 5
[2025-11-10 05:46:56] [node-4] INFO: 【分配热补偿】
[2025-11-10 05:46:56] [node-4] INFO: 无符合条件的节点，跳过热补偿
[2025-11-10 05:46:56] [node-4] INFO: 步骤3: 根据委托权重选举代理节点
[2025-11-10 05:46:56] [node-4] INFO:   当选代理 #1: node-0 (得票: 0.00)
[2025-11-10 05:46:56] [node-4] INFO:   当选代理 #2: node-4 (得票: 0.00)
[2025-11-10 05:46:56] [node-4] INFO: 【投票阶段结束】
[2025-11-10 05:46:56] [node-4] INFO:   总投票: 5, 成功: 0, 代投: 0, 失败: 5
[2025-11-10 05:46:57] [node-4] INFO: 【处理投票结果 - 出块后】
[2025-11-10 05:46:57] [node-4] INFO: 情况B: 投票节点未当选，退回保证金=0.00
[2025-11-10 05:46:57] [node-4] INFO: 【代理节点表现】
[2025-11-10 05:46:57] [node-4] INFO:   综合评分: 0.502 → 0.503
[2025-11-10 05:46:57] [node-4] INFO:   出块效率 P: 0.500
[2025-11-10 05:46:57] [node-4] INFO:   验证效率 C: 0.500
[2025-11-10 05:46:57] [node-4] INFO:   在线评分 O: 0.510
[2025-11-10 05:46:57] [node-4] INFO:   有效/延迟/无效: 0/0/0
[2025-11-10 05:46:58] [node-4] INFO: --- 第 4 轮 ---
[2025-11-10 05:46:58] [node-4] INFO: 【收到投票】
[2025-11-10 05:46:58] [node-4] INFO:   投票者: node-0 | 目标: node-0 | 权重: 147.73 | 耗时: 28.96ms
[2025-11-10 05:46:59] [node-4] INFO: 收到来自 node-0 的区块 #10
[2025-11-10 05:46:59] [node-4] WARN: 添加区块失败: 区块高度不连续: 期望 3, 实际 10
[2025-11-10 05:46:59] [node-4] INFO: 【收到出块状态】
[2025-11-10 05:46:59] [node-4] INFO:   生产者: node-0 | 轮次: 8 | 成功: false
[2025-11-10 05:46:59] [node-4] INFO:   ✅ 更新代理节点 node-0 的出块状态
[2025-11-10 05:46:59] [node-4] INFO: 【收到投票】
[2025-11-10 05:46:59] [node-4] INFO:   投票者: node-1 | 目标: node-1 | 权重: 147.73 | 耗时: 31.75ms
[2025-11-10 05:46:59] [node-4] INFO: 【收到投票】
[2025-11-10 05:46:59] [node-4] INFO:   投票者: node-2 | 目标: node-0 | 权重: 147.73 | 耗时: 40.00ms
[2025-11-10 05:46:59] [node-4] INFO: 【收到投票】
[2025-11-10 05:46:59] [node-4] INFO:   投票者: node-3 | 目标: node-0 | 权重: 55.70 | 耗时: 25.54ms
[2025-11-10 05:46:59] [node-4] INFO: ========================================
[2025-11-10 05:46:59] [node-4] INFO: 第 5 轮 | 时隙 1 | 区块高度 4
[2025-11-10 05:46:59] [node-4] INFO: 当前节点: node-4
[2025-11-10 05:46:59] [node-4] INFO: ========================================
[2025-11-10 05:46:59] [node-4] INFO: 【权重衰减】
[2025-11-10 05:46:59] [node-4] INFO:   旧权重: 50.30 → 新权重: 55.71 (变化: 5.41)
[2025-11-10 05:46:59] [node-4] INFO:   表现评分: 0.503 | 衰减率: 0.0994 | 半衰期: 7.0轮
[2025-11-10 05:46:59] [node-4] INFO: 【投票阶段开始】
[2025-11-10 05:46:59] [node-4] INFO: 步骤1: 锁定保证金 = 55.71
[2025-11-10 05:46:59] [node-4] INFO: 创建投票会话: 正常区段=41.59ms, 代投区段=50.00ms
[2025-11-10 05:46:59] [node-4] INFO: 步骤2: 投票阶段开始
[2025-11-10 05:46:59] [node-4] INFO:   本节点投票目标: node-4 (权重: 55.71, 表现: 0.503)
[2025-11-10 05:46:59] [node-4] INFO:   ✅ 正常投票 (耗时: 31.48 ms)
[2025-11-10 05:46:59] [node-4] INFO: 投票已发送: node-4 -> node-4
[2025-11-10 05:46:59] [node-4] INFO: 等待正常投票期结束: 41ms
[2025-11-10 05:46:59] [node-4] INFO: 收到来自 node-1 的区块 #9
[2025-11-10 05:46:59] [node-4] WARN: 添加区块失败: 区块高度不连续: 期望 3, 实际 9
[2025-11-10 05:46:59] [node-4] INFO: 【收到出块状态】
[2025-11-10 05:46:59] [node-4] INFO:   生产者: node-1 | 轮次: 8 | 成功: false
[2025-11-10 05:46:59] [node-4] INFO: 【执行代投】
[2025-11-10 05:46:59] [node-4] INFO: 需要代投的节点数: 5
[2025-11-10 05:46:59] [node-4] INFO: 代投完成
[2025-11-10 05:46:59] [node-4] INFO: 收到来自 node-2 的区块 #11
[2025-11-10 05:46:59] [node-4] WARN: 添加区块失败: 区块高度不连续: 期望 3, 实际 11
[2025-11-10 05:46:59] [node-4] INFO: 【收到出块状态】
[2025-11-10 05:46:59] [node-4] INFO:   生产者: node-2 | 轮次: 7 | 成功: false
[2025-11-10 05:46:59] [node-4] INFO: 收到来自 node-3 的区块 #3
[2025-11-10 05:46:59] [node-4] INFO: 【收到出块状态】
[2025-11-10 05:46:59] [node-4] INFO:   生产者: node-3 | 轮次: 6 | 成功: false
[2025-11-10 05:46:59] [node-4] WARN: 投票失败节点数: 5
[2025-11-10 05:46:59] [node-4] INFO: 【分配热补偿】
[2025-11-10 05:46:59] [node-4] INFO: 无符合条件的节点，跳过热补偿
[2025-11-10 05:46:59] [node-4] INFO: 步骤3: 根据委托权重选举代理节点
[2025-11-10 05:46:59] [node-4] INFO:   当选代理 #1: node-0 (得票: 0.00)
[2025-11-10 05:46:59] [node-4] INFO:   当选代理 #2: node-4 (得票: 0.00)
[2025-11-10 05:46:59] [node-4] INFO: 【投票阶段结束】
[2025-11-10 05:46:59] [node-4] INFO:   总投票: 5, 成功: 0, 代投: 0, 失败: 5
[2025-11-10 05:47:00] [node-4] INFO: 【处理投票结果 - 出块后】
[2025-11-10 05:47:00] [node-4] INFO: 情况B: 投票节点未当选，退回保证金=0.00
[2025-11-10 05:47:00] [node-4] INFO: 【代理节点表现】
[2025-11-10 05:47:00] [node-4] INFO:   综合评分: 0.503 → 0.504
[2025-11-10 05:47:00] [node-4] INFO:   出块效率 P: 0.500
[2025-11-10 05:47:00] [node-4] INFO:   验证效率 C: 0.500
[2025-11-10 05:47:00] [node-4] INFO:   在线评分 O: 0.512
[2025-11-10 05:47:00] [node-4] INFO:   有效/延迟/无效: 0/0/0
[2025-11-10 05:47:01] [node-4] INFO: --- 第 5 轮 ---
[2025-11-10 05:47:01] [node-4] INFO: 【收到投票】
[2025-11-10 05:47:01] [node-4] INFO:   投票者: node-0 | 目标: node-0 | 权重: 147.84 | 耗时: 11.89ms
[2025-11-10 05:47:02] [node-4] INFO: 收到来自 node-0 的区块 #12
[2025-11-10 05:47:02] [node-4] WARN: 添加区块失败: 区块高度不连续: 期望 4, 实际 12
[2025-11-10 05:47:02] [node-4] INFO: 【收到出块状态】
[2025-11-10 05:47:02] [node-4] INFO:   生产者: node-0 | 轮次: 9 | 成功: false
[2025-11-10 05:47:02] [node-4] INFO:   ✅ 更新代理节点 node-0 的出块状态
[2025-11-10 05:47:02] [node-4] INFO: 【收到投票】
[2025-11-10 05:47:02] [node-4] INFO:   投票者: node-1 | 目标: node-1 | 权重: 147.84 | 耗时: 39.95ms
[2025-11-10 05:47:02] [node-4] INFO: 【收到投票】
[2025-11-10 05:47:02] [node-4] INFO:   投票者: node-3 | 目标: node-0 | 权重: 53.57 | 耗时: 24.74ms
[2025-11-10 05:47:02] [node-4] INFO: ========================================
[2025-11-10 05:47:02] [node-4] INFO: 第 6 轮 | 时隙 1 | 区块高度 5
[2025-11-10 05:47:02] [node-4] INFO: 当前节点: node-4
[2025-11-10 05:47:02] [node-4] INFO: ========================================
[2025-11-10 05:47:02] [node-4] INFO: 【权重衰减】
[2025-11-10 05:47:02] [node-4] INFO:   旧权重: 50.14 → 新权重: 55.87 (变化: 5.73)
[2025-11-10 05:47:02] [node-4] INFO:   表现评分: 0.504 | 衰减率: 0.0993 | 半衰期: 7.0轮
[2025-11-10 05:47:02] [node-4] INFO: 【投票阶段开始】
[2025-11-10 05:47:02] [node-4] INFO: 步骤1: 锁定保证金 = 55.87
[2025-11-10 05:47:02] [node-4] INFO: 创建投票会话: 正常区段=41.59ms, 代投区段=50.00ms
[2025-11-10 05:47:02] [node-4] INFO: 步骤2: 投票阶段开始
[2025-11-10 05:47:02] [node-4] INFO:   本节点投票目标: node-0 (权重: 120.59, 表现: 0.703)
[2025-11-10 05:47:02] [node-4] INFO:   ✅ 正常投票 (耗时: 30.22 ms)
[2025-11-10 05:47:02] [node-4] INFO: 投票已发送: node-4 -> node-0
[2025-11-10 05:47:02] [node-4] INFO: 等待正常投票期结束: 41ms
[2025-11-10 05:47:02] [node-4] INFO: 收到来自 node-1 的区块 #10
[2025-11-10 05:47:02] [node-4] WARN: 添加区块失败: 区块高度不连续: 期望 4, 实际 10
[2025-11-10 05:47:02] [node-4] INFO: 【收到出块状态】
[2025-11-10 05:47:02] [node-4] INFO:   生产者: node-1 | 轮次: 9 | 成功: false
[2025-11-10 05:47:02] [node-4] INFO: 【执行代投】
[2025-11-10 05:47:02] [node-4] INFO: 需要代投的节点数: 5
[2025-11-10 05:47:02] [node-4] INFO: 代投完成
[2025-11-10 05:47:02] [node-4] INFO: 收到来自 node-2 的区块 #13
[2025-11-10 05:47:02] [node-4] WARN: 添加区块失败: 区块高度不连续: 期望 4, 实际 13
[2025-11-10 05:47:02] [node-4] INFO: 【收到出块状态】
[2025-11-10 05:47:02] [node-4] INFO:   生产者: node-2 | 轮次: 8 | 成功: false
[2025-11-10 05:47:02] [node-4] WARN: 投票失败节点数: 5
[2025-11-10 05:47:02] [node-4] INFO: 【分配热补偿】
[2025-11-10 05:47:02] [node-4] INFO: 无符合条件的节点，跳过热补偿
[2025-11-10 05:47:02] [node-4] INFO: 步骤3: 根据委托权重选举代理节点
[2025-11-10 05:47:02] [node-4] INFO:   当选代理 #1: node-0 (得票: 0.00)
[2025-11-10 05:47:02] [node-4] INFO:   当选代理 #2: node-4 (得票: 0.00)
[2025-11-10 05:47:02] [node-4] INFO: 【投票阶段结束】
[2025-11-10 05:47:02] [node-4] INFO:   总投票: 5, 成功: 0, 代投: 0, 失败: 5
[2025-11-10 05:47:03] [node-4] INFO: 【处理投票结果 - 出块后】
[2025-11-10 05:47:03] [node-4] INFO: 情况B: 投票节点未当选，退回保证金=0.00
[2025-11-10 05:47:03] [node-4] INFO: 【代理节点表现】
[2025-11-10 05:47:03] [node-4] INFO:   综合评分: 0.504 → 0.504
[2025-11-10 05:47:03] [node-4] INFO:   出块效率 P: 0.500
[2025-11-10 05:47:03] [node-4] INFO:   验证效率 C: 0.500
[2025-11-10 05:47:03] [node-4] INFO:   在线评分 O: 0.515
[2025-11-10 05:47:03] [node-4] INFO:   有效/延迟/无效: 0/0/0
[2025-11-10 05:47:04] [node-4] INFO: --- 第 6 轮 ---
[2025-11-10 05:47:04] [node-4] INFO: 【收到投票】
[2025-11-10 05:47:04] [node-4] INFO:   投票者: node-0 | 目标: node-2 | 权重: 147.81 | 耗时: 28.41ms
[2025-11-10 05:47:05] [node-4] INFO: 【收到投票】
[2025-11-10 05:47:05] [node-4] INFO:   投票者: node-1 | 目标: node-0 | 权重: 147.81 | 耗时: 30.29ms
[2025-11-10 05:47:05] [node-4] INFO: 【收到投票】
[2025-11-10 05:47:05] [node-4] INFO:   投票者: node-3 | 目标: node-0 | 权重: 53.52 | 耗时: 20.80ms
[2025-11-10 05:47:05] [node-4] INFO: ========================================
[2025-11-10 05:47:05] [node-4] INFO: 第 7 轮 | 时隙 1 | 区块高度 6
[2025-11-10 05:47:05] [node-4] INFO: 当前节点: node-4
[2025-11-10 05:47:05] [node-4] INFO: ========================================
[2025-11-10 05:47:05] [node-4] INFO: 【权重衰减】
[2025-11-10 05:47:05] [node-4] INFO:   旧权重: 50.29 → 新权重: 55.80 (变化: 5.51)
[2025-11-10 05:47:05] [node-4] INFO:   表现评分: 0.504 | 衰减率: 0.0991 | 半衰期: 7.0轮
[2025-11-10 05:47:05] [node-4] INFO: 【投票阶段开始】
[2025-11-10 05:47:05] [node-4] INFO: 步骤1: 锁定保证金 = 55.80
[2025-11-10 05:47:05] [node-4] INFO: 创建投票会话: 正常区段=41.59ms, 代投区段=50.00ms
[2025-11-10 05:47:05] [node-4] INFO: 步骤2: 投票阶段开始
[2025-11-10 05:47:05] [node-4] INFO:   本节点投票目标: node-0 (权重: 120.59, 表现: 0.703)
[2025-11-10 05:47:05] [node-4] INFO:   ✅ 正常投票 (耗时: 31.49 ms)
[2025-11-10 05:47:05] [node-4] INFO: 投票已发送: node-4 -> node-0
[2025-11-10 05:47:05] [node-4] INFO: 等待正常投票期结束: 41ms
[2025-11-10 05:47:05] [node-4] INFO: 【执行代投】
[2025-11-10 05:47:05] [node-4] INFO: 需要代投的节点数: 5
[2025-11-10 05:47:05] [node-4] INFO: 代投完成
[2025-11-10 05:47:05] [node-4] INFO: 收到来自 node-2 的区块 #14
[2025-11-10 05:47:05] [node-4] WARN: 添加区块失败: 区块高度不连续: 期望 4, 实际 14
[2025-11-10 05:47:05] [node-4] INFO: 【收到出块状态】
[2025-11-10 05:47:05] [node-4] INFO:   生产者: node-2 | 轮次: 9 | 成功: false
[2025-11-10 05:47:05] [node-4] WARN: 投票失败节点数: 5
[2025-11-10 05:47:05] [node-4] INFO: 【分配热补偿】
[2025-11-10 05:47:05] [node-4] INFO: 无符合条件的节点，跳过热补偿
[2025-11-10 05:47:05] [node-4] INFO: 步骤3: 根据委托权重选举代理节点
[2025-11-10 05:47:05] [node-4] INFO:   当选代理 #1: node-0 (得票: 0.00)
[2025-11-10 05:47:05] [node-4] INFO:   当选代理 #2: node-4 (得票: 0.00)
[2025-11-10 05:47:05] [node-4] INFO: 【投票阶段结束】
[2025-11-10 05:47:05] [node-4] INFO:   总投票: 5, 成功: 0, 代投: 0, 失败: 5
[2025-11-10 05:47:06] [node-4] INFO: 【处理投票结果 - 出块后】
[2025-11-10 05:47:06] [node-4] INFO: 情况B: 投票节点未当选，退回保证金=0.00
[2025-11-10 05:47:06] [node-4] INFO: 【代理节点表现】
[2025-11-10 05:47:06] [node-4] INFO:   综合评分: 0.504 → 0.505
[2025-11-10 05:47:06] [node-4] INFO:   出块效率 P: 0.500
[2025-11-10 05:47:06] [node-4] INFO:   验证效率 C: 0.500
[2025-11-10 05:47:06] [node-4] INFO:   在线评分 O: 0.517
[2025-11-10 05:47:06] [node-4] INFO:   有效/延迟/无效: 0/0/0
[2025-11-10 05:47:07] [node-4] INFO: --- 第 7 轮 ---
[2025-11-10 05:47:07] [node-4] INFO: 【收到投票】
[2025-11-10 05:47:07] [node-4] INFO:   投票者: node-0 | 目标: node-2 | 权重: 147.55 | 耗时: 29.01ms
[2025-11-10 05:47:08] [node-4] INFO: 【收到投票】
[2025-11-10 05:47:08] [node-4] INFO:   投票者: node-1 | 目标: node-0 | 权重: 147.14 | 耗时: 25.93ms
[2025-11-10 05:47:08] [node-4] INFO: 【收到投票】
[2025-11-10 05:47:08] [node-4] INFO:   投票者: node-2 | 目标: node-1 | 权重: 147.52 | 耗时: 41.37ms
[2025-11-10 05:47:08] [node-4] INFO: 【收到投票】
[2025-11-10 05:47:08] [node-4] INFO:   投票者: node-3 | 目标: node-3 | 权重: 53.22 | 耗时: 32.68ms
[2025-11-10 05:47:08] [node-4] INFO: ========================================
[2025-11-10 05:47:08] [node-4] INFO: 第 8 轮 | 时隙 1 | 区块高度 7
[2025-11-10 05:47:08] [node-4] INFO: 当前节点: node-4
[2025-11-10 05:47:08] [node-4] INFO: ========================================
[2025-11-10 05:47:08] [node-4] INFO: 【权重衰减】
[2025-11-10 05:47:08] [node-4] INFO:   旧权重: 50.22 → 新权重: 55.32 (变化: 5.10)
[2025-11-10 05:47:08] [node-4] INFO:   表现评分: 0.505 | 衰减率: 0.0990 | 半衰期: 7.0轮
[2025-11-10 05:47:08] [node-4] INFO: 【投票阶段开始】
[2025-11-10 05:47:08] [node-4] INFO: 步骤1: 锁定保证金 = 55.32
[2025-11-10 05:47:08] [node-4] INFO: 创建投票会话: 正常区段=41.59ms, 代投区段=50.00ms
[2025-11-10 05:47:08] [node-4] INFO: 步骤2: 投票阶段开始
[2025-11-10 05:47:08] [node-4] INFO:   本节点投票目标: node-0 (权重: 120.59, 表现: 0.703)
[2025-11-10 05:47:08] [node-4] INFO:   ✅ 正常投票 (耗时: 25.74 ms)
[2025-11-10 05:47:08] [node-4] INFO: 投票已发送: node-4 -> node-0
[2025-11-10 05:47:08] [node-4] INFO: 等待正常投票期结束: 41ms
[2025-11-10 05:47:08] [node-4] INFO: 【执行代投】
[2025-11-10 05:47:08] [node-4] INFO: 需要代投的节点数: 5
[2025-11-10 05:47:08] [node-4] INFO: 代投完成
[2025-11-10 05:47:08] [node-4] WARN: 投票失败节点数: 5
[2025-11-10 05:47:08] [node-4] INFO: 【分配热补偿】
[2025-11-10 05:47:08] [node-4] INFO: 无符合条件的节点，跳过热补偿
[2025-11-10 05:47:08] [node-4] INFO: 步骤3: 根据委托权重选举代理节点
[2025-11-10 05:47:08] [node-4] INFO:   当选代理 #1: node-0 (得票: 0.00)
[2025-11-10 05:47:08] [node-4] INFO:   当选代理 #2: node-4 (得票: 0.00)
[2025-11-10 05:47:08] [node-4] INFO: 【投票阶段结束】
[2025-11-10 05:47:08] [node-4] INFO:   总投票: 5, 成功: 0, 代投: 0, 失败: 5
[2025-11-10 05:47:09] [node-4] INFO: 【处理投票结果 - 出块后】
[2025-11-10 05:47:09] [node-4] INFO: 情况B: 投票节点未当选，退回保证金=0.00
[2025-11-10 05:47:09] [node-4] INFO: 【代理节点表现】
[2025-11-10 05:47:09] [node-4] INFO:   综合评分: 0.505 → 0.506
[2025-11-10 05:47:09] [node-4] INFO:   出块效率 P: 0.500
[2025-11-10 05:47:09] [node-4] INFO:   验证效率 C: 0.500
[2025-11-10 05:47:09] [node-4] INFO:   在线评分 O: 0.520
[2025-11-10 05:47:09] [node-4] INFO:   有效/延迟/无效: 0/0/0
[Discovery] === 执行定期刷新 ===
[Discovery] 当前对等节点数: 4
[Discovery] 从 /peers 端点发现 3 个对等节点
[Discovery] 从 /peers 端点发现 3 个对等节点
[Discovery] 从 /peers 端点发现 3 个对等节点
[Discovery] 从 /peers 端点发现 3 个对等节点
[Discovery] 从 /peers 端点发现 3 个对等节点
[2025-11-10 05:47:10] [node-4] INFO: --- 第 8 轮 ---
[2025-11-10 05:47:10] [node-4] INFO: 【收到投票】
[2025-11-10 05:47:10] [node-4] INFO:   投票者: node-0 | 目标: node-2 | 权重: 147.50 | 耗时: 18.83ms
[2025-11-10 05:47:11] [node-4] INFO: 【收到投票】
[2025-11-10 05:47:11] [node-4] INFO:   投票者: node-1 | 目标: node-0 | 权重: 147.15 | 耗时: 27.08ms
[2025-11-10 05:47:11] [node-4] INFO: 【收到投票】
[2025-11-10 05:47:11] [node-4] INFO:   投票者: node-3 | 目标: node-2 | 权重: 53.20 | 耗时: 21.12ms
[2025-11-10 05:47:11] [node-4] INFO: ========================================
[2025-11-10 05:47:11] [node-4] INFO: 第 9 轮 | 时隙 1 | 区块高度 8
[2025-11-10 05:47:11] [node-4] INFO: 当前节点: node-4
[2025-11-10 05:47:11] [node-4] INFO: ========================================
[2025-11-10 05:47:11] [node-4] INFO: 【权重衰减】
[2025-11-10 05:47:11] [node-4] INFO:   旧权重: 49.79 → 新权重: 55.28 (变化: 5.49)
[2025-11-10 05:47:11] [node-4] INFO:   表现评分: 0.506 | 衰减率: 0.0988 | 半衰期: 7.0轮
[2025-11-10 05:47:11] [node-4] INFO: 【投票阶段开始】
[2025-11-10 05:47:11] [node-4] INFO: 步骤1: 锁定保证金 = 55.28
[2025-11-10 05:47:11] [node-4] INFO: 创建投票会话: 正常区段=41.59ms, 代投区段=50.00ms
[2025-11-10 05:47:11] [node-4] INFO: 步骤2: 投票阶段开始
[2025-11-10 05:47:11] [node-4] INFO:   本节点投票目标: node-4 (权重: 55.28, 表现: 0.506)
[2025-11-10 05:47:11] [node-4] INFO:   ✅ 正常投票 (耗时: 26.18 ms)
[2025-11-10 05:47:11] [node-4] INFO: 投票已发送: node-4 -> node-4
[2025-11-10 05:47:11] [node-4] INFO: 等待正常投票期结束: 41ms
[2025-11-10 05:47:11] [node-4] INFO: 【执行代投】
[2025-11-10 05:47:11] [node-4] INFO: 需要代投的节点数: 5
[2025-11-10 05:47:11] [node-4] INFO: 代投完成
[2025-11-10 05:47:11] [node-4] WARN: 投票失败节点数: 5
[2025-11-10 05:47:11] [node-4] INFO: 【分配热补偿】
[2025-11-10 05:47:11] [node-4] INFO: 无符合条件的节点，跳过热补偿
[2025-11-10 05:47:11] [node-4] INFO: 步骤3: 根据委托权重选举代理节点
[2025-11-10 05:47:11] [node-4] INFO:   当选代理 #1: node-0 (得票: 0.00)
[2025-11-10 05:47:11] [node-4] INFO:   当选代理 #2: node-4 (得票: 0.00)
[2025-11-10 05:47:11] [node-4] INFO: 【投票阶段结束】
[2025-11-10 05:47:11] [node-4] INFO:   总投票: 5, 成功: 0, 代投: 0, 失败: 5
[2025-11-10 05:47:12] [node-4] INFO: 【处理投票结果 - 出块后】
[2025-11-10 05:47:12] [node-4] INFO: 情况B: 投票节点未当选，退回保证金=0.00
[2025-11-10 05:47:12] [node-4] INFO: 【代理节点表现】
[2025-11-10 05:47:12] [node-4] INFO:   综合评分: 0.506 → 0.507
[2025-11-10 05:47:12] [node-4] INFO:   出块效率 P: 0.500
[2025-11-10 05:47:12] [node-4] INFO:   验证效率 C: 0.500
[2025-11-10 05:47:12] [node-4] INFO:   在线评分 O: 0.522
[2025-11-10 05:47:12] [node-4] INFO:   有效/延迟/无效: 0/0/0
[2025-11-10 05:47:13] [node-4] INFO: --- 第 9 轮 ---
[2025-11-10 05:47:13] [node-4] INFO: 【收到投票】
[2025-11-10 05:47:13] [node-4] INFO:   投票者: node-0 | 目标: node-2 | 权重: 147.44 | 耗时: 16.90ms
[2025-11-10 05:47:14] [node-4] INFO: 【收到投票】
[2025-11-10 05:47:14] [node-4] INFO:   投票者: node-1 | 目标: node-2 | 权重: 147.08 | 耗时: 31.61ms
[2025-11-10 05:47:14] [node-4] INFO: 【收到投票】
[2025-11-10 05:47:14] [node-4] INFO:   投票者: node-3 | 目标: node-0 | 权重: 53.27 | 耗时: 20.58ms
[2025-11-10 05:47:14] [node-4] INFO: ========================================
[2025-11-10 05:47:14] [node-4] INFO: 第 10 轮 | 时隙 1 | 区块高度 9
[2025-11-10 05:47:14] [node-4] INFO: 当前节点: node-4
[2025-11-10 05:47:14] [node-4] INFO: ========================================
[2025-11-10 05:47:14] [node-4] INFO: 【权重衰减】
[2025-11-10 05:47:14] [node-4] INFO:   旧权重: 49.75 → 新权重: 55.16 (变化: 5.41)
[2025-11-10 05:47:14] [node-4] INFO:   表现评分: 0.507 | 衰减率: 0.0987 | 半衰期: 7.0轮
[2025-11-10 05:47:14] [node-4] INFO: --- 重新选举代理节点 ---
[2025-11-10 05:47:14] [node-4] INFO: ========================================
[2025-11-10 05:47:14] [node-4] INFO: 【代理节点选举 - 连任检查】
[2025-11-10 05:47:14] [node-4] INFO: ========================================
[2025-11-10 05:47:14] [node-4] INFO: 连任检查: node-0
[2025-11-10 05:47:14] [node-4] INFO:   连任次数: 0
[2025-11-10 05:47:14] [node-4] INFO:   所需权重: 0.00
[2025-11-10 05:47:14] [node-4] INFO:   实际委托: 0.00
[2025-11-10 05:47:14] [node-4] INFO:   权重缺口: 0.00
[2025-11-10 05:47:14] [node-4] INFO:   ✅ 满足连任条件
[2025-11-10 05:47:14] [node-4] INFO: 连任检查: node-4
[2025-11-10 05:47:14] [node-4] INFO:   连任次数: 0
[2025-11-10 05:47:14] [node-4] INFO:   所需权重: 50.00
[2025-11-10 05:47:14] [node-4] INFO:   实际委托: 0.00
[2025-11-10 05:47:14] [node-4] INFO:   权重缺口: 50.00
[2025-11-10 05:47:14] [node-4] WARN:   ❌ 不满足连任条件,将被淘汰
[2025-11-10 05:47:14] [node-4] INFO: 选出 2 个代理节点:
[2025-11-10 05:47:14] [node-4] INFO:   #1: node-2 (权重: 147.51, 连任: 0次)
[2025-11-10 05:47:14] [node-4] INFO:   #2: node-0 (权重: 132.70, 连任: 1次)
[2025-11-10 05:47:14] [node-4] INFO: ========================================
[2025-11-10 05:47:14] [node-4] INFO: 选出 2 个代理节点:
[2025-11-10 05:47:14] [node-4] INFO:   #0: node-2 (权重: 147.51, 表现: 0.708)
[2025-11-10 05:47:14] [node-4] INFO:   #1: node-0 (权重: 132.70, 表现: 0.709)
[2025-11-10 05:47:14] [node-4] INFO: 【投票阶段开始】
[2025-11-10 05:47:14] [node-4] INFO: 步骤1: 锁定保证金 = 55.16
[2025-11-10 05:47:14] [node-4] INFO: 创建投票会话: 正常区段=41.59ms, 代投区段=50.00ms
[2025-11-10 05:47:14] [node-4] INFO: 步骤2: 投票阶段开始
[2025-11-10 05:47:14] [node-4] INFO:   本节点投票目标: node-2 (权重: 147.51, 表现: 0.708)
[2025-11-10 05:47:14] [node-4] INFO:   ✅ 正常投票 (耗时: 26.30 ms)
[2025-11-10 05:47:14] [node-4] INFO: 投票已发送: node-4 -> node-2
[2025-11-10 05:47:14] [node-4] INFO: 等待正常投票期结束: 41ms
[2025-11-10 05:47:14] [node-4] WARN: 投票失败节点数: 5
[2025-11-10 05:47:14] [node-4] INFO: 步骤3: 根据委托权重选举代理节点
[2025-11-10 05:47:14] [node-4] INFO:   当选代理 #1: node-2 (得票: 0.00)
[2025-11-10 05:47:14] [node-4] INFO:   当选代理 #2: node-0 (得票: 0.00)
[2025-11-10 05:47:14] [node-4] INFO: 【投票阶段结束】
[2025-11-10 05:47:14] [node-4] INFO:   总投票: 5, 成功: 0, 代投: 0, 失败: 5
[2025-11-10 05:47:15] [node-4] INFO: 【处理投票结果 - 出块后】
[2025-11-10 05:47:15] [node-4] INFO: 情况B: 投票节点未当选，退回保证金=0.00
[2025-11-10 05:47:15] [node-4] INFO: 【投票节点表现】
[2025-11-10 05:47:15] [node-4] INFO:   综合评分: 0.507 → 0.666
[2025-11-10 05:47:15] [node-4] INFO:   投票速率 V: 0.704
[2025-11-10 05:47:15] [node-4] INFO:   投票行为 B: 0.572
[2025-11-10 05:47:15] [node-4] INFO:   成功/失败: 9/10
[2025-11-10 05:47:16] [node-4] INFO: --- 第 10 轮 ---
[2025-11-10 05:47:16] [node-4] INFO: 【收到投票】
[2025-11-10 05:47:16] [node-4] INFO:   投票者: node-0 | 目标: node-2 | 权重: 147.45 | 耗时: 10.84ms
[2025-11-10 05:47:17] [node-4] INFO: 【收到投票】
[2025-11-10 05:47:17] [node-4] INFO:   投票者: node-1 | 目标: node-2 | 权重: 147.08 | 耗时: 37.20ms
[2025-11-10 05:47:17] [node-4] INFO: 【收到投票】
[2025-11-10 05:47:17] [node-4] INFO:   投票者: node-2 | 目标: node-2 | 权重: 147.45 | 耗时: 34.62ms
[2025-11-10 05:47:17] [node-4] INFO: 【收到投票】
[2025-11-10 05:47:17] [node-4] INFO:   投票者: node-3 | 目标: node-0 | 权重: 53.25 | 耗时: 15.66ms
[2025-11-10 05:47:17] [node-4] INFO: ========================================
[2025-11-10 05:47:17] [node-4] INFO: 第 11 轮 | 时隙 1 | 区块高度 10
[2025-11-10 05:47:17] [node-4] INFO: 当前节点: node-0
[2025-11-10 05:47:17] [node-4] INFO: ========================================
[2025-11-10 05:47:17] [node-4] INFO: 【权重衰减】
[2025-11-10 05:47:17] [node-4] INFO:   旧权重: 49.65 → 新权重: 53.55 (变化: 3.90)
[2025-11-10 05:47:17] [node-4] INFO:   表现评分: 0.666 | 衰减率: 0.0668 | 半衰期: 10.4轮
[2025-11-10 05:47:17] [node-4] INFO: 【投票阶段开始】
[2025-11-10 05:47:17] [node-4] INFO: 步骤1: 锁定保证金 = 53.55
[2025-11-10 05:47:17] [node-4] INFO: 创建投票会话: 正常区段=41.59ms, 代投区段=50.00ms
[2025-11-10 05:47:17] [node-4] INFO: 步骤2: 投票阶段开始
[2025-11-10 05:47:17] [node-4] INFO:   本节点投票目标: node-0 (权重: 119.43, 表现: 0.709)
[2025-11-10 05:47:17] [node-4] INFO:   ✅ 正常投票 (耗时: 35.37 ms)
[2025-11-10 05:47:17] [node-4] INFO: 投票已发送: node-4 -> node-0
[2025-11-10 05:47:17] [node-4] INFO: 等待正常投票期结束: 41ms
[2025-11-10 05:47:17] [node-4] WARN: 投票失败节点数: 5
[2025-11-10 05:47:17] [node-4] INFO: 步骤3: 根据委托权重选举代理节点
[2025-11-10 05:47:17] [node-4] INFO:   当选代理 #1: node-2 (得票: 0.00)
[2025-11-10 05:47:17] [node-4] INFO:   当选代理 #2: node-0 (得票: 0.00)
[2025-11-10 05:47:17] [node-4] INFO: 【投票阶段结束】
[2025-11-10 05:47:17] [node-4] INFO:   总投票: 5, 成功: 0, 代投: 0, 失败: 5
[2025-11-10 05:47:18] [node-4] INFO: 【处理投票结果 - 出块后】
[2025-11-10 05:47:18] [node-4] INFO: 情况B: 投票节点未当选，退回保证金=0.00
[2025-11-10 05:47:18] [node-4] INFO: 【投票节点表现】
[2025-11-10 05:47:18] [node-4] INFO:   综合评分: 0.666 → 0.664
[2025-11-10 05:47:18] [node-4] INFO:   投票速率 V: 0.699
[2025-11-10 05:47:18] [node-4] INFO:   投票行为 B: 0.574
[2025-11-10 05:47:18] [node-4] INFO:   成功/失败: 10/11
[2025-11-10 05:47:19] [node-4] INFO: 已完成 10/100 轮
[2025-11-10 05:47:19] [node-4] INFO: 当前状态:
[2025-11-10 05:47:19] [node-4] INFO:   权重: 48.19 (半衰期: 10.3)
[2025-11-10 05:47:19] [node-4] INFO:   表现: 0.664
[2025-11-10 05:47:19] [node-4] INFO:   投票: 成功=10, 失败=11
[2025-11-10 05:47:19] [node-4] INFO:   奖励: 0.00, 补偿: 0.00
[2025-11-10 05:47:19] [node-4] INFO: --- 第 11 轮 ---
[2025-11-10 05:47:19] [node-4] INFO: 【收到投票】
[2025-11-10 05:47:19] [node-4] INFO:   投票者: node-0 | 目标: node-2 | 权重: 147.44 | 耗时: 20.48ms
[2025-11-10 05:47:20] [node-4] INFO: 【收到投票】
[2025-11-10 05:47:20] [node-4] INFO:   投票者: node-1 | 目标: node-2 | 权重: 147.03 | 耗时: 31.79ms
[2025-11-10 05:47:20] [node-4] INFO: 【收到投票】
[2025-11-10 05:47:20] [node-4] INFO:   投票者: node-2 | 目标: node-1 | 权重: 147.43 | 耗时: 32.49ms
[2025-11-10 05:47:20] [node-4] INFO: 【收到投票】
[2025-11-10 05:47:20] [node-4] INFO:   投票者: node-3 | 目标: node-2 | 权重: 53.19 | 耗时: 32.08ms
[2025-11-10 05:47:20] [node-4] INFO: ========================================
[2025-11-10 05:47:20] [node-4] INFO: 第 12 轮 | 时隙 1 | 区块高度 11
[2025-11-10 05:47:20] [node-4] INFO: 当前节点: node-0
[2025-11-10 05:47:20] [node-4] INFO: ========================================
[2025-11-10 05:47:20] [node-4] INFO: 【权重衰减】
[2025-11-10 05:47:20] [node-4] INFO:   旧权重: 48.19 → 新权重: 53.53 (变化: 5.34)
[2025-11-10 05:47:20] [node-4] INFO:   表现评分: 0.664 | 衰减率: 0.0671 | 半衰期: 10.3轮
[2025-11-10 05:47:20] [node-4] INFO: 【投票阶段开始】
[2025-11-10 05:47:20] [node-4] INFO: 步骤1: 锁定保证金 = 53.53
[2025-11-10 05:47:20] [node-4] INFO: 创建投票会话: 正常区段=41.59ms, 代投区段=50.00ms
[2025-11-10 05:47:20] [node-4] INFO: 步骤2: 投票阶段开始
[2025-11-10 05:47:20] [node-4] INFO:   本节点投票目标: node-2 (权重: 132.76, 表现: 0.708)
[2025-11-10 05:47:20] [node-4] INFO:   ⚠️  超时,需要代投 (耗时: 44.35 ms)
[2025-11-10 05:47:20] [node-4] INFO: 等待正常投票期结束: 41ms
[2025-11-10 05:47:20] [node-4] WARN: 投票失败节点数: 5
[2025-11-10 05:47:20] [node-4] INFO: 步骤3: 根据委托权重选举代理节点
[2025-11-10 05:47:20] [node-4] INFO:   当选代理 #1: node-2 (得票: 0.00)
[2025-11-10 05:47:20] [node-4] INFO:   当选代理 #2: node-0 (得票: 0.00)
[2025-11-10 05:47:20] [node-4] INFO: 【投票阶段结束】
[2025-11-10 05:47:20] [node-4] INFO:   总投票: 5, 成功: 0, 代投: 0, 失败: 5
[2025-11-10 05:47:21] [node-4] INFO: 【处理投票结果 - 出块后】
[2025-11-10 05:47:21] [node-4] INFO: 情况B: 投票节点未当选，退回保证金=0.00
[2025-11-10 05:47:21] [node-4] INFO: 【投票节点表现】
[2025-11-10 05:47:21] [node-4] INFO:   综合评分: 0.664 → 0.665
[2025-11-10 05:47:21] [node-4] INFO:   投票速率 V: 0.712
[2025-11-10 05:47:21] [node-4] INFO:   投票行为 B: 0.559
[2025-11-10 05:47:21] [node-4] INFO:   成功/失败: 10/12
[2025-11-10 05:47:22] [node-4] INFO: --- 第 12 轮 ---
[2025-11-10 05:47:22] [node-4] INFO: 【收到投票】
[2025-11-10 05:47:22] [node-4] INFO:   投票者: node-0 | 目标: node-2 | 权重: 147.44 | 耗时: 19.83ms
[2025-11-10 05:47:23] [node-4] INFO: 【收到投票】
[2025-11-10 05:47:23] [node-4] INFO:   投票者: node-1 | 目标: node-2 | 权重: 147.02 | 耗时: 27.11ms
[2025-11-10 05:47:23] [node-4] INFO: 【收到投票】
[2025-11-10 05:47:23] [node-4] INFO:   投票者: node-3 | 目标: node-2 | 权重: 53.23 | 耗时: 33.64ms
[2025-11-10 05:47:23] [node-4] INFO: ========================================
[2025-11-10 05:47:23] [node-4] INFO: 第 13 轮 | 时隙 1 | 区块高度 12
[2025-11-10 05:47:23] [node-4] INFO: 当前节点: node-0
[2025-11-10 05:47:23] [node-4] INFO: ========================================
[2025-11-10 05:47:23] [node-4] INFO: 【权重衰减】
[2025-11-10 05:47:23] [node-4] INFO:   旧权重: 48.18 → 新权重: 53.52 (变化: 5.34)
[2025-11-10 05:47:23] [node-4] INFO:   表现评分: 0.665 | 衰减率: 0.0669 | 半衰期: 10.4轮
[2025-11-10 05:47:23] [node-4] INFO: 【投票阶段开始】
[2025-11-10 05:47:23] [node-4] INFO: 步骤1: 锁定保证金 = 53.52
[2025-11-10 05:47:23] [node-4] INFO: 创建投票会话: 正常区段=41.59ms, 代投区段=50.00ms
[2025-11-10 05:47:23] [node-4] INFO: 步骤2: 投票阶段开始
[2025-11-10 05:47:23] [node-4] INFO:   本节点投票目标: node-0 (权重: 119.43, 表现: 0.709)
[2025-11-10 05:47:23] [node-4] INFO:   ✅ 正常投票 (耗时: 30.26 ms)
[2025-11-10 05:47:23] [node-4] INFO: 投票已发送: node-4 -> node-0
[2025-11-10 05:47:23] [node-4] INFO: 等待正常投票期结束: 41ms
[2025-11-10 05:47:23] [node-4] WARN: 投票失败节点数: 5
[2025-11-10 05:47:23] [node-4] INFO: 步骤3: 根据委托权重选举代理节点
[2025-11-10 05:47:23] [node-4] INFO:   当选代理 #1: node-2 (得票: 0.00)
[2025-11-10 05:47:23] [node-4] INFO:   当选代理 #2: node-0 (得票: 0.00)
[2025-11-10 05:47:23] [node-4] INFO: 【投票阶段结束】
[2025-11-10 05:47:23] [node-4] INFO:   总投票: 5, 成功: 0, 代投: 0, 失败: 5
[2025-11-10 05:47:24] [node-4] INFO: 【处理投票结果 - 出块后】
[2025-11-10 05:47:24] [node-4] INFO: 情况B: 投票节点未当选，退回保证金=0.00
[2025-11-10 05:47:24] [node-4] INFO: 【投票节点表现】
[2025-11-10 05:47:24] [node-4] INFO:   综合评分: 0.665 → 0.666
[2025-11-10 05:47:24] [node-4] INFO:   投票速率 V: 0.711
[2025-11-10 05:47:24] [node-4] INFO:   投票行为 B: 0.562
[2025-11-10 05:47:24] [node-4] INFO:   成功/失败: 11/13
[2025-11-10 05:47:25] [node-4] INFO: --- 第 13 轮 ---
[2025-11-10 05:47:25] [node-4] INFO: 【收到投票】
[2025-11-10 05:47:25] [node-4] INFO:   投票者: node-0 | 目标: node-2 | 权重: 147.44 | 耗时: 27.89ms
