[2025-11-10 05:46:28] [node-0] INFO: ========================================
[2025-11-10 05:46:28] [node-0] INFO: 启动 NM-DPoS 节点
[2025-11-10 05:46:28] [node-0] INFO: 节点ID: node-0
[2025-11-10 05:46:28] [node-0] INFO: 监听地址: localhost:8000
[2025-11-10 05:46:28] [node-0] INFO: ========================================
[2025-11-10 05:46:28] [node-0] INFO: 启动节点 node-0，监听地址: localhost:8000
[2025-11-10 05:46:29] [node-0] INFO: HTTP服务器已就绪
[Discovery] 启动节点发现服务...
[Discovery] 本地地址: localhost:8000
[Discovery] 种子节点: []
[Discovery] 节点发现服务已启动
[Discovery] 没有配置种子节点，作为独立节点运行
[2025-11-10 05:46:34] [node-0] INFO: 节点 node-0 启动完成，已连接 2 个对等节点
[2025-11-10 05:46:34] [node-0] INFO: 节点启动成功
[2025-11-10 05:46:34] [node-0] INFO: ========================================
[2025-11-10 05:46:34] [node-0] INFO: 启动测试模式
[2025-11-10 05:46:34] [node-0] INFO: 测试持续时间: 100 轮
[2025-11-10 05:46:34] [node-0] INFO: 结果输出目录: ./test_results
[2025-11-10 05:46:34] [node-0] INFO: ========================================
[2025-11-10 05:46:37] [node-0] INFO: ========================================
[2025-11-10 05:46:37] [node-0] INFO: 第 1 轮 | 初始化阶段
[2025-11-10 05:46:37] [node-0] INFO: ========================================
[2025-11-10 05:46:37] [node-0] INFO: --- 执行首次代理节点选举 ---
[2025-11-10 05:46:37] [node-0] INFO: ========================================
[2025-11-10 05:46:37] [node-0] INFO: 【代理节点选举 - 权重排序】
[2025-11-10 05:46:37] [node-0] INFO: ========================================
[2025-11-10 05:46:37] [node-0] INFO: 选出 1 个代理节点:
[2025-11-10 05:46:37] [node-0] INFO:   #1: node-0 (权重: 150.00, 表现: 0.950)
[2025-11-10 05:46:37] [node-0] INFO: ========================================
[2025-11-10 05:46:37] [node-0] INFO: 选出 1 个代理节点:
[2025-11-10 05:46:37] [node-0] INFO:   #1: node-0 (权重: 150.00, 表现: 0.950)
[2025-11-10 05:46:37] [node-0] INFO: ========================================
[2025-11-10 05:46:37] [node-0] INFO: 第 1 轮 | 时隙 0 | 区块高度 0
[2025-11-10 05:46:37] [node-0] INFO: 当前节点: node-0
[2025-11-10 05:46:37] [node-0] INFO: ========================================
[2025-11-10 05:46:37] [node-0] INFO: 【权重衰减】
[2025-11-10 05:46:37] [node-0] INFO:   旧权重: 150.00 → 新权重: 148.51 (变化: -1.49)
[2025-11-10 05:46:37] [node-0] INFO:   表现评分: 0.950 | 衰减率: 0.0100 | 半衰期: 69.3轮
[2025-11-10 05:46:37] [node-0] INFO: 【投票阶段开始】
[2025-11-10 05:46:37] [node-0] INFO: 步骤1: 锁定保证金 = 148.51
[2025-11-10 05:46:37] [node-0] INFO: 创建投票会话: 正常区段=69.31ms, 代投区段=50.00ms
[2025-11-10 05:46:37] [node-0] INFO: 步骤2: 投票阶段开始
[2025-11-10 05:46:37] [node-0] INFO:   本节点投票目标: node-0 (权重: 148.51, 表现: 0.950)
[2025-11-10 05:46:37] [node-0] INFO:   ✅ 正常投票 (耗时: 17.80 ms)
[2025-11-10 05:46:37] [node-0] INFO: 投票已发送: node-0 -> node-0
[2025-11-10 05:46:37] [node-0] INFO: 等待正常投票期结束: 69ms
[2025-11-10 05:46:38] [node-0] INFO: 【执行代投】
[2025-11-10 05:46:38] [node-0] INFO: 需要代投的节点数: 1
[2025-11-10 05:46:38] [node-0] INFO: 代投完成
[2025-11-10 05:46:38] [node-0] WARN: 投票失败节点数: 1
[2025-11-10 05:46:38] [node-0] INFO: 【分配热补偿】
[2025-11-10 05:46:38] [node-0] INFO: 无符合条件的节点，跳过热补偿
[2025-11-10 05:46:38] [node-0] INFO: 步骤3: 根据委托权重选举代理节点
[2025-11-10 05:46:38] [node-0] INFO:   当选代理 #1: node-0 (得票: 0.00)
[2025-11-10 05:46:38] [node-0] INFO: 【投票阶段结束】
[2025-11-10 05:46:38] [node-0] INFO:   总投票: 1, 成功: 0, 代投: 0, 失败: 1
[2025-11-10 05:46:38] [node-0] INFO: >>> 本节点是当前出块者，开始出块 <<<
[2025-11-10 05:46:38] [node-0] INFO: 【出块阶段】
[2025-11-10 05:46:38] [node-0] INFO: 节点 node-0 开始出块
[2025-11-10 05:46:38] [node-0] INFO:   从交易池获取 0 笔交易
[2025-11-10 05:46:38] [node-0] INFO:   创建区块 #1 (前块: genesis)
[2025-11-10 05:46:38] [node-0] INFO:   交易手续费总额: 0.00
[2025-11-10 05:46:38] [node-0] INFO:   ✅ 及时出块 (耗时: 0 ms)
[2025-11-10 05:46:38] [node-0] INFO: 节点 node-0 成功出块 #1 (包含 0 笔交易)
[2025-11-10 05:46:38] [node-0] INFO: 广播出块状态: round=1, success=true
[2025-11-10 05:46:38] [node-0] INFO: 【分配区块奖励】
[2025-11-10 05:46:38] [node-0] INFO:   出块者奖励: 100.00 (固定=100.00 + 手续费=0.00)
[2025-11-10 05:46:38] [node-0] INFO:   应用奖励: 100.00
[2025-11-10 05:46:38] [node-0] INFO: 【处理投票结果 - 出块后】
[2025-11-10 05:46:38] [node-0] INFO: 情况B: 投票节点未当选，退回保证金=0.00
[2025-11-10 05:46:38] [node-0] INFO: 【代理节点表现】
[2025-11-10 05:46:38] [node-0] INFO:   综合评分: 0.950 → 0.701
[2025-11-10 05:46:38] [node-0] INFO:   出块效率 P: 1.000
[2025-11-10 05:46:38] [node-0] INFO:   验证效率 C: 0.500
[2025-11-10 05:46:38] [node-0] INFO:   在线评分 O: 0.502
[2025-11-10 05:46:38] [node-0] INFO:   有效/延迟/无效: 1/0/0
[2025-11-10 05:46:39] [node-0] INFO: ========================================
[2025-11-10 05:46:39] [node-0] INFO: 开始网络测试
[2025-11-10 05:46:39] [node-0] INFO: 测试轮数: 100
[2025-11-10 05:46:39] [node-0] INFO: ========================================
[2025-11-10 05:46:39] [node-0] INFO: --- 第 1 轮 ---
[2025-11-10 05:46:40] [node-0] INFO: ========================================
[2025-11-10 05:46:40] [node-0] INFO: 第 2 轮 | 时隙 1 | 区块高度 1
[2025-11-10 05:46:40] [node-0] INFO: 当前节点: node-0
[2025-11-10 05:46:40] [node-0] INFO: ========================================
[2025-11-10 05:46:40] [node-0] INFO: 【权重衰减】
[2025-11-10 05:46:40] [node-0] INFO:   旧权重: 333.66 → 新权重: 141.29 (变化: -192.37)
[2025-11-10 05:46:40] [node-0] INFO:   表现评分: 0.701 | 衰减率: 0.0599 | 半衰期: 11.6轮
[2025-11-10 05:46:40] [node-0] INFO: 【投票阶段开始】
[2025-11-10 05:46:40] [node-0] INFO: 步骤1: 锁定保证金 = 141.29
[2025-11-10 05:46:40] [node-0] INFO: 创建投票会话: 正常区段=69.31ms, 代投区段=50.00ms
[2025-11-10 05:46:40] [node-0] INFO: 步骤2: 投票阶段开始
[2025-11-10 05:46:40] [node-0] INFO:   本节点投票目标: node-0 (权重: 141.29, 表现: 0.701)
[2025-11-10 05:46:40] [node-0] INFO:   ✅ 正常投票 (耗时: 10.38 ms)
[2025-11-10 05:46:40] [node-0] INFO: 投票已发送: node-0 -> node-0
[2025-11-10 05:46:40] [node-0] INFO: 等待正常投票期结束: 69ms
[2025-11-10 05:46:41] [node-0] INFO: 【执行代投】
[2025-11-10 05:46:41] [node-0] INFO: 需要代投的节点数: 1
[2025-11-10 05:46:41] [node-0] INFO: 代投完成
[2025-11-10 05:46:41] [node-0] WARN: 投票失败节点数: 1
[2025-11-10 05:46:41] [node-0] INFO: 【分配热补偿】
[2025-11-10 05:46:41] [node-0] INFO: 无符合条件的节点，跳过热补偿
[2025-11-10 05:46:41] [node-0] INFO: 步骤3: 根据委托权重选举代理节点
[2025-11-10 05:46:41] [node-0] INFO:   当选代理 #1: node-0 (得票: 0.00)
[2025-11-10 05:46:41] [node-0] INFO: 【投票阶段结束】
[2025-11-10 05:46:41] [node-0] INFO:   总投票: 1, 成功: 0, 代投: 0, 失败: 1
[2025-11-10 05:46:41] [node-0] INFO: >>> 本节点是当前出块者，开始出块 <<<
[2025-11-10 05:46:41] [node-0] INFO: 【出块阶段】
[2025-11-10 05:46:41] [node-0] INFO: 节点 node-0 开始出块
[2025-11-10 05:46:41] [node-0] INFO:   从交易池获取 0 笔交易
[2025-11-10 05:46:41] [node-0] INFO:   创建区块 #2 (前块: hash-176)
[2025-11-10 05:46:41] [node-0] INFO:   交易手续费总额: 0.00
[2025-11-10 05:46:41] [node-0] INFO:   ✅ 及时出块 (耗时: 0 ms)
[2025-11-10 05:46:41] [node-0] WARN: 广播区块失败: 广播完成，成功: 3, 失败: 1
[2025-11-10 05:46:41] [node-0] WARN: 广播区块失败: 广播完成，成功: 3, 失败: 1
[2025-11-10 05:46:41] [node-0] INFO: 广播出块状态: round=2, success=false
[2025-11-10 05:46:41] [node-0] INFO: 【收到投票】
[2025-11-10 05:46:41] [node-0] INFO:   投票者: node-1 | 目标: node-1 | 权重: 141.29 | 耗时: 22.44ms
[2025-11-10 05:46:41] [node-0] INFO: 【处理投票结果 - 出块后】
[2025-11-10 05:46:41] [node-0] INFO: 情况B: 投票节点未当选，退回保证金=0.00
[2025-11-10 05:46:41] [node-0] INFO: 【代理节点表现】
[2025-11-10 05:46:41] [node-0] INFO:   综合评分: 0.701 → 0.701
[2025-11-10 05:46:41] [node-0] INFO:   出块效率 P: 1.000
[2025-11-10 05:46:41] [node-0] INFO:   验证效率 C: 0.500
[2025-11-10 05:46:41] [node-0] INFO:   在线评分 O: 0.505
[2025-11-10 05:46:41] [node-0] INFO:   有效/延迟/无效: 2/0/0
[2025-11-10 05:46:41] [node-0] INFO: 【收到投票】
[2025-11-10 05:46:41] [node-0] INFO:   投票者: node-2 | 目标: node-2 | 权重: 130.40 | 耗时: 44.08ms
[2025-11-10 05:46:41] [node-0] INFO: 收到来自 node-1 的区块 #3
[2025-11-10 05:46:41] [node-0] WARN: 添加区块失败: 前一个区块哈希不匹配
[2025-11-10 05:46:41] [node-0] INFO: 【收到出块状态】
[2025-11-10 05:46:41] [node-0] INFO:   生产者: node-1 | 轮次: 2 | 成功: false
[2025-11-10 05:46:41] [node-0] INFO: 收到来自 node-2 的区块 #3
[2025-11-10 05:46:41] [node-0] INFO: 【收到出块状态】
[2025-11-10 05:46:41] [node-0] INFO:   生产者: node-2 | 轮次: 1 | 成功: false
[2025-11-10 05:46:42] [node-0] INFO: --- 第 2 轮 ---
[2025-11-10 05:46:43] [node-0] INFO: ========================================
[2025-11-10 05:46:43] [node-0] INFO: 第 3 轮 | 时隙 1 | 区块高度 2
[2025-11-10 05:46:43] [node-0] INFO: 当前节点: node-0
[2025-11-10 05:46:43] [node-0] INFO: ========================================
[2025-11-10 05:46:43] [node-0] INFO: 【权重衰减】
[2025-11-10 05:46:43] [node-0] INFO:   旧权重: 127.16 → 新权重: 148.68 (变化: 21.52)
[2025-11-10 05:46:43] [node-0] INFO:   表现评分: 0.701 | 衰减率: 0.0597 | 半衰期: 11.6轮
[2025-11-10 05:46:43] [node-0] INFO: 【投票阶段开始】
[2025-11-10 05:46:43] [node-0] INFO: 步骤1: 锁定保证金 = 148.68
[2025-11-10 05:46:43] [node-0] INFO: 创建投票会话: 正常区段=46.21ms, 代投区段=50.00ms
[2025-11-10 05:46:43] [node-0] INFO: 步骤2: 投票阶段开始
[2025-11-10 05:46:43] [node-0] INFO:   本节点投票目标: node-0 (权重: 148.68, 表现: 0.701)
[2025-11-10 05:46:43] [node-0] INFO:   ✅ 正常投票 (耗时: 22.89 ms)
[2025-11-10 05:46:43] [node-0] INFO: 投票已发送: node-0 -> node-0
[2025-11-10 05:46:43] [node-0] INFO: 等待正常投票期结束: 46ms
[2025-11-10 05:46:43] [node-0] INFO: 【执行代投】
[2025-11-10 05:46:43] [node-0] INFO: 需要代投的节点数: 3
[2025-11-10 05:46:43] [node-0] INFO: 代投完成
[2025-11-10 05:46:44] [node-0] WARN: 投票失败节点数: 3
[2025-11-10 05:46:44] [node-0] INFO: 【分配热补偿】
[2025-11-10 05:46:44] [node-0] INFO: 无符合条件的节点，跳过热补偿
[2025-11-10 05:46:44] [node-0] INFO: 步骤3: 根据委托权重选举代理节点
[2025-11-10 05:46:44] [node-0] INFO:   当选代理 #1: node-0 (得票: 0.00)
[2025-11-10 05:46:44] [node-0] INFO: 【投票阶段结束】
[2025-11-10 05:46:44] [node-0] INFO:   总投票: 3, 成功: 0, 代投: 0, 失败: 3
[2025-11-10 05:46:44] [node-0] INFO: >>> 本节点是当前出块者，开始出块 <<<
[2025-11-10 05:46:44] [node-0] INFO: 【出块阶段】
[2025-11-10 05:46:44] [node-0] INFO: 节点 node-0 开始出块
[2025-11-10 05:46:44] [node-0] INFO:   从交易池获取 0 笔交易
[2025-11-10 05:46:44] [node-0] INFO:   创建区块 #4 (前块: hash-176)
[2025-11-10 05:46:44] [node-0] INFO:   交易手续费总额: 0.00
[2025-11-10 05:46:44] [node-0] INFO:   ✅ 及时出块 (耗时: 0 ms)
[2025-11-10 05:46:44] [node-0] WARN: 广播区块失败: 广播完成，成功: 1, 失败: 3
[2025-11-10 05:46:44] [node-0] WARN: 广播区块失败: 广播完成，成功: 1, 失败: 3
[2025-11-10 05:46:44] [node-0] INFO: 广播出块状态: round=3, success=false
[2025-11-10 05:46:44] [node-0] INFO: 【处理投票结果 - 出块后】
[2025-11-10 05:46:44] [node-0] INFO: 情况B: 投票节点未当选，退回保证金=0.00
[2025-11-10 05:46:44] [node-0] INFO: 【代理节点表现】
[2025-11-10 05:46:44] [node-0] INFO:   综合评分: 0.701 → 0.702
[2025-11-10 05:46:44] [node-0] INFO:   出块效率 P: 1.000
[2025-11-10 05:46:44] [node-0] INFO:   验证效率 C: 0.500
[2025-11-10 05:46:44] [node-0] INFO:   在线评分 O: 0.507
[2025-11-10 05:46:44] [node-0] INFO:   有效/延迟/无效: 3/0/0
[2025-11-10 05:46:44] [node-0] INFO: 【收到投票】
[2025-11-10 05:46:44] [node-0] INFO:   投票者: node-1 | 目标: node-1 | 权重: 148.68 | 耗时: 21.12ms
[2025-11-10 05:46:44] [node-0] INFO: 【收到投票】
[2025-11-10 05:46:44] [node-0] INFO:   投票者: node-2 | 目标: node-0 | 权重: 141.29 | 耗时: 48.93ms
[2025-11-10 05:46:44] [node-0] INFO:   ✅ 累计委托权重: 246.91
[2025-11-10 05:46:44] [node-0] INFO: 【收到投票】
[2025-11-10 05:46:44] [node-0] INFO:   投票者: node-3 | 目标: node-0 | 权重: 49.50 | 耗时: 31.29ms
[2025-11-10 05:46:44] [node-0] INFO:   ✅ 累计委托权重: 296.42
[2025-11-10 05:46:44] [node-0] INFO: 收到来自 node-1 的区块 #4
[2025-11-10 05:46:44] [node-0] WARN: 添加区块失败: 区块高度 4 已存在
[2025-11-10 05:46:44] [node-0] INFO: 【收到出块状态】
[2025-11-10 05:46:44] [node-0] INFO:   生产者: node-1 | 轮次: 3 | 成功: false
[2025-11-10 05:46:44] [node-0] INFO: 收到来自 node-2 的区块 #5
[2025-11-10 05:46:44] [node-0] INFO: 【收到出块状态】
[2025-11-10 05:46:44] [node-0] INFO:   生产者: node-2 | 轮次: 2 | 成功: false
[2025-11-10 05:46:45] [node-0] INFO: --- 第 3 轮 ---
[2025-11-10 05:46:46] [node-0] INFO: ========================================
[2025-11-10 05:46:46] [node-0] INFO: 第 4 轮 | 时隙 1 | 区块高度 3
[2025-11-10 05:46:46] [node-0] INFO: 当前节点: node-0
[2025-11-10 05:46:46] [node-0] INFO: ========================================
[2025-11-10 05:46:46] [node-0] INFO: 【权重衰减】
[2025-11-10 05:46:46] [node-0] INFO:   旧权重: 133.81 → 新权重: 148.87 (变化: 15.06)
[2025-11-10 05:46:46] [node-0] INFO:   表现评分: 0.702 | 衰减率: 0.0596 | 半衰期: 11.6轮
[2025-11-10 05:46:46] [node-0] INFO: 【投票阶段开始】
[2025-11-10 05:46:46] [node-0] INFO: 步骤1: 锁定保证金 = 148.87
[2025-11-10 05:46:46] [node-0] INFO: 创建投票会话: 正常区段=43.32ms, 代投区段=50.00ms
[2025-11-10 05:46:46] [node-0] INFO: 步骤2: 投票阶段开始
[2025-11-10 05:46:46] [node-0] INFO:   本节点投票目标: node-0 (权重: 148.87, 表现: 0.702)
[2025-11-10 05:46:46] [node-0] INFO:   ✅ 正常投票 (耗时: 17.80 ms)
[2025-11-10 05:46:46] [node-0] INFO: 投票已发送: node-0 -> node-0
[2025-11-10 05:46:46] [node-0] INFO: 等待正常投票期结束: 43ms
[2025-11-10 05:46:46] [node-0] INFO: 【执行代投】
[2025-11-10 05:46:46] [node-0] INFO: 需要代投的节点数: 4
[2025-11-10 05:46:46] [node-0] INFO: 代投完成
[2025-11-10 05:46:47] [node-0] WARN: 投票失败节点数: 4
[2025-11-10 05:46:47] [node-0] INFO: 【分配热补偿】
[2025-11-10 05:46:47] [node-0] INFO: 无符合条件的节点，跳过热补偿
[2025-11-10 05:46:47] [node-0] INFO: 步骤3: 根据委托权重选举代理节点
[2025-11-10 05:46:47] [node-0] INFO:   当选代理 #1: node-0 (得票: 0.00)
[2025-11-10 05:46:47] [node-0] INFO: 【投票阶段结束】
[2025-11-10 05:46:47] [node-0] INFO:   总投票: 4, 成功: 0, 代投: 0, 失败: 4
[2025-11-10 05:46:47] [node-0] INFO: >>> 本节点是当前出块者，开始出块 <<<
[2025-11-10 05:46:47] [node-0] INFO: 【出块阶段】
[2025-11-10 05:46:47] [node-0] INFO: 节点 node-0 开始出块
[2025-11-10 05:46:47] [node-0] INFO:   从交易池获取 0 笔交易
[2025-11-10 05:46:47] [node-0] INFO:   创建区块 #6 (前块: hash-176)
[2025-11-10 05:46:47] [node-0] INFO:   交易手续费总额: 0.00
[2025-11-10 05:46:47] [node-0] INFO:   ✅ 及时出块 (耗时: 0 ms)
[2025-11-10 05:46:47] [node-0] WARN: 广播区块失败: 广播完成，成功: 1, 失败: 3
[2025-11-10 05:46:47] [node-0] WARN: 广播区块失败: 广播完成，成功: 1, 失败: 3
[2025-11-10 05:46:47] [node-0] INFO: 广播出块状态: round=4, success=false
[2025-11-10 05:46:47] [node-0] INFO: 【处理投票结果 - 出块后】
[2025-11-10 05:46:47] [node-0] INFO: 情况B: 投票节点未当选，退回保证金=0.00
[2025-11-10 05:46:47] [node-0] INFO: 【代理节点表现】
[2025-11-10 05:46:47] [node-0] INFO:   综合评分: 0.702 → 0.703
[2025-11-10 05:46:47] [node-0] INFO:   出块效率 P: 1.000
[2025-11-10 05:46:47] [node-0] INFO:   验证效率 C: 0.500
[2025-11-10 05:46:47] [node-0] INFO:   在线评分 O: 0.510
[2025-11-10 05:46:47] [node-0] INFO:   有效/延迟/无效: 4/0/0
[2025-11-10 05:46:47] [node-0] INFO: 【收到投票】
[2025-11-10 05:46:47] [node-0] INFO:   投票者: node-1 | 目标: node-1 | 权重: 148.87 | 耗时: 39.85ms
[2025-11-10 05:46:47] [node-0] INFO: 【收到投票】
[2025-11-10 05:46:47] [node-0] INFO:   投票者: node-2 | 目标: node-0 | 权重: 148.87 | 耗时: 37.44ms
[2025-11-10 05:46:47] [node-0] INFO:   ✅ 累计委托权重: 263.31
[2025-11-10 05:46:47] [node-0] INFO: 【收到投票】
[2025-11-10 05:46:47] [node-0] INFO:   投票者: node-3 | 目标: node-0 | 权重: 45.25 | 耗时: 20.89ms
[2025-11-10 05:46:47] [node-0] INFO:   ✅ 累计委托权重: 348.66
[2025-11-10 05:46:47] [node-0] INFO: 【收到投票】
[2025-11-10 05:46:47] [node-0] INFO:   投票者: node-4 | 目标: node-0 | 权重: 47.09 | 耗时: 39.52ms
[2025-11-10 05:46:47] [node-0] INFO:   ✅ 累计委托权重: 395.74
[2025-11-10 05:46:47] [node-0] INFO: 收到来自 node-1 的区块 #5
[2025-11-10 05:46:47] [node-0] WARN: 添加区块失败: 区块高度 5 已存在
[2025-11-10 05:46:47] [node-0] INFO: 【收到出块状态】
[2025-11-10 05:46:47] [node-0] INFO:   生产者: node-1 | 轮次: 4 | 成功: false
[2025-11-10 05:46:48] [node-0] INFO: --- 第 4 轮 ---
[2025-11-10 05:46:49] [node-0] INFO: ========================================
[2025-11-10 05:46:49] [node-0] INFO: 第 5 轮 | 时隙 1 | 区块高度 4
[2025-11-10 05:46:49] [node-0] INFO: 当前节点: node-0
[2025-11-10 05:46:49] [node-0] INFO: ========================================
[2025-11-10 05:46:49] [node-0] INFO: 【权重衰减】
[2025-11-10 05:46:49] [node-0] INFO:   旧权重: 133.98 → 新权重: 147.60 (变化: 13.62)
[2025-11-10 05:46:49] [node-0] INFO:   表现评分: 0.703 | 衰减率: 0.0594 | 半衰期: 11.7轮
[2025-11-10 05:46:49] [node-0] INFO: 【投票阶段开始】
[2025-11-10 05:46:49] [node-0] INFO: 步骤1: 锁定保证金 = 147.60
[2025-11-10 05:46:49] [node-0] INFO: 创建投票会话: 正常区段=41.59ms, 代投区段=50.00ms
[2025-11-10 05:46:49] [node-0] INFO: 步骤2: 投票阶段开始
[2025-11-10 05:46:49] [node-0] INFO:   本节点投票目标: node-0 (权重: 147.60, 表现: 0.703)
[2025-11-10 05:46:49] [node-0] INFO:   ✅ 正常投票 (耗时: 10.78 ms)
[2025-11-10 05:46:49] [node-0] INFO: 投票已发送: node-0 -> node-0
[2025-11-10 05:46:49] [node-0] INFO: 等待正常投票期结束: 41ms
[2025-11-10 05:46:49] [node-0] INFO: 【执行代投】
[2025-11-10 05:46:49] [node-0] INFO: 需要代投的节点数: 5
[2025-11-10 05:46:49] [node-0] INFO: 代投完成
[2025-11-10 05:46:50] [node-0] WARN: 投票失败节点数: 5
[2025-11-10 05:46:50] [node-0] INFO: 【分配热补偿】
[2025-11-10 05:46:50] [node-0] INFO: 无符合条件的节点，跳过热补偿
[2025-11-10 05:46:50] [node-0] INFO: 步骤3: 根据委托权重选举代理节点
[2025-11-10 05:46:50] [node-0] INFO:   当选代理 #1: node-0 (得票: 0.00)
[2025-11-10 05:46:50] [node-0] INFO: 【投票阶段结束】
[2025-11-10 05:46:50] [node-0] INFO:   总投票: 5, 成功: 0, 代投: 0, 失败: 5
[2025-11-10 05:46:50] [node-0] INFO: >>> 本节点是当前出块者，开始出块 <<<
[2025-11-10 05:46:50] [node-0] INFO: 【出块阶段】
[2025-11-10 05:46:50] [node-0] INFO: 节点 node-0 开始出块
[2025-11-10 05:46:50] [node-0] INFO:   从交易池获取 0 笔交易
[2025-11-10 05:46:50] [node-0] INFO:   创建区块 #7 (前块: hash-176)
[2025-11-10 05:46:50] [node-0] INFO:   交易手续费总额: 0.00
[2025-11-10 05:46:50] [node-0] INFO:   ✅ 及时出块 (耗时: 0 ms)
[2025-11-10 05:46:50] [node-0] WARN: 广播区块失败: 广播完成，成功: 1, 失败: 3
[2025-11-10 05:46:50] [node-0] WARN: 广播区块失败: 广播完成，成功: 1, 失败: 3
[2025-11-10 05:46:50] [node-0] INFO: 广播出块状态: round=5, success=false
[2025-11-10 05:46:50] [node-0] INFO: 【处理投票结果 - 出块后】
[2025-11-10 05:46:50] [node-0] INFO: 情况B: 投票节点未当选，退回保证金=0.00
[2025-11-10 05:46:50] [node-0] INFO: 【代理节点表现】
[2025-11-10 05:46:50] [node-0] INFO:   综合评分: 0.703 → 0.704
[2025-11-10 05:46:50] [node-0] INFO:   出块效率 P: 1.000
[2025-11-10 05:46:50] [node-0] INFO:   验证效率 C: 0.500
[2025-11-10 05:46:50] [node-0] INFO:   在线评分 O: 0.512
[2025-11-10 05:46:50] [node-0] INFO:   有效/延迟/无效: 5/0/0
[2025-11-10 05:46:50] [node-0] INFO: 【收到投票】
[2025-11-10 05:46:50] [node-0] INFO:   投票者: node-1 | 目标: node-1 | 权重: 147.58 | 耗时: 38.09ms
[2025-11-10 05:46:50] [node-0] INFO: 【收到投票】
[2025-11-10 05:46:50] [node-0] INFO:   投票者: node-2 | 目标: node-2 | 权重: 147.57 | 耗时: 33.97ms
[2025-11-10 05:46:50] [node-0] INFO: 【收到投票】
[2025-11-10 05:46:50] [node-0] INFO:   投票者: node-3 | 目标: node-3 | 权重: 55.51 | 耗时: 21.26ms
[2025-11-10 05:46:50] [node-0] INFO: 【收到投票】
[2025-11-10 05:46:50] [node-0] INFO:   投票者: node-4 | 目标: node-4 | 权重: 45.25 | 耗时: 44.26ms
[2025-11-10 05:46:50] [node-0] INFO: 收到来自 node-1 的区块 #6
[2025-11-10 05:46:50] [node-0] WARN: 添加区块失败: 区块高度 6 已存在
[2025-11-10 05:46:50] [node-0] INFO: 【收到出块状态】
[2025-11-10 05:46:50] [node-0] INFO:   生产者: node-1 | 轮次: 5 | 成功: false
[2025-11-10 05:46:51] [node-0] INFO: --- 第 5 轮 ---
[2025-11-10 05:46:52] [node-0] INFO: ========================================
[2025-11-10 05:46:52] [node-0] INFO: 第 6 轮 | 时隙 1 | 区块高度 5
[2025-11-10 05:46:52] [node-0] INFO: 当前节点: node-0
[2025-11-10 05:46:52] [node-0] INFO: ========================================
[2025-11-10 05:46:52] [node-0] INFO: 【权重衰减】
[2025-11-10 05:46:52] [node-0] INFO:   旧权重: 132.84 → 新权重: 147.71 (变化: 14.86)
[2025-11-10 05:46:52] [node-0] INFO:   表现评分: 0.704 | 衰减率: 0.0593 | 半衰期: 11.7轮
[2025-11-10 05:46:52] [node-0] INFO: 【投票阶段开始】
[2025-11-10 05:46:52] [node-0] INFO: 步骤1: 锁定保证金 = 147.71
[2025-11-10 05:46:52] [node-0] INFO: 创建投票会话: 正常区段=41.59ms, 代投区段=50.00ms
[2025-11-10 05:46:52] [node-0] INFO: 步骤2: 投票阶段开始
[2025-11-10 05:46:52] [node-0] INFO:   本节点投票目标: node-0 (权重: 147.71, 表现: 0.704)
[2025-11-10 05:46:52] [node-0] INFO:   ✅ 正常投票 (耗时: 18.59 ms)
[2025-11-10 05:46:52] [node-0] INFO: 投票已发送: node-0 -> node-0
[2025-11-10 05:46:52] [node-0] INFO: 等待正常投票期结束: 41ms
[2025-11-10 05:46:52] [node-0] INFO: 【执行代投】
[2025-11-10 05:46:52] [node-0] INFO: 需要代投的节点数: 5
[2025-11-10 05:46:52] [node-0] INFO: 代投完成
[2025-11-10 05:46:53] [node-0] WARN: 投票失败节点数: 5
[2025-11-10 05:46:53] [node-0] INFO: 【分配热补偿】
[2025-11-10 05:46:53] [node-0] INFO: 无符合条件的节点，跳过热补偿
[2025-11-10 05:46:53] [node-0] INFO: 步骤3: 根据委托权重选举代理节点
[2025-11-10 05:46:53] [node-0] INFO:   当选代理 #1: node-0 (得票: 0.00)
[2025-11-10 05:46:53] [node-0] INFO: 【投票阶段结束】
[2025-11-10 05:46:53] [node-0] INFO:   总投票: 5, 成功: 0, 代投: 0, 失败: 5
[2025-11-10 05:46:53] [node-0] INFO: >>> 本节点是当前出块者，开始出块 <<<
[2025-11-10 05:46:53] [node-0] INFO: 【出块阶段】
[2025-11-10 05:46:53] [node-0] INFO: 节点 node-0 开始出块
[2025-11-10 05:46:53] [node-0] INFO:   从交易池获取 0 笔交易
[2025-11-10 05:46:53] [node-0] INFO:   创建区块 #8 (前块: hash-176)
[2025-11-10 05:46:53] [node-0] INFO:   交易手续费总额: 0.00
[2025-11-10 05:46:53] [node-0] INFO:   ✅ 及时出块 (耗时: 0 ms)
[2025-11-10 05:46:53] [node-0] WARN: 广播区块失败: 广播完成，成功: 1, 失败: 3
[2025-11-10 05:46:53] [node-0] WARN: 广播区块失败: 广播完成，成功: 1, 失败: 3
[2025-11-10 05:46:53] [node-0] INFO: 广播出块状态: round=6, success=false
[2025-11-10 05:46:53] [node-0] INFO: 【处理投票结果 - 出块后】
[2025-11-10 05:46:53] [node-0] INFO: 情况B: 投票节点未当选，退回保证金=0.00
[2025-11-10 05:46:53] [node-0] INFO: 【代理节点表现】
[2025-11-10 05:46:53] [node-0] INFO:   综合评分: 0.704 → 0.704
[2025-11-10 05:46:53] [node-0] INFO:   出块效率 P: 1.000
[2025-11-10 05:46:53] [node-0] INFO:   验证效率 C: 0.500
[2025-11-10 05:46:53] [node-0] INFO:   在线评分 O: 0.515
[2025-11-10 05:46:53] [node-0] INFO:   有效/延迟/无效: 6/0/0
[2025-11-10 05:46:53] [node-0] INFO: 【收到投票】
[2025-11-10 05:46:53] [node-0] INFO:   投票者: node-1 | 目标: node-1 | 权重: 147.71 | 耗时: 30.29ms
[2025-11-10 05:46:53] [node-0] INFO: 【收到投票】
[2025-11-10 05:46:53] [node-0] INFO:   投票者: node-2 | 目标: node-0 | 权重: 147.70 | 耗时: 40.89ms
[2025-11-10 05:46:53] [node-0] INFO:   ✅ 累计委托权重: 280.52
[2025-11-10 05:46:53] [node-0] INFO: 【收到投票】
[2025-11-10 05:46:53] [node-0] INFO:   投票者: node-3 | 目标: node-0 | 权重: 55.70 | 耗时: 18.83ms
[2025-11-10 05:46:53] [node-0] INFO:   ✅ 累计委托权重: 381.18
[2025-11-10 05:46:53] [node-0] INFO: 【收到投票】
[2025-11-10 05:46:53] [node-0] INFO:   投票者: node-4 | 目标: node-0 | 权重: 55.71 | 耗时: 25.71ms
[2025-11-10 05:46:53] [node-0] INFO:   ✅ 累计委托权重: 473.54
[2025-11-10 05:46:53] [node-0] INFO: 收到来自 node-1 的区块 #7
[2025-11-10 05:46:53] [node-0] WARN: 添加区块失败: 区块高度 7 已存在
[2025-11-10 05:46:53] [node-0] INFO: 【收到出块状态】
[2025-11-10 05:46:53] [node-0] INFO:   生产者: node-1 | 轮次: 6 | 成功: false
[2025-11-10 05:46:54] [node-0] INFO: --- 第 6 轮 ---
[2025-11-10 05:46:55] [node-0] INFO: ========================================
[2025-11-10 05:46:55] [node-0] INFO: 第 7 轮 | 时隙 1 | 区块高度 6
[2025-11-10 05:46:55] [node-0] INFO: 当前节点: node-0
[2025-11-10 05:46:55] [node-0] INFO: ========================================
[2025-11-10 05:46:55] [node-0] INFO: 【权重衰减】
[2025-11-10 05:46:55] [node-0] INFO:   旧权重: 132.94 → 新权重: 147.83 (变化: 14.89)
[2025-11-10 05:46:55] [node-0] INFO:   表现评分: 0.704 | 衰减率: 0.0591 | 半衰期: 11.7轮
[2025-11-10 05:46:55] [node-0] INFO: 【投票阶段开始】
[2025-11-10 05:46:55] [node-0] INFO: 步骤1: 锁定保证金 = 147.83
[2025-11-10 05:46:55] [node-0] INFO: 创建投票会话: 正常区段=41.59ms, 代投区段=50.00ms
[2025-11-10 05:46:55] [node-0] INFO: 步骤2: 投票阶段开始
[2025-11-10 05:46:55] [node-0] INFO:   本节点投票目标: node-0 (权重: 147.83, 表现: 0.704)
[2025-11-10 05:46:55] [node-0] INFO:   ✅ 正常投票 (耗时: 29.37 ms)
[2025-11-10 05:46:55] [node-0] INFO: 投票已发送: node-0 -> node-0
[2025-11-10 05:46:55] [node-0] INFO: 等待正常投票期结束: 41ms
[2025-11-10 05:46:55] [node-0] INFO: 【执行代投】
[2025-11-10 05:46:55] [node-0] INFO: 需要代投的节点数: 5
[2025-11-10 05:46:55] [node-0] INFO: 代投完成
[2025-11-10 05:46:56] [node-0] WARN: 投票失败节点数: 5
[2025-11-10 05:46:56] [node-0] INFO: 【分配热补偿】
[2025-11-10 05:46:56] [node-0] INFO: 无符合条件的节点，跳过热补偿
[2025-11-10 05:46:56] [node-0] INFO: 步骤3: 根据委托权重选举代理节点
[2025-11-10 05:46:56] [node-0] INFO:   当选代理 #1: node-0 (得票: 0.00)
[2025-11-10 05:46:56] [node-0] INFO: 【投票阶段结束】
[2025-11-10 05:46:56] [node-0] INFO:   总投票: 5, 成功: 0, 代投: 0, 失败: 5
[2025-11-10 05:46:56] [node-0] INFO: >>> 本节点是当前出块者，开始出块 <<<
[2025-11-10 05:46:56] [node-0] INFO: 【出块阶段】
[2025-11-10 05:46:56] [node-0] INFO: 节点 node-0 开始出块
[2025-11-10 05:46:56] [node-0] INFO:   从交易池获取 0 笔交易
[2025-11-10 05:46:56] [node-0] INFO:   创建区块 #9 (前块: hash-176)
[2025-11-10 05:46:56] [node-0] INFO:   交易手续费总额: 0.00
[2025-11-10 05:46:56] [node-0] INFO:   ✅ 及时出块 (耗时: 0 ms)
[2025-11-10 05:46:56] [node-0] WARN: 广播区块失败: 广播完成，成功: 1, 失败: 3
[2025-11-10 05:46:56] [node-0] WARN: 广播区块失败: 广播完成，成功: 1, 失败: 3
[2025-11-10 05:46:56] [node-0] INFO: 广播出块状态: round=7, success=false
[2025-11-10 05:46:56] [node-0] INFO: 【处理投票结果 - 出块后】
[2025-11-10 05:46:56] [node-0] INFO: 情况B: 投票节点未当选，退回保证金=0.00
[2025-11-10 05:46:56] [node-0] INFO: 【代理节点表现】
[2025-11-10 05:46:56] [node-0] INFO:   综合评分: 0.704 → 0.705
[2025-11-10 05:46:56] [node-0] INFO:   出块效率 P: 1.000
[2025-11-10 05:46:56] [node-0] INFO:   验证效率 C: 0.500
[2025-11-10 05:46:56] [node-0] INFO:   在线评分 O: 0.517
[2025-11-10 05:46:56] [node-0] INFO:   有效/延迟/无效: 7/0/0
[2025-11-10 05:46:56] [node-0] INFO: 【收到投票】
[2025-11-10 05:46:56] [node-0] INFO:   投票者: node-1 | 目标: node-1 | 权重: 147.83 | 耗时: 30.77ms
[2025-11-10 05:46:56] [node-0] INFO: 【收到投票】
[2025-11-10 05:46:56] [node-0] INFO:   投票者: node-3 | 目标: node-3 | 权重: 55.88 | 耗时: 31.64ms
[2025-11-10 05:46:56] [node-0] INFO: 收到来自 node-1 的区块 #8
[2025-11-10 05:46:56] [node-0] WARN: 添加区块失败: 区块高度 8 已存在
[2025-11-10 05:46:56] [node-0] INFO: 【收到出块状态】
[2025-11-10 05:46:56] [node-0] INFO:   生产者: node-1 | 轮次: 7 | 成功: false
[2025-11-10 05:46:57] [node-0] INFO: --- 第 7 轮 ---
[2025-11-10 05:46:58] [node-0] INFO: ========================================
[2025-11-10 05:46:58] [node-0] INFO: 第 8 轮 | 时隙 1 | 区块高度 7
[2025-11-10 05:46:58] [node-0] INFO: 当前节点: node-0
[2025-11-10 05:46:58] [node-0] INFO: ========================================
[2025-11-10 05:46:58] [node-0] INFO: 【权重衰减】
[2025-11-10 05:46:58] [node-0] INFO:   旧权重: 133.04 → 新权重: 147.73 (变化: 14.69)
[2025-11-10 05:46:58] [node-0] INFO:   表现评分: 0.705 | 衰减率: 0.0590 | 半衰期: 11.8轮
[2025-11-10 05:46:58] [node-0] INFO: 【投票阶段开始】
[2025-11-10 05:46:58] [node-0] INFO: 步骤1: 锁定保证金 = 147.73
[2025-11-10 05:46:58] [node-0] INFO: 创建投票会话: 正常区段=41.59ms, 代投区段=50.00ms
[2025-11-10 05:46:58] [node-0] INFO: 步骤2: 投票阶段开始
[2025-11-10 05:46:58] [node-0] INFO:   本节点投票目标: node-0 (权重: 147.73, 表现: 0.705)
[2025-11-10 05:46:58] [node-0] INFO:   ✅ 正常投票 (耗时: 28.96 ms)
[2025-11-10 05:46:58] [node-0] INFO: 投票已发送: node-0 -> node-0
[2025-11-10 05:46:58] [node-0] INFO: 等待正常投票期结束: 41ms
[2025-11-10 05:46:58] [node-0] INFO: 【执行代投】
[2025-11-10 05:46:58] [node-0] INFO: 需要代投的节点数: 5
[2025-11-10 05:46:58] [node-0] INFO: 代投完成
[2025-11-10 05:46:59] [node-0] WARN: 投票失败节点数: 5
[2025-11-10 05:46:59] [node-0] INFO: 【分配热补偿】
[2025-11-10 05:46:59] [node-0] INFO: 无符合条件的节点，跳过热补偿
[2025-11-10 05:46:59] [node-0] INFO: 步骤3: 根据委托权重选举代理节点
[2025-11-10 05:46:59] [node-0] INFO:   当选代理 #1: node-0 (得票: 0.00)
[2025-11-10 05:46:59] [node-0] INFO: 【投票阶段结束】
[2025-11-10 05:46:59] [node-0] INFO:   总投票: 5, 成功: 0, 代投: 0, 失败: 5
[2025-11-10 05:46:59] [node-0] INFO: >>> 本节点是当前出块者，开始出块 <<<
[2025-11-10 05:46:59] [node-0] INFO: 【出块阶段】
[2025-11-10 05:46:59] [node-0] INFO: 节点 node-0 开始出块
[2025-11-10 05:46:59] [node-0] INFO:   从交易池获取 0 笔交易
[2025-11-10 05:46:59] [node-0] INFO:   创建区块 #10 (前块: hash-176)
[2025-11-10 05:46:59] [node-0] INFO:   交易手续费总额: 0.00
[2025-11-10 05:46:59] [node-0] INFO:   ✅ 及时出块 (耗时: 0 ms)
[2025-11-10 05:46:59] [node-0] WARN: 广播区块失败: 广播完成，成功: 1, 失败: 3
[2025-11-10 05:46:59] [node-0] WARN: 广播区块失败: 广播完成，成功: 1, 失败: 3
[2025-11-10 05:46:59] [node-0] INFO: 广播出块状态: round=8, success=false
[2025-11-10 05:46:59] [node-0] INFO: 【处理投票结果 - 出块后】
[2025-11-10 05:46:59] [node-0] INFO: 情况B: 投票节点未当选，退回保证金=0.00
[2025-11-10 05:46:59] [node-0] INFO: 【代理节点表现】
[2025-11-10 05:46:59] [node-0] INFO:   综合评分: 0.705 → 0.706
[2025-11-10 05:46:59] [node-0] INFO:   出块效率 P: 1.000
[2025-11-10 05:46:59] [node-0] INFO:   验证效率 C: 0.500
[2025-11-10 05:46:59] [node-0] INFO:   在线评分 O: 0.520
[2025-11-10 05:46:59] [node-0] INFO:   有效/延迟/无效: 8/0/0
[2025-11-10 05:46:59] [node-0] INFO: 【收到投票】
[2025-11-10 05:46:59] [node-0] INFO:   投票者: node-1 | 目标: node-1 | 权重: 147.73 | 耗时: 31.75ms
[2025-11-10 05:46:59] [node-0] INFO: 【收到投票】
[2025-11-10 05:46:59] [node-0] INFO:   投票者: node-2 | 目标: node-0 | 权重: 147.73 | 耗时: 40.00ms
[2025-11-10 05:46:59] [node-0] INFO:   ✅ 累计委托权重: 280.77
[2025-11-10 05:46:59] [node-0] INFO: 【收到投票】
[2025-11-10 05:46:59] [node-0] INFO:   投票者: node-3 | 目标: node-0 | 权重: 55.70 | 耗时: 25.54ms
[2025-11-10 05:46:59] [node-0] INFO:   ✅ 累计委托权重: 381.73
[2025-11-10 05:46:59] [node-0] INFO: 【收到投票】
[2025-11-10 05:46:59] [node-0] INFO:   投票者: node-4 | 目标: node-4 | 权重: 55.71 | 耗时: 31.48ms
[2025-11-10 05:46:59] [node-0] INFO: 收到来自 node-1 的区块 #9
[2025-11-10 05:46:59] [node-0] WARN: 添加区块失败: 区块高度 9 已存在
[2025-11-10 05:46:59] [node-0] INFO: 【收到出块状态】
[2025-11-10 05:46:59] [node-0] INFO:   生产者: node-1 | 轮次: 8 | 成功: false
[2025-11-10 05:46:59] [node-0] INFO: 收到来自 node-2 的区块 #11
[2025-11-10 05:46:59] [node-0] INFO: 【收到出块状态】
[2025-11-10 05:46:59] [node-0] INFO:   生产者: node-2 | 轮次: 7 | 成功: false
[2025-11-10 05:46:59] [node-0] INFO: 收到来自 node-3 的区块 #3
[2025-11-10 05:46:59] [node-0] WARN: 添加区块失败: 区块高度 3 已存在
[2025-11-10 05:46:59] [node-0] INFO: 【收到出块状态】
[2025-11-10 05:46:59] [node-0] INFO:   生产者: node-3 | 轮次: 6 | 成功: false
[Discovery] === 执行定期刷新 ===
[Discovery] 当前对等节点数: 4
[Discovery] 从 /peers 端点发现 3 个对等节点
[Discovery] 从 /peers 端点发现 3 个对等节点
[Discovery] 从 /peers 端点发现 3 个对等节点
[Discovery] 从 /peers 端点发现 3 个对等节点
[2025-11-10 05:47:00] [node-0] INFO: --- 第 8 轮 ---
[2025-11-10 05:47:01] [node-0] INFO: ========================================
[2025-11-10 05:47:01] [node-0] INFO: 第 9 轮 | 时隙 1 | 区块高度 8
[2025-11-10 05:47:01] [node-0] INFO: 当前节点: node-0
[2025-11-10 05:47:01] [node-0] INFO: ========================================
[2025-11-10 05:47:01] [node-0] INFO: 【权重衰减】
[2025-11-10 05:47:01] [node-0] INFO:   旧权重: 132.96 → 新权重: 147.84 (变化: 14.88)
[2025-11-10 05:47:01] [node-0] INFO:   表现评分: 0.706 | 衰减率: 0.0588 | 半衰期: 11.8轮
[2025-11-10 05:47:01] [node-0] INFO: 【投票阶段开始】
[2025-11-10 05:47:01] [node-0] INFO: 步骤1: 锁定保证金 = 147.84
[2025-11-10 05:47:01] [node-0] INFO: 创建投票会话: 正常区段=41.59ms, 代投区段=50.00ms
[2025-11-10 05:47:01] [node-0] INFO: 步骤2: 投票阶段开始
[2025-11-10 05:47:01] [node-0] INFO:   本节点投票目标: node-0 (权重: 147.84, 表现: 0.706)
[2025-11-10 05:47:01] [node-0] INFO:   ✅ 正常投票 (耗时: 11.89 ms)
[2025-11-10 05:47:01] [node-0] INFO: 投票已发送: node-0 -> node-0
[2025-11-10 05:47:01] [node-0] INFO: 等待正常投票期结束: 41ms
[2025-11-10 05:47:01] [node-0] INFO: 【执行代投】
[2025-11-10 05:47:01] [node-0] INFO: 需要代投的节点数: 5
[2025-11-10 05:47:01] [node-0] INFO: 代投完成
[2025-11-10 05:47:02] [node-0] WARN: 投票失败节点数: 5
[2025-11-10 05:47:02] [node-0] INFO: 【分配热补偿】
[2025-11-10 05:47:02] [node-0] INFO: 无符合条件的节点，跳过热补偿
[2025-11-10 05:47:02] [node-0] INFO: 步骤3: 根据委托权重选举代理节点
[2025-11-10 05:47:02] [node-0] INFO:   当选代理 #1: node-0 (得票: 0.00)
[2025-11-10 05:47:02] [node-0] INFO: 【投票阶段结束】
[2025-11-10 05:47:02] [node-0] INFO:   总投票: 5, 成功: 0, 代投: 0, 失败: 5
[2025-11-10 05:47:02] [node-0] INFO: >>> 本节点是当前出块者，开始出块 <<<
[2025-11-10 05:47:02] [node-0] INFO: 【出块阶段】
[2025-11-10 05:47:02] [node-0] INFO: 节点 node-0 开始出块
[2025-11-10 05:47:02] [node-0] INFO:   从交易池获取 0 笔交易
[2025-11-10 05:47:02] [node-0] INFO:   创建区块 #12 (前块: hash-176)
[2025-11-10 05:47:02] [node-0] INFO:   交易手续费总额: 0.00
[2025-11-10 05:47:02] [node-0] INFO:   ✅ 及时出块 (耗时: 0 ms)
[2025-11-10 05:47:02] [node-0] WARN: 广播区块失败: 广播完成，成功: 1, 失败: 3
[2025-11-10 05:47:02] [node-0] WARN: 广播区块失败: 广播完成，成功: 1, 失败: 3
[2025-11-10 05:47:02] [node-0] INFO: 广播出块状态: round=9, success=false
[2025-11-10 05:47:02] [node-0] INFO: 【处理投票结果 - 出块后】
[2025-11-10 05:47:02] [node-0] INFO: 情况B: 投票节点未当选，退回保证金=0.00
[2025-11-10 05:47:02] [node-0] INFO: 【代理节点表现】
[2025-11-10 05:47:02] [node-0] INFO:   综合评分: 0.706 → 0.707
[2025-11-10 05:47:02] [node-0] INFO:   出块效率 P: 1.000
[2025-11-10 05:47:02] [node-0] INFO:   验证效率 C: 0.500
[2025-11-10 05:47:02] [node-0] INFO:   在线评分 O: 0.522
[2025-11-10 05:47:02] [node-0] INFO:   有效/延迟/无效: 9/0/0
[2025-11-10 05:47:02] [node-0] INFO: 【收到投票】
[2025-11-10 05:47:02] [node-0] INFO:   投票者: node-1 | 目标: node-1 | 权重: 147.84 | 耗时: 39.95ms
[2025-11-10 05:47:02] [node-0] INFO: 【收到投票】
[2025-11-10 05:47:02] [node-0] INFO:   投票者: node-3 | 目标: node-0 | 权重: 53.57 | 耗时: 24.74ms
[2025-11-10 05:47:02] [node-0] INFO:   ✅ 累计委托权重: 103.70
[2025-11-10 05:47:02] [node-0] INFO: 【收到投票】
[2025-11-10 05:47:02] [node-0] INFO:   投票者: node-4 | 目标: node-0 | 权重: 55.87 | 耗时: 30.22ms
[2025-11-10 05:47:02] [node-0] INFO:   ✅ 累计委托权重: 204.70
[2025-11-10 05:47:02] [node-0] INFO: 收到来自 node-1 的区块 #10
[2025-11-10 05:47:02] [node-0] WARN: 添加区块失败: 区块高度 10 已存在
[2025-11-10 05:47:02] [node-0] INFO: 【收到出块状态】
[2025-11-10 05:47:02] [node-0] INFO:   生产者: node-1 | 轮次: 9 | 成功: false
[2025-11-10 05:47:02] [node-0] INFO: 收到来自 node-2 的区块 #13
[2025-11-10 05:47:02] [node-0] INFO: 【收到出块状态】
[2025-11-10 05:47:02] [node-0] INFO:   生产者: node-2 | 轮次: 8 | 成功: false
[2025-11-10 05:47:03] [node-0] INFO: --- 第 9 轮 ---
[2025-11-10 05:47:04] [node-0] INFO: ========================================
[2025-11-10 05:47:04] [node-0] INFO: 第 10 轮 | 时隙 1 | 区块高度 9
[2025-11-10 05:47:04] [node-0] INFO: 当前节点: node-0
[2025-11-10 05:47:04] [node-0] INFO: ========================================
[2025-11-10 05:47:04] [node-0] INFO: 【权重衰减】
[2025-11-10 05:47:04] [node-0] INFO:   旧权重: 133.05 → 新权重: 147.81 (变化: 14.75)
[2025-11-10 05:47:04] [node-0] INFO:   表现评分: 0.707 | 衰减率: 0.0587 | 半衰期: 11.8轮
[2025-11-10 05:47:04] [node-0] INFO: --- 重新选举代理节点 ---
[2025-11-10 05:47:04] [node-0] INFO: ========================================
[2025-11-10 05:47:04] [node-0] INFO: 【代理节点选举 - 连任检查】
[2025-11-10 05:47:04] [node-0] INFO: ========================================
[2025-11-10 05:47:04] [node-0] INFO: 连任检查: node-0
[2025-11-10 05:47:04] [node-0] INFO:   连任次数: 0
[2025-11-10 05:47:04] [node-0] INFO:   所需权重: 150.00
[2025-11-10 05:47:04] [node-0] INFO:   实际委托: 204.70
[2025-11-10 05:47:04] [node-0] INFO:   权重缺口: -54.70
[2025-11-10 05:47:04] [node-0] INFO:   ✅ 满足连任条件
[2025-11-10 05:47:04] [node-0] INFO: 选出 2 个代理节点:
[2025-11-10 05:47:04] [node-0] INFO:   #1: node-1 (权重: 147.84, 连任: 0次)
[2025-11-10 05:47:04] [node-0] INFO:   #2: node-2 (权重: 147.83, 连任: 0次)
[2025-11-10 05:47:04] [node-0] INFO: ========================================
[2025-11-10 05:47:04] [node-0] INFO: 选出 2 个代理节点:
[2025-11-10 05:47:04] [node-0] INFO:   #0: node-1 (权重: 147.84, 表现: 0.707)
[2025-11-10 05:47:04] [node-0] INFO:   #1: node-2 (权重: 147.83, 表现: 0.706)
[2025-11-10 05:47:04] [node-0] INFO: 【投票阶段开始】
[2025-11-10 05:47:04] [node-0] INFO: 步骤1: 锁定保证金 = 147.81
[2025-11-10 05:47:04] [node-0] INFO: 创建投票会话: 正常区段=41.59ms, 代投区段=50.00ms
[2025-11-10 05:47:04] [node-0] INFO: 步骤2: 投票阶段开始
[2025-11-10 05:47:04] [node-0] INFO:   本节点投票目标: node-2 (权重: 147.83, 表现: 0.706)
[2025-11-10 05:47:04] [node-0] INFO:   ✅ 正常投票 (耗时: 28.41 ms)
[2025-11-10 05:47:04] [node-0] INFO: 投票已发送: node-0 -> node-2
[2025-11-10 05:47:04] [node-0] INFO: 等待正常投票期结束: 41ms
[2025-11-10 05:47:05] [node-0] WARN: 投票失败节点数: 5
[2025-11-10 05:47:05] [node-0] INFO: 步骤3: 根据委托权重选举代理节点
[2025-11-10 05:47:05] [node-0] INFO:   当选代理 #1: node-1 (得票: 0.00)
[2025-11-10 05:47:05] [node-0] INFO:   当选代理 #2: node-2 (得票: 0.00)
[2025-11-10 05:47:05] [node-0] INFO: 【投票阶段结束】
[2025-11-10 05:47:05] [node-0] INFO:   总投票: 5, 成功: 0, 代投: 0, 失败: 5
[2025-11-10 05:47:05] [node-0] INFO: 【处理投票结果 - 出块后】
[2025-11-10 05:47:05] [node-0] INFO: 情况B: 投票节点未当选，退回保证金=0.00
[2025-11-10 05:47:05] [node-0] INFO: 【投票节点表现】
[2025-11-10 05:47:05] [node-0] INFO:   综合评分: 0.707 → 0.710
[2025-11-10 05:47:05] [node-0] INFO:   投票速率 V: 0.803
[2025-11-10 05:47:05] [node-0] INFO:   投票行为 B: 0.591
[2025-11-10 05:47:05] [node-0] INFO:   成功/失败: 10/10
[2025-11-10 05:47:05] [node-0] INFO: 【收到投票】
[2025-11-10 05:47:05] [node-0] INFO:   投票者: node-1 | 目标: node-0 | 权重: 147.81 | 耗时: 30.29ms
[2025-11-10 05:47:05] [node-0] INFO:   ✅ 累计委托权重: 352.50
[2025-11-10 05:47:05] [node-0] INFO: 【收到投票】
[2025-11-10 05:47:05] [node-0] INFO:   投票者: node-3 | 目标: node-0 | 权重: 53.52 | 耗时: 20.80ms
[2025-11-10 05:47:05] [node-0] INFO:   ✅ 累计委托权重: 406.02
[2025-11-10 05:47:05] [node-0] INFO: 【收到投票】
[2025-11-10 05:47:05] [node-0] INFO:   投票者: node-4 | 目标: node-0 | 权重: 55.80 | 耗时: 31.49ms
[2025-11-10 05:47:05] [node-0] INFO:   ✅ 累计委托权重: 461.82
[2025-11-10 05:47:05] [node-0] INFO: 收到来自 node-2 的区块 #14
[2025-11-10 05:47:05] [node-0] INFO: 【收到出块状态】
[2025-11-10 05:47:05] [node-0] INFO:   生产者: node-2 | 轮次: 9 | 成功: false
[2025-11-10 05:47:05] [node-0] INFO:   ✅ 更新代理节点 node-2 的出块状态
[2025-11-10 05:47:06] [node-0] INFO: --- 第 10 轮 ---
[2025-11-10 05:47:07] [node-0] INFO: ========================================
[2025-11-10 05:47:07] [node-0] INFO: 第 11 轮 | 时隙 1 | 区块高度 10
[2025-11-10 05:47:07] [node-0] INFO: 当前节点: node-2
[2025-11-10 05:47:07] [node-0] INFO: ========================================
[2025-11-10 05:47:07] [node-0] INFO: 【权重衰减】
[2025-11-10 05:47:07] [node-0] INFO:   旧权重: 133.03 → 新权重: 147.55 (变化: 14.53)
[2025-11-10 05:47:07] [node-0] INFO:   表现评分: 0.710 | 衰减率: 0.0579 | 半衰期: 12.0轮
[2025-11-10 05:47:07] [node-0] INFO: 【投票阶段开始】
[2025-11-10 05:47:07] [node-0] INFO: 步骤1: 锁定保证金 = 147.55
[2025-11-10 05:47:07] [node-0] INFO: 创建投票会话: 正常区段=41.59ms, 代投区段=50.00ms
[2025-11-10 05:47:07] [node-0] INFO: 步骤2: 投票阶段开始
[2025-11-10 05:47:07] [node-0] INFO:   本节点投票目标: node-2 (权重: 133.05, 表现: 0.706)
[2025-11-10 05:47:07] [node-0] INFO:   ✅ 正常投票 (耗时: 29.01 ms)
[2025-11-10 05:47:07] [node-0] INFO: 投票已发送: node-0 -> node-2
[2025-11-10 05:47:07] [node-0] INFO: 等待正常投票期结束: 41ms
[2025-11-10 05:47:08] [node-0] WARN: 投票失败节点数: 5
[2025-11-10 05:47:08] [node-0] INFO: 步骤3: 根据委托权重选举代理节点
[2025-11-10 05:47:08] [node-0] INFO:   当选代理 #1: node-1 (得票: 0.00)
[2025-11-10 05:47:08] [node-0] INFO:   当选代理 #2: node-2 (得票: 0.00)
[2025-11-10 05:47:08] [node-0] INFO: 【投票阶段结束】
[2025-11-10 05:47:08] [node-0] INFO:   总投票: 5, 成功: 0, 代投: 0, 失败: 5
[2025-11-10 05:47:08] [node-0] INFO: 【处理投票结果 - 出块后】
[2025-11-10 05:47:08] [node-0] INFO: 情况B: 投票节点未当选，退回保证金=0.00
[2025-11-10 05:47:08] [node-0] INFO: 【投票节点表现】
[2025-11-10 05:47:08] [node-0] INFO:   综合评分: 0.710 → 0.707
[2025-11-10 05:47:08] [node-0] INFO:   投票速率 V: 0.795
[2025-11-10 05:47:08] [node-0] INFO:   投票行为 B: 0.591
[2025-11-10 05:47:08] [node-0] INFO:   成功/失败: 11/11
[2025-11-10 05:47:08] [node-0] INFO: 【收到投票】
[2025-11-10 05:47:08] [node-0] INFO:   投票者: node-1 | 目标: node-0 | 权重: 147.14 | 耗时: 25.93ms
[2025-11-10 05:47:08] [node-0] INFO:   ✅ 累计委托权重: 608.97
[2025-11-10 05:47:08] [node-0] INFO: 【收到投票】
[2025-11-10 05:47:08] [node-0] INFO:   投票者: node-2 | 目标: node-1 | 权重: 147.52 | 耗时: 41.37ms
[2025-11-10 05:47:08] [node-0] INFO: 【收到投票】
[2025-11-10 05:47:08] [node-0] INFO:   投票者: node-3 | 目标: node-3 | 权重: 53.22 | 耗时: 32.68ms
[2025-11-10 05:47:08] [node-0] INFO: 【收到投票】
[2025-11-10 05:47:08] [node-0] INFO:   投票者: node-4 | 目标: node-0 | 权重: 55.32 | 耗时: 25.74ms
[2025-11-10 05:47:08] [node-0] INFO:   ✅ 累计委托权重: 664.28
[2025-11-10 05:47:09] [node-0] INFO: 已完成 10/100 轮
[2025-11-10 05:47:09] [node-0] INFO: 当前状态:
[2025-11-10 05:47:09] [node-0] INFO:   权重: 132.80 (半衰期: 11.8)
[2025-11-10 05:47:09] [node-0] INFO:   表现: 0.707
[2025-11-10 05:47:09] [node-0] INFO:   投票: 成功=11, 失败=11
[2025-11-10 05:47:09] [node-0] INFO:   奖励: 200.00, 补偿: 0.00
[2025-11-10 05:47:09] [node-0] INFO: --- 第 11 轮 ---
[2025-11-10 05:47:10] [node-0] INFO: ========================================
[2025-11-10 05:47:10] [node-0] INFO: 第 12 轮 | 时隙 1 | 区块高度 11
[2025-11-10 05:47:10] [node-0] INFO: 当前节点: node-2
[2025-11-10 05:47:10] [node-0] INFO: ========================================
[2025-11-10 05:47:10] [node-0] INFO: 【权重衰减】
[2025-11-10 05:47:10] [node-0] INFO:   旧权重: 132.80 → 新权重: 147.50 (变化: 14.71)
[2025-11-10 05:47:10] [node-0] INFO:   表现评分: 0.707 | 衰减率: 0.0586 | 半衰期: 11.8轮
[2025-11-10 05:47:10] [node-0] INFO: 【投票阶段开始】
[2025-11-10 05:47:10] [node-0] INFO: 步骤1: 锁定保证金 = 147.50
[2025-11-10 05:47:10] [node-0] INFO: 创建投票会话: 正常区段=41.59ms, 代投区段=50.00ms
[2025-11-10 05:47:10] [node-0] INFO: 步骤2: 投票阶段开始
[2025-11-10 05:47:10] [node-0] INFO:   本节点投票目标: node-2 (权重: 133.05, 表现: 0.706)
[2025-11-10 05:47:10] [node-0] INFO:   ✅ 正常投票 (耗时: 18.83 ms)
[2025-11-10 05:47:10] [node-0] INFO: 投票已发送: node-0 -> node-2
[2025-11-10 05:47:10] [node-0] INFO: 等待正常投票期结束: 41ms
[2025-11-10 05:47:11] [node-0] WARN: 投票失败节点数: 5
[2025-11-10 05:47:11] [node-0] INFO: 步骤3: 根据委托权重选举代理节点
[2025-11-10 05:47:11] [node-0] INFO:   当选代理 #1: node-1 (得票: 0.00)
[2025-11-10 05:47:11] [node-0] INFO:   当选代理 #2: node-2 (得票: 0.00)
[2025-11-10 05:47:11] [node-0] INFO: 【投票阶段结束】
[2025-11-10 05:47:11] [node-0] INFO:   总投票: 5, 成功: 0, 代投: 0, 失败: 5
[2025-11-10 05:47:11] [node-0] INFO: 【处理投票结果 - 出块后】
[2025-11-10 05:47:11] [node-0] INFO: 情况B: 投票节点未当选，退回保证金=0.00
[2025-11-10 05:47:11] [node-0] INFO: 【投票节点表现】
[2025-11-10 05:47:11] [node-0] INFO:   综合评分: 0.707 → 0.708
[2025-11-10 05:47:11] [node-0] INFO:   投票速率 V: 0.796
[2025-11-10 05:47:11] [node-0] INFO:   投票行为 B: 0.591
[2025-11-10 05:47:11] [node-0] INFO:   成功/失败: 12/12
[2025-11-10 05:47:11] [node-0] INFO: 【收到投票】
[2025-11-10 05:47:11] [node-0] INFO:   投票者: node-1 | 目标: node-0 | 权重: 147.15 | 耗时: 27.08ms
[2025-11-10 05:47:11] [node-0] INFO:   ✅ 累计委托权重: 811.43
[2025-11-10 05:47:11] [node-0] INFO: 【收到投票】
[2025-11-10 05:47:11] [node-0] INFO:   投票者: node-3 | 目标: node-2 | 权重: 53.20 | 耗时: 21.12ms
[2025-11-10 05:47:11] [node-0] INFO: 【收到投票】
[2025-11-10 05:47:11] [node-0] INFO:   投票者: node-4 | 目标: node-4 | 权重: 55.28 | 耗时: 26.18ms
[2025-11-10 05:47:12] [node-0] INFO: --- 第 12 轮 ---
[2025-11-10 05:47:13] [node-0] INFO: ========================================
[2025-11-10 05:47:13] [node-0] INFO: 第 13 轮 | 时隙 1 | 区块高度 12
[2025-11-10 05:47:13] [node-0] INFO: 当前节点: node-2
[2025-11-10 05:47:13] [node-0] INFO: ========================================
[2025-11-10 05:47:13] [node-0] INFO: 【权重衰减】
[2025-11-10 05:47:13] [node-0] INFO:   旧权重: 132.75 → 新权重: 147.44 (变化: 14.69)
[2025-11-10 05:47:13] [node-0] INFO:   表现评分: 0.708 | 衰减率: 0.0585 | 半衰期: 11.8轮
[2025-11-10 05:47:13] [node-0] INFO: 【投票阶段开始】
[2025-11-10 05:47:13] [node-0] INFO: 步骤1: 锁定保证金 = 147.44
[2025-11-10 05:47:13] [node-0] INFO: 创建投票会话: 正常区段=41.59ms, 代投区段=50.00ms
[2025-11-10 05:47:13] [node-0] INFO: 步骤2: 投票阶段开始
[2025-11-10 05:47:13] [node-0] INFO:   本节点投票目标: node-2 (权重: 133.05, 表现: 0.706)
[2025-11-10 05:47:13] [node-0] INFO:   ✅ 正常投票 (耗时: 16.90 ms)
[2025-11-10 05:47:13] [node-0] INFO: 投票已发送: node-0 -> node-2
[2025-11-10 05:47:13] [node-0] INFO: 等待正常投票期结束: 41ms
[2025-11-10 05:47:14] [node-0] WARN: 投票失败节点数: 5
[2025-11-10 05:47:14] [node-0] INFO: 步骤3: 根据委托权重选举代理节点
[2025-11-10 05:47:14] [node-0] INFO:   当选代理 #1: node-1 (得票: 0.00)
[2025-11-10 05:47:14] [node-0] INFO:   当选代理 #2: node-2 (得票: 0.00)
[2025-11-10 05:47:14] [node-0] INFO: 【投票阶段结束】
[2025-11-10 05:47:14] [node-0] INFO:   总投票: 5, 成功: 0, 代投: 0, 失败: 5
[2025-11-10 05:47:14] [node-0] INFO: 【处理投票结果 - 出块后】
[2025-11-10 05:47:14] [node-0] INFO: 情况B: 投票节点未当选，退回保证金=0.00
[2025-11-10 05:47:14] [node-0] INFO: 【投票节点表现】
[2025-11-10 05:47:14] [node-0] INFO:   综合评分: 0.708 → 0.709
[2025-11-10 05:47:14] [node-0] INFO:   投票速率 V: 0.799
[2025-11-10 05:47:14] [node-0] INFO:   投票行为 B: 0.591
[2025-11-10 05:47:14] [node-0] INFO:   成功/失败: 13/13
[2025-11-10 05:47:14] [node-0] INFO: 【收到投票】
[2025-11-10 05:47:14] [node-0] INFO:   投票者: node-1 | 目标: node-2 | 权重: 147.08 | 耗时: 31.61ms
[2025-11-10 05:47:14] [node-0] INFO: 【收到投票】
[2025-11-10 05:47:14] [node-0] INFO:   投票者: node-3 | 目标: node-0 | 权重: 53.27 | 耗时: 20.58ms
[2025-11-10 05:47:14] [node-0] INFO:   ✅ 累计委托权重: 864.70
[2025-11-10 05:47:14] [node-0] INFO: 【收到投票】
[2025-11-10 05:47:14] [node-0] INFO:   投票者: node-4 | 目标: node-2 | 权重: 55.16 | 耗时: 26.30ms
[2025-11-10 05:47:15] [node-0] INFO: --- 第 13 轮 ---
[2025-11-10 05:47:16] [node-0] INFO: ========================================
[2025-11-10 05:47:16] [node-0] INFO: 第 14 轮 | 时隙 1 | 区块高度 13
[2025-11-10 05:47:16] [node-0] INFO: 当前节点: node-2
[2025-11-10 05:47:16] [node-0] INFO: ========================================
[2025-11-10 05:47:16] [node-0] INFO: 【权重衰减】
[2025-11-10 05:47:16] [node-0] INFO:   旧权重: 132.70 → 新权重: 147.45 (变化: 14.75)
[2025-11-10 05:47:16] [node-0] INFO:   表现评分: 0.709 | 衰减率: 0.0583 | 半衰期: 11.9轮
[2025-11-10 05:47:16] [node-0] INFO: 【投票阶段开始】
[2025-11-10 05:47:16] [node-0] INFO: 步骤1: 锁定保证金 = 147.45
[2025-11-10 05:47:16] [node-0] INFO: 创建投票会话: 正常区段=41.59ms, 代投区段=50.00ms
[2025-11-10 05:47:16] [node-0] INFO: 步骤2: 投票阶段开始
[2025-11-10 05:47:16] [node-0] INFO:   本节点投票目标: node-2 (权重: 133.05, 表现: 0.706)
[2025-11-10 05:47:16] [node-0] INFO:   ✅ 正常投票 (耗时: 10.84 ms)
[2025-11-10 05:47:16] [node-0] INFO: 投票已发送: node-0 -> node-2
[2025-11-10 05:47:16] [node-0] INFO: 等待正常投票期结束: 41ms
[2025-11-10 05:47:17] [node-0] WARN: 投票失败节点数: 5
[2025-11-10 05:47:17] [node-0] INFO: 步骤3: 根据委托权重选举代理节点
[2025-11-10 05:47:17] [node-0] INFO:   当选代理 #1: node-1 (得票: 0.00)
[2025-11-10 05:47:17] [node-0] INFO:   当选代理 #2: node-2 (得票: 0.00)
[2025-11-10 05:47:17] [node-0] INFO: 【投票阶段结束】
[2025-11-10 05:47:17] [node-0] INFO:   总投票: 5, 成功: 0, 代投: 0, 失败: 5
[2025-11-10 05:47:17] [node-0] INFO: 【处理投票结果 - 出块后】
[2025-11-10 05:47:17] [node-0] INFO: 情况B: 投票节点未当选，退回保证金=0.00
[2025-11-10 05:47:17] [node-0] INFO: 【投票节点表现】
[2025-11-10 05:47:17] [node-0] INFO:   综合评分: 0.709 → 0.711
[2025-11-10 05:47:17] [node-0] INFO:   投票速率 V: 0.805
[2025-11-10 05:47:17] [node-0] INFO:   投票行为 B: 0.591
[2025-11-10 05:47:17] [node-0] INFO:   成功/失败: 14/14
[2025-11-10 05:47:17] [node-0] INFO: 【收到投票】
[2025-11-10 05:47:17] [node-0] INFO:   投票者: node-1 | 目标: node-2 | 权重: 147.08 | 耗时: 37.20ms
[2025-11-10 05:47:17] [node-0] INFO: 【收到投票】
[2025-11-10 05:47:17] [node-0] INFO:   投票者: node-2 | 目标: node-2 | 权重: 147.45 | 耗时: 34.62ms
[2025-11-10 05:47:17] [node-0] INFO: 【收到投票】
[2025-11-10 05:47:17] [node-0] INFO:   投票者: node-3 | 目标: node-0 | 权重: 53.25 | 耗时: 15.66ms
[2025-11-10 05:47:17] [node-0] INFO:   ✅ 累计委托权重: 917.96
[2025-11-10 05:47:17] [node-0] INFO: 【收到投票】
[2025-11-10 05:47:17] [node-0] INFO:   投票者: node-4 | 目标: node-0 | 权重: 53.55 | 耗时: 35.37ms
[2025-11-10 05:47:17] [node-0] INFO:   ✅ 累计委托权重: 971.51
[2025-11-10 05:47:18] [node-0] INFO: --- 第 14 轮 ---
[2025-11-10 05:47:19] [node-0] INFO: ========================================
[2025-11-10 05:47:19] [node-0] INFO: 第 15 轮 | 时隙 1 | 区块高度 14
[2025-11-10 05:47:19] [node-0] INFO: 当前节点: node-2
[2025-11-10 05:47:19] [node-0] INFO: ========================================
[2025-11-10 05:47:19] [node-0] INFO: 【权重衰减】
[2025-11-10 05:47:19] [node-0] INFO:   旧权重: 132.70 → 新权重: 147.44 (变化: 14.74)
[2025-11-10 05:47:19] [node-0] INFO:   表现评分: 0.711 | 衰减率: 0.0577 | 半衰期: 12.0轮
[2025-11-10 05:47:19] [node-0] INFO: 【投票阶段开始】
[2025-11-10 05:47:19] [node-0] INFO: 步骤1: 锁定保证金 = 147.44
[2025-11-10 05:47:19] [node-0] INFO: 创建投票会话: 正常区段=41.59ms, 代投区段=50.00ms
[2025-11-10 05:47:19] [node-0] INFO: 步骤2: 投票阶段开始
[2025-11-10 05:47:19] [node-0] INFO:   本节点投票目标: node-2 (权重: 133.05, 表现: 0.706)
[2025-11-10 05:47:19] [node-0] INFO:   ✅ 正常投票 (耗时: 20.48 ms)
[2025-11-10 05:47:19] [node-0] INFO: 投票已发送: node-0 -> node-2
[2025-11-10 05:47:19] [node-0] INFO: 等待正常投票期结束: 41ms
[2025-11-10 05:47:20] [node-0] WARN: 投票失败节点数: 5
[2025-11-10 05:47:20] [node-0] INFO: 步骤3: 根据委托权重选举代理节点
[2025-11-10 05:47:20] [node-0] INFO:   当选代理 #1: node-1 (得票: 0.00)
[2025-11-10 05:47:20] [node-0] INFO:   当选代理 #2: node-2 (得票: 0.00)
[2025-11-10 05:47:20] [node-0] INFO: 【投票阶段结束】
[2025-11-10 05:47:20] [node-0] INFO:   总投票: 5, 成功: 0, 代投: 0, 失败: 5
[2025-11-10 05:47:20] [node-0] INFO: 【处理投票结果 - 出块后】
[2025-11-10 05:47:20] [node-0] INFO: 情况B: 投票节点未当选，退回保证金=0.00
[2025-11-10 05:47:20] [node-0] INFO: 【投票节点表现】
[2025-11-10 05:47:20] [node-0] INFO:   综合评分: 0.711 → 0.711
[2025-11-10 05:47:20] [node-0] INFO:   投票速率 V: 0.805
[2025-11-10 05:47:20] [node-0] INFO:   投票行为 B: 0.591
[2025-11-10 05:47:20] [node-0] INFO:   成功/失败: 15/15
[2025-11-10 05:47:20] [node-0] INFO: 【收到投票】
[2025-11-10 05:47:20] [node-0] INFO:   投票者: node-1 | 目标: node-2 | 权重: 147.03 | 耗时: 31.79ms
[2025-11-10 05:47:20] [node-0] INFO: 【收到投票】
[2025-11-10 05:47:20] [node-0] INFO:   投票者: node-2 | 目标: node-1 | 权重: 147.43 | 耗时: 32.49ms
[2025-11-10 05:47:20] [node-0] INFO: 【收到投票】
[2025-11-10 05:47:20] [node-0] INFO:   投票者: node-3 | 目标: node-2 | 权重: 53.19 | 耗时: 32.08ms
[2025-11-10 05:47:21] [node-0] INFO: --- 第 15 轮 ---
[2025-11-10 05:47:22] [node-0] INFO: ========================================
[2025-11-10 05:47:22] [node-0] INFO: 第 16 轮 | 时隙 1 | 区块高度 15
[2025-11-10 05:47:22] [node-0] INFO: 当前节点: node-2
[2025-11-10 05:47:22] [node-0] INFO: ========================================
[2025-11-10 05:47:22] [node-0] INFO: 【权重衰减】
[2025-11-10 05:47:22] [node-0] INFO:   旧权重: 132.70 → 新权重: 147.44 (变化: 14.74)
[2025-11-10 05:47:22] [node-0] INFO:   表现评分: 0.711 | 衰减率: 0.0578 | 半衰期: 12.0轮
[2025-11-10 05:47:22] [node-0] INFO: 【投票阶段开始】
[2025-11-10 05:47:22] [node-0] INFO: 步骤1: 锁定保证金 = 147.44
[2025-11-10 05:47:22] [node-0] INFO: 创建投票会话: 正常区段=41.59ms, 代投区段=50.00ms
[2025-11-10 05:47:22] [node-0] INFO: 步骤2: 投票阶段开始
[2025-11-10 05:47:22] [node-0] INFO:   本节点投票目标: node-2 (权重: 133.05, 表现: 0.706)
[2025-11-10 05:47:22] [node-0] INFO:   ✅ 正常投票 (耗时: 19.83 ms)
[2025-11-10 05:47:22] [node-0] INFO: 投票已发送: node-0 -> node-2
[2025-11-10 05:47:22] [node-0] INFO: 等待正常投票期结束: 41ms
[2025-11-10 05:47:23] [node-0] WARN: 投票失败节点数: 5
[2025-11-10 05:47:23] [node-0] INFO: 步骤3: 根据委托权重选举代理节点
[2025-11-10 05:47:23] [node-0] INFO:   当选代理 #1: node-1 (得票: 0.00)
[2025-11-10 05:47:23] [node-0] INFO:   当选代理 #2: node-2 (得票: 0.00)
[2025-11-10 05:47:23] [node-0] INFO: 【投票阶段结束】
[2025-11-10 05:47:23] [node-0] INFO:   总投票: 5, 成功: 0, 代投: 0, 失败: 5
[2025-11-10 05:47:23] [node-0] INFO: 【处理投票结果 - 出块后】
[2025-11-10 05:47:23] [node-0] INFO: 情况B: 投票节点未当选，退回保证金=0.00
[2025-11-10 05:47:23] [node-0] INFO: 【投票节点表现】
[2025-11-10 05:47:23] [node-0] INFO:   综合评分: 0.711 → 0.711
[2025-11-10 05:47:23] [node-0] INFO:   投票速率 V: 0.805
[2025-11-10 05:47:23] [node-0] INFO:   投票行为 B: 0.591
[2025-11-10 05:47:23] [node-0] INFO:   成功/失败: 16/16
[2025-11-10 05:47:23] [node-0] INFO: 【收到投票】
[2025-11-10 05:47:23] [node-0] INFO:   投票者: node-1 | 目标: node-2 | 权重: 147.02 | 耗时: 27.11ms
[2025-11-10 05:47:23] [node-0] INFO: 【收到投票】
[2025-11-10 05:47:23] [node-0] INFO:   投票者: node-3 | 目标: node-2 | 权重: 53.23 | 耗时: 33.64ms
[2025-11-10 05:47:23] [node-0] INFO: 【收到投票】
[2025-11-10 05:47:23] [node-0] INFO:   投票者: node-4 | 目标: node-0 | 权重: 53.52 | 耗时: 30.26ms
[2025-11-10 05:47:23] [node-0] INFO:   ✅ 累计委托权重: 1025.03
[2025-11-10 05:47:24] [node-0] INFO: --- 第 16 轮 ---
[2025-11-10 05:47:25] [node-0] INFO: ========================================
[2025-11-10 05:47:25] [node-0] INFO: 第 17 轮 | 时隙 1 | 区块高度 16
[2025-11-10 05:47:25] [node-0] INFO: 当前节点: node-2
[2025-11-10 05:47:25] [node-0] INFO: ========================================
[2025-11-10 05:47:25] [node-0] INFO: 【权重衰减】
[2025-11-10 05:47:25] [node-0] INFO:   旧权重: 132.70 → 新权重: 147.44 (变化: 14.74)
[2025-11-10 05:47:25] [node-0] INFO:   表现评分: 0.711 | 衰减率: 0.0578 | 半衰期: 12.0轮
[2025-11-10 05:47:25] [node-0] INFO: 【投票阶段开始】
[2025-11-10 05:47:25] [node-0] INFO: 步骤1: 锁定保证金 = 147.44
[2025-11-10 05:47:25] [node-0] INFO: 创建投票会话: 正常区段=41.59ms, 代投区段=50.00ms
[2025-11-10 05:47:25] [node-0] INFO: 步骤2: 投票阶段开始
[2025-11-10 05:47:25] [node-0] INFO:   本节点投票目标: node-2 (权重: 133.05, 表现: 0.706)
[2025-11-10 05:47:25] [node-0] INFO:   ✅ 正常投票 (耗时: 27.89 ms)
[2025-11-10 05:47:25] [node-0] INFO: 投票已发送: node-0 -> node-2
[2025-11-10 05:47:25] [node-0] INFO: 等待正常投票期结束: 41ms
[2025-11-10 05:47:26] [node-0] WARN: 投票失败节点数: 5
[2025-11-10 05:47:26] [node-0] INFO: 步骤3: 根据委托权重选举代理节点
[2025-11-10 05:47:26] [node-0] INFO:   当选代理 #1: node-1 (得票: 0.00)
[2025-11-10 05:47:26] [node-0] INFO:   当选代理 #2: node-2 (得票: 0.00)
[2025-11-10 05:47:26] [node-0] INFO: 【投票阶段结束】
[2025-11-10 05:47:26] [node-0] INFO:   总投票: 5, 成功: 0, 代投: 0, 失败: 5
