[2025-11-10 05:46:32] [node-2] INFO: ========================================
[2025-11-10 05:46:32] [node-2] INFO: 启动 NM-DPoS 节点
[2025-11-10 05:46:32] [node-2] INFO: 节点ID: node-2
[2025-11-10 05:46:32] [node-2] INFO: 监听地址: localhost:8002
[2025-11-10 05:46:32] [node-2] INFO: ========================================
[2025-11-10 05:46:32] [node-2] INFO: 种子节点: [localhost:8000]
[2025-11-10 05:46:32] [node-2] INFO: 启动节点 node-2，监听地址: localhost:8002
[2025-11-10 05:46:33] [node-2] INFO: HTTP服务器已就绪
[Discovery] 启动节点发现服务...
[Discovery] 本地地址: localhost:8002
[Discovery] 种子节点: [localhost:8000]
[Discovery] 节点发现服务已启动
[Discovery] 开始连接 1 个种子节点...
[Discovery] === 连接尝试 1/20 ===
[Discovery] 连接种子节点: localhost:8000
[Discovery] 从心跳响应中发现 1 个对等节点
[Discovery]  心跳成功，已注册到种子节点
[Discovery] 从 /peers 端点发现 1 个对等节点
[Discovery]  成功获取对等列表
[Discovery]  已连接 1/1 个种子节点
[2025-11-10 05:46:37] [node-2] INFO: 【收到投票】
[2025-11-10 05:46:37] [node-2] INFO:   投票者: node-0 | 目标: node-0 | 权重: 148.51 | 耗时: 17.80ms
[2025-11-10 05:46:38] [node-2] INFO: 收到来自 node-0 的区块 #1
[2025-11-10 05:46:38] [node-2] INFO: 【收到出块状态】
[2025-11-10 05:46:38] [node-2] INFO:   生产者: node-0 | 轮次: 1 | 成功: true
[2025-11-10 05:46:38] [node-2] INFO: 节点 node-2 启动完成，已连接 1 个对等节点
[2025-11-10 05:46:38] [node-2] INFO: 节点启动成功
[2025-11-10 05:46:38] [node-2] INFO: ========================================
[2025-11-10 05:46:38] [node-2] INFO: 启动测试模式
[2025-11-10 05:46:38] [node-2] INFO: 测试持续时间: 100 轮
[2025-11-10 05:46:38] [node-2] INFO: 结果输出目录: ./test_results
[2025-11-10 05:46:38] [node-2] INFO: ========================================
[2025-11-10 05:46:40] [node-2] INFO: 【收到投票】
[2025-11-10 05:46:40] [node-2] INFO:   投票者: node-0 | 目标: node-0 | 权重: 141.29 | 耗时: 10.38ms
[2025-11-10 05:46:41] [node-2] INFO: 收到来自 node-0 的区块 #2
[2025-11-10 05:46:41] [node-2] INFO: 【收到出块状态】
[2025-11-10 05:46:41] [node-2] INFO:   生产者: node-0 | 轮次: 2 | 成功: false
[2025-11-10 05:46:41] [node-2] INFO: ========================================
[2025-11-10 05:46:41] [node-2] INFO: 第 1 轮 | 初始化阶段
[2025-11-10 05:46:41] [node-2] INFO: ========================================
[2025-11-10 05:46:41] [node-2] INFO: --- 执行首次代理节点选举 ---
[2025-11-10 05:46:41] [node-2] INFO: ========================================
[2025-11-10 05:46:41] [node-2] INFO: 【代理节点选举 - 权重排序】
[2025-11-10 05:46:41] [node-2] INFO: ========================================
[2025-11-10 05:46:41] [node-2] INFO: 选出 2 个代理节点:
[2025-11-10 05:46:41] [node-2] INFO:   #1: node-2 (权重: 150.00, 表现: 0.300)
[2025-11-10 05:46:41] [node-2] INFO:   #2: node-0 (权重: 127.16, 表现: 0.701)
[2025-11-10 05:46:41] [node-2] INFO: ========================================
[2025-11-10 05:46:41] [node-2] INFO: 选出 2 个代理节点:
[2025-11-10 05:46:41] [node-2] INFO:   #1: node-2 (权重: 150.00, 表现: 0.300)
[2025-11-10 05:46:41] [node-2] INFO:   #2: node-0 (权重: 127.16, 表现: 0.701)
[2025-11-10 05:46:41] [node-2] INFO: ========================================
[2025-11-10 05:46:41] [node-2] INFO: 第 1 轮 | 时隙 0 | 区块高度 0
[2025-11-10 05:46:41] [node-2] INFO: 当前节点: node-2
[2025-11-10 05:46:41] [node-2] INFO: ========================================
[2025-11-10 05:46:41] [node-2] INFO: 【权重衰减】
[2025-11-10 05:46:41] [node-2] INFO:   旧权重: 150.00 → 新权重: 130.40 (变化: -19.60)
[2025-11-10 05:46:41] [node-2] INFO:   表现评分: 0.300 | 衰减率: 0.1400 | 半衰期: 5.0轮
[2025-11-10 05:46:41] [node-2] INFO: 【投票阶段开始】
[2025-11-10 05:46:41] [node-2] INFO: 步骤1: 锁定保证金 = 130.40
[2025-11-10 05:46:41] [node-2] INFO: 创建投票会话: 正常区段=51.99ms, 代投区段=50.00ms
[2025-11-10 05:46:41] [node-2] INFO: 步骤2: 投票阶段开始
[2025-11-10 05:46:41] [node-2] INFO:   本节点投票目标: node-2 (权重: 130.40, 表现: 0.300)
[2025-11-10 05:46:41] [node-2] INFO:   ✅ 正常投票 (耗时: 44.08 ms)
[2025-11-10 05:46:41] [node-2] INFO: 投票已发送: node-2 -> node-2
[2025-11-10 05:46:41] [node-2] INFO: 等待正常投票期结束: 51ms
[2025-11-10 05:46:41] [node-2] INFO: 【执行代投】
[2025-11-10 05:46:41] [node-2] INFO: 需要代投的节点数: 2
[2025-11-10 05:46:41] [node-2] INFO: 代投完成
[2025-11-10 05:46:41] [node-2] WARN: 投票失败节点数: 2
[2025-11-10 05:46:41] [node-2] INFO: 【分配热补偿】
[2025-11-10 05:46:41] [node-2] INFO: 无符合条件的节点，跳过热补偿
[2025-11-10 05:46:41] [node-2] INFO: 步骤3: 根据委托权重选举代理节点
[2025-11-10 05:46:41] [node-2] INFO:   当选代理 #1: node-2 (得票: 0.00)
[2025-11-10 05:46:41] [node-2] INFO:   当选代理 #2: node-0 (得票: 0.00)
[2025-11-10 05:46:41] [node-2] INFO: 【投票阶段结束】
[2025-11-10 05:46:41] [node-2] INFO:   总投票: 2, 成功: 0, 代投: 0, 失败: 2
[2025-11-10 05:46:41] [node-2] INFO: >>> 本节点是当前出块者，开始出块 <<<
[2025-11-10 05:46:41] [node-2] INFO: 【出块阶段】
[2025-11-10 05:46:41] [node-2] INFO: 节点 node-2 开始出块
[2025-11-10 05:46:41] [node-2] INFO:   从交易池获取 0 笔交易
[2025-11-10 05:46:41] [node-2] INFO:   创建区块 #3 (前块: hash-176)
[2025-11-10 05:46:41] [node-2] INFO:   交易手续费总额: 0.00
[2025-11-10 05:46:41] [node-2] INFO:   ✅ 及时出块 (耗时: 0 ms)
[2025-11-10 05:46:41] [node-2] WARN: 广播区块失败: 广播完成，成功: 1, 失败: 1
[2025-11-10 05:46:41] [node-2] WARN: 广播区块失败: 广播完成，成功: 1, 失败: 1
[2025-11-10 05:46:41] [node-2] INFO: 广播出块状态: round=1, success=false
[2025-11-10 05:46:42] [node-2] INFO: 【处理投票结果 - 出块后】
[2025-11-10 05:46:42] [node-2] INFO: 情况B: 投票节点未当选，退回保证金=0.00
[2025-11-10 05:46:42] [node-2] INFO: 【代理节点表现】
[2025-11-10 05:46:42] [node-2] INFO:   综合评分: 0.300 → 0.701
[2025-11-10 05:46:42] [node-2] INFO:   出块效率 P: 1.000
[2025-11-10 05:46:42] [node-2] INFO:   验证效率 C: 0.500
[2025-11-10 05:46:42] [node-2] INFO:   在线评分 O: 0.502
[2025-11-10 05:46:42] [node-2] INFO:   有效/延迟/无效: 1/0/0
[2025-11-10 05:46:43] [node-2] INFO: ========================================
[2025-11-10 05:46:43] [node-2] INFO: 开始网络测试
[2025-11-10 05:46:43] [node-2] INFO: 测试轮数: 100
[2025-11-10 05:46:43] [node-2] INFO: ========================================
[2025-11-10 05:46:43] [node-2] INFO: --- 第 1 轮 ---
[2025-11-10 05:46:43] [node-2] INFO: 【收到投票】
[2025-11-10 05:46:43] [node-2] INFO:   投票者: node-0 | 目标: node-0 | 权重: 148.68 | 耗时: 22.89ms
[2025-11-10 05:46:44] [node-2] INFO: 收到来自 node-0 的区块 #4
[2025-11-10 05:46:44] [node-2] INFO: 【收到出块状态】
[2025-11-10 05:46:44] [node-2] INFO:   生产者: node-0 | 轮次: 3 | 成功: false
[2025-11-10 05:46:44] [node-2] INFO:   ✅ 更新代理节点 node-0 的出块状态
[2025-11-10 05:46:44] [node-2] INFO: 【收到投票】
[2025-11-10 05:46:44] [node-2] INFO:   投票者: node-1 | 目标: node-1 | 权重: 148.68 | 耗时: 21.12ms
[2025-11-10 05:46:44] [node-2] INFO: ========================================
[2025-11-10 05:46:44] [node-2] INFO: 第 2 轮 | 时隙 1 | 区块高度 1
[2025-11-10 05:46:44] [node-2] INFO: 当前节点: node-0
[2025-11-10 05:46:44] [node-2] INFO: ========================================
[2025-11-10 05:46:44] [node-2] INFO: 【权重衰减】
[2025-11-10 05:46:44] [node-2] INFO:   旧权重: 117.36 → 新权重: 141.29 (变化: 23.92)
[2025-11-10 05:46:44] [node-2] INFO:   表现评分: 0.701 | 衰减率: 0.0599 | 半衰期: 11.6轮
[2025-11-10 05:46:44] [node-2] INFO: 【投票阶段开始】
[2025-11-10 05:46:44] [node-2] INFO: 步骤1: 锁定保证金 = 141.29
[2025-11-10 05:46:44] [node-2] INFO: 创建投票会话: 正常区段=51.99ms, 代投区段=50.00ms
[2025-11-10 05:46:44] [node-2] INFO: 步骤2: 投票阶段开始
[2025-11-10 05:46:44] [node-2] INFO:   本节点投票目标: node-0 (权重: 114.44, 表现: 0.701)
[2025-11-10 05:46:44] [node-2] INFO:   ✅ 正常投票 (耗时: 48.93 ms)
[2025-11-10 05:46:44] [node-2] INFO: 投票已发送: node-2 -> node-0
[2025-11-10 05:46:44] [node-2] INFO: 等待正常投票期结束: 51ms
[2025-11-10 05:46:44] [node-2] INFO: 【收到投票】
[2025-11-10 05:46:44] [node-2] INFO:   投票者: node-3 | 目标: node-0 | 权重: 49.50 | 耗时: 31.29ms
[2025-11-10 05:46:44] [node-2] INFO: 【执行代投】
[2025-11-10 05:46:44] [node-2] INFO: 需要代投的节点数: 2
[2025-11-10 05:46:44] [node-2] INFO: 代投完成
[2025-11-10 05:46:44] [node-2] INFO: 收到来自 node-1 的区块 #4
[2025-11-10 05:46:44] [node-2] WARN: 添加区块失败: 区块高度 4 已存在
[2025-11-10 05:46:44] [node-2] INFO: 【收到出块状态】
[2025-11-10 05:46:44] [node-2] INFO:   生产者: node-1 | 轮次: 3 | 成功: false
[2025-11-10 05:46:44] [node-2] WARN: 投票失败节点数: 2
[2025-11-10 05:46:44] [node-2] INFO: 【分配热补偿】
[2025-11-10 05:46:44] [node-2] INFO: 无符合条件的节点，跳过热补偿
[2025-11-10 05:46:44] [node-2] INFO: 步骤3: 根据委托权重选举代理节点
[2025-11-10 05:46:44] [node-2] INFO:   当选代理 #1: node-2 (得票: 0.00)
[2025-11-10 05:46:44] [node-2] INFO:   当选代理 #2: node-0 (得票: 0.00)
[2025-11-10 05:46:44] [node-2] INFO: 【投票阶段结束】
[2025-11-10 05:46:44] [node-2] INFO:   总投票: 2, 成功: 0, 代投: 0, 失败: 2
[2025-11-10 05:46:44] [node-2] INFO: >>> 本节点是当前出块者，开始出块 <<<
[2025-11-10 05:46:44] [node-2] INFO: 【出块阶段】
[2025-11-10 05:46:44] [node-2] INFO: 节点 node-2 开始出块
[2025-11-10 05:46:44] [node-2] INFO:   从交易池获取 0 笔交易
[2025-11-10 05:46:44] [node-2] INFO:   创建区块 #5 (前块: hash-176)
[2025-11-10 05:46:44] [node-2] INFO:   交易手续费总额: 0.00
[2025-11-10 05:46:44] [node-2] INFO:   ✅ 及时出块 (耗时: 0 ms)
[2025-11-10 05:46:44] [node-2] WARN: 广播区块失败: 广播完成，成功: 1, 失败: 1
[2025-11-10 05:46:44] [node-2] WARN: 广播区块失败: 广播完成，成功: 1, 失败: 1
[2025-11-10 05:46:44] [node-2] INFO: 广播出块状态: round=2, success=false
[2025-11-10 05:46:45] [node-2] INFO: 【处理投票结果 - 出块后】
[2025-11-10 05:46:45] [node-2] INFO: 情况B: 投票节点未当选，退回保证金=0.00
[2025-11-10 05:46:45] [node-2] INFO: 【代理节点表现】
[2025-11-10 05:46:45] [node-2] INFO:   综合评分: 0.701 → 0.701
[2025-11-10 05:46:45] [node-2] INFO:   出块效率 P: 1.000
[2025-11-10 05:46:45] [node-2] INFO:   验证效率 C: 0.500
[2025-11-10 05:46:45] [node-2] INFO:   在线评分 O: 0.505
[2025-11-10 05:46:45] [node-2] INFO:   有效/延迟/无效: 2/0/0
[2025-11-10 05:46:46] [node-2] INFO: --- 第 2 轮 ---
[2025-11-10 05:46:46] [node-2] INFO: 【收到投票】
[2025-11-10 05:46:46] [node-2] INFO:   投票者: node-0 | 目标: node-0 | 权重: 148.87 | 耗时: 17.80ms
[2025-11-10 05:46:47] [node-2] INFO: 收到来自 node-0 的区块 #6
[2025-11-10 05:46:47] [node-2] INFO: 【收到出块状态】
[2025-11-10 05:46:47] [node-2] INFO:   生产者: node-0 | 轮次: 4 | 成功: false
[2025-11-10 05:46:47] [node-2] INFO:   ✅ 更新代理节点 node-0 的出块状态
[2025-11-10 05:46:47] [node-2] INFO: 【收到投票】
[2025-11-10 05:46:47] [node-2] INFO:   投票者: node-1 | 目标: node-1 | 权重: 148.87 | 耗时: 39.85ms
[2025-11-10 05:46:47] [node-2] INFO: ========================================
[2025-11-10 05:46:47] [node-2] INFO: 第 3 轮 | 时隙 1 | 区块高度 2
[2025-11-10 05:46:47] [node-2] INFO: 当前节点: node-0
[2025-11-10 05:46:47] [node-2] INFO: ========================================
[2025-11-10 05:46:47] [node-2] INFO: 【权重衰减】
[2025-11-10 05:46:47] [node-2] INFO:   旧权重: 127.16 → 新权重: 148.87 (变化: 21.71)
[2025-11-10 05:46:47] [node-2] INFO:   表现评分: 0.701 | 衰减率: 0.0597 | 半衰期: 11.6轮
[2025-11-10 05:46:47] [node-2] INFO: 【投票阶段开始】
[2025-11-10 05:46:47] [node-2] INFO: 步骤1: 锁定保证金 = 148.87
[2025-11-10 05:46:47] [node-2] INFO: 创建投票会话: 正常区段=43.32ms, 代投区段=50.00ms
[2025-11-10 05:46:47] [node-2] INFO: 步骤2: 投票阶段开始
[2025-11-10 05:46:47] [node-2] INFO:   本节点投票目标: node-0 (权重: 114.44, 表现: 0.701)
[2025-11-10 05:46:47] [node-2] INFO:   ✅ 正常投票 (耗时: 37.44 ms)
[2025-11-10 05:46:47] [node-2] INFO: 投票已发送: node-2 -> node-0
[2025-11-10 05:46:47] [node-2] INFO: 等待正常投票期结束: 43ms
[2025-11-10 05:46:47] [node-2] INFO: 【收到投票】
[2025-11-10 05:46:47] [node-2] INFO:   投票者: node-3 | 目标: node-0 | 权重: 45.25 | 耗时: 20.89ms
[2025-11-10 05:46:47] [node-2] INFO: 【执行代投】
[2025-11-10 05:46:47] [node-2] INFO: 需要代投的节点数: 3
[2025-11-10 05:46:47] [node-2] INFO: 代投完成
[2025-11-10 05:46:47] [node-2] INFO: 【收到投票】
[2025-11-10 05:46:47] [node-2] INFO:   投票者: node-4 | 目标: node-0 | 权重: 47.09 | 耗时: 39.52ms
[2025-11-10 05:46:47] [node-2] INFO: 收到来自 node-1 的区块 #5
[2025-11-10 05:46:47] [node-2] WARN: 添加区块失败: 区块高度 5 已存在
[2025-11-10 05:46:47] [node-2] INFO: 【收到出块状态】
[2025-11-10 05:46:47] [node-2] INFO:   生产者: node-1 | 轮次: 4 | 成功: false
[2025-11-10 05:46:47] [node-2] WARN: 投票失败节点数: 2
[2025-11-10 05:46:47] [node-2] INFO: 【分配热补偿】
[2025-11-10 05:46:47] [node-2] INFO: 无符合条件的节点，跳过热补偿
[2025-11-10 05:46:47] [node-2] INFO: 步骤3: 根据委托权重选举代理节点
[2025-11-10 05:46:47] [node-2] INFO:   当选代理 #1: node-0 (得票: 193.42)
[2025-11-10 05:46:47] [node-2] INFO:   当选代理 #2: node-2 (得票: 0.00)
[2025-11-10 05:46:47] [node-2] INFO: 【投票阶段结束】
[2025-11-10 05:46:47] [node-2] INFO:   总投票: 4, 成功: 1, 代投: 1, 失败: 2
[2025-11-10 05:46:48] [node-2] INFO: 【处理投票结果 - 出块后】
[2025-11-10 05:46:48] [node-2] WARN: 情况D: 代理出块失败，部分扣除保证金，退回=59.55
[2025-11-10 05:46:48] [node-2] INFO: 【代理节点表现】
[2025-11-10 05:46:48] [node-2] INFO:   综合评分: 0.701 → 0.702
[2025-11-10 05:46:48] [node-2] INFO:   出块效率 P: 1.000
[2025-11-10 05:46:48] [node-2] INFO:   验证效率 C: 0.500
[2025-11-10 05:46:48] [node-2] INFO:   在线评分 O: 0.507
[2025-11-10 05:46:48] [node-2] INFO:   有效/延迟/无效: 2/0/0
[2025-11-10 05:46:49] [node-2] INFO: --- 第 3 轮 ---
[2025-11-10 05:46:49] [node-2] INFO: 【收到投票】
[2025-11-10 05:46:49] [node-2] INFO:   投票者: node-0 | 目标: node-0 | 权重: 147.60 | 耗时: 10.78ms
[2025-11-10 05:46:50] [node-2] INFO: 收到来自 node-0 的区块 #7
[2025-11-10 05:46:50] [node-2] INFO: 【收到出块状态】
[2025-11-10 05:46:50] [node-2] INFO:   生产者: node-0 | 轮次: 5 | 成功: false
[2025-11-10 05:46:50] [node-2] INFO:   ✅ 更新代理节点 node-0 的出块状态
[2025-11-10 05:46:50] [node-2] INFO: 【收到投票】
[2025-11-10 05:46:50] [node-2] INFO:   投票者: node-1 | 目标: node-1 | 权重: 147.58 | 耗时: 38.09ms
[2025-11-10 05:46:50] [node-2] INFO: ========================================
[2025-11-10 05:46:50] [node-2] INFO: 第 4 轮 | 时隙 1 | 区块高度 3
[2025-11-10 05:46:50] [node-2] INFO: 当前节点: node-2
[2025-11-10 05:46:50] [node-2] INFO: ========================================
[2025-11-10 05:46:50] [node-2] INFO: 【权重衰减】
[2025-11-10 05:46:50] [node-2] INFO:   旧权重: 148.87 → 新权重: 147.57 (变化: -1.30)
[2025-11-10 05:46:50] [node-2] INFO:   表现评分: 0.702 | 衰减率: 0.0596 | 半衰期: 11.6轮
[2025-11-10 05:46:50] [node-2] INFO: 【投票阶段开始】
[2025-11-10 05:46:50] [node-2] INFO: 步骤1: 锁定保证金 = 147.57
[2025-11-10 05:46:50] [node-2] INFO: 创建投票会话: 正常区段=41.59ms, 代投区段=50.00ms
[2025-11-10 05:46:50] [node-2] INFO: 步骤2: 投票阶段开始
[2025-11-10 05:46:50] [node-2] INFO:   本节点投票目标: node-2 (权重: 147.57, 表现: 0.702)
[2025-11-10 05:46:50] [node-2] INFO:   ✅ 正常投票 (耗时: 33.97 ms)
[2025-11-10 05:46:50] [node-2] INFO: 投票已发送: node-2 -> node-2
[2025-11-10 05:46:50] [node-2] INFO: 等待正常投票期结束: 41ms
[2025-11-10 05:46:50] [node-2] INFO: 【收到投票】
[2025-11-10 05:46:50] [node-2] INFO:   投票者: node-3 | 目标: node-3 | 权重: 55.51 | 耗时: 21.26ms
[2025-11-10 05:46:50] [node-2] INFO: 【执行代投】
[2025-11-10 05:46:50] [node-2] INFO: 需要代投的节点数: 4
[2025-11-10 05:46:50] [node-2] INFO: 代投完成
[2025-11-10 05:46:50] [node-2] INFO: 【收到投票】
[2025-11-10 05:46:50] [node-2] INFO:   投票者: node-4 | 目标: node-4 | 权重: 45.25 | 耗时: 44.26ms
[2025-11-10 05:46:50] [node-2] INFO: 收到来自 node-1 的区块 #6
[2025-11-10 05:46:50] [node-2] WARN: 添加区块失败: 区块高度 6 已存在
[2025-11-10 05:46:50] [node-2] INFO: 【收到出块状态】
[2025-11-10 05:46:50] [node-2] INFO:   生产者: node-1 | 轮次: 5 | 成功: false
[2025-11-10 05:46:50] [node-2] WARN: 投票失败节点数: 2
[2025-11-10 05:46:50] [node-2] INFO: 【分配热补偿】
[2025-11-10 05:46:50] [node-2] INFO: 无符合条件的节点，跳过热补偿
[2025-11-10 05:46:50] [node-2] INFO: 步骤3: 根据委托权重选举代理节点
[2025-11-10 05:46:50] [node-2] INFO:   当选代理 #1: node-0 (得票: 147.57)
[2025-11-10 05:46:50] [node-2] INFO:   当选代理 #2: node-2 (得票: 0.00)
[2025-11-10 05:46:50] [node-2] INFO: 【投票阶段结束】
[2025-11-10 05:46:50] [node-2] INFO:   总投票: 5, 成功: 1, 代投: 1, 失败: 2
[2025-11-10 05:46:51] [node-2] INFO: 【处理投票结果 - 出块后】
[2025-11-10 05:46:51] [node-2] WARN: 情况D: 代理出块失败，部分扣除保证金，退回=59.03
[2025-11-10 05:46:51] [node-2] INFO: 【代理节点表现】
[2025-11-10 05:46:51] [node-2] INFO:   综合评分: 0.702 → 0.703
[2025-11-10 05:46:51] [node-2] INFO:   出块效率 P: 1.000
[2025-11-10 05:46:51] [node-2] INFO:   验证效率 C: 0.500
[2025-11-10 05:46:51] [node-2] INFO:   在线评分 O: 0.510
[2025-11-10 05:46:51] [node-2] INFO:   有效/延迟/无效: 2/0/0
[2025-11-10 05:46:52] [node-2] INFO: --- 第 4 轮 ---
[2025-11-10 05:46:52] [node-2] INFO: 【收到投票】
[2025-11-10 05:46:52] [node-2] INFO:   投票者: node-0 | 目标: node-0 | 权重: 147.71 | 耗时: 18.59ms
[2025-11-10 05:46:53] [node-2] INFO: 收到来自 node-0 的区块 #8
[2025-11-10 05:46:53] [node-2] INFO: 【收到出块状态】
[2025-11-10 05:46:53] [node-2] INFO:   生产者: node-0 | 轮次: 6 | 成功: false
[2025-11-10 05:46:53] [node-2] INFO:   ✅ 更新代理节点 node-0 的出块状态
[2025-11-10 05:46:53] [node-2] INFO: 【收到投票】
[2025-11-10 05:46:53] [node-2] INFO:   投票者: node-1 | 目标: node-1 | 权重: 147.71 | 耗时: 30.29ms
[2025-11-10 05:46:53] [node-2] INFO: ========================================
[2025-11-10 05:46:53] [node-2] INFO: 第 5 轮 | 时隙 1 | 区块高度 4
[2025-11-10 05:46:53] [node-2] INFO: 当前节点: node-2
[2025-11-10 05:46:53] [node-2] INFO: ========================================
[2025-11-10 05:46:53] [node-2] INFO: 【权重衰减】
[2025-11-10 05:46:53] [node-2] INFO:   旧权重: 147.57 → 新权重: 147.70 (变化: 0.13)
[2025-11-10 05:46:53] [node-2] INFO:   表现评分: 0.703 | 衰减率: 0.0594 | 半衰期: 11.7轮
[2025-11-10 05:46:53] [node-2] INFO: 【投票阶段开始】
[2025-11-10 05:46:53] [node-2] INFO: 步骤1: 锁定保证金 = 147.70
[2025-11-10 05:46:53] [node-2] INFO: 创建投票会话: 正常区段=41.59ms, 代投区段=50.00ms
[2025-11-10 05:46:53] [node-2] INFO: 步骤2: 投票阶段开始
[2025-11-10 05:46:53] [node-2] INFO:   本节点投票目标: node-0 (权重: 114.44, 表现: 0.701)
[2025-11-10 05:46:53] [node-2] INFO:   ✅ 正常投票 (耗时: 40.89 ms)
[2025-11-10 05:46:53] [node-2] INFO: 投票已发送: node-2 -> node-0
[2025-11-10 05:46:53] [node-2] INFO: 等待正常投票期结束: 41ms
[2025-11-10 05:46:53] [node-2] INFO: 【收到投票】
[2025-11-10 05:46:53] [node-2] INFO:   投票者: node-3 | 目标: node-0 | 权重: 55.70 | 耗时: 18.83ms
[2025-11-10 05:46:53] [node-2] INFO: 【执行代投】
[2025-11-10 05:46:53] [node-2] INFO: 需要代投的节点数: 4
[2025-11-10 05:46:53] [node-2] INFO: 代投完成
[2025-11-10 05:46:53] [node-2] INFO: 【收到投票】
[2025-11-10 05:46:53] [node-2] INFO:   投票者: node-4 | 目标: node-0 | 权重: 55.71 | 耗时: 25.71ms
[2025-11-10 05:46:53] [node-2] INFO: 收到来自 node-1 的区块 #7
[2025-11-10 05:46:53] [node-2] WARN: 添加区块失败: 区块高度 7 已存在
[2025-11-10 05:46:53] [node-2] INFO: 【收到出块状态】
[2025-11-10 05:46:53] [node-2] INFO:   生产者: node-1 | 轮次: 6 | 成功: false
[2025-11-10 05:46:53] [node-2] WARN: 投票失败节点数: 2
[2025-11-10 05:46:53] [node-2] INFO: 【分配热补偿】
[2025-11-10 05:46:53] [node-2] INFO: 无符合条件的节点，跳过热补偿
[2025-11-10 05:46:53] [node-2] INFO: 步骤3: 根据委托权重选举代理节点
[2025-11-10 05:46:53] [node-2] INFO:   当选代理 #1: node-0 (得票: 238.38)
[2025-11-10 05:46:53] [node-2] INFO:   当选代理 #2: node-2 (得票: 0.00)
[2025-11-10 05:46:53] [node-2] INFO: 【投票阶段结束】
[2025-11-10 05:46:53] [node-2] INFO:   总投票: 5, 成功: 2, 代投: 1, 失败: 2
[2025-11-10 05:46:54] [node-2] INFO: 【处理投票结果 - 出块后】
[2025-11-10 05:46:54] [node-2] WARN: 情况D: 代理出块失败，部分扣除保证金，退回=59.08
[2025-11-10 05:46:54] [node-2] INFO: 【代理节点表现】
[2025-11-10 05:46:54] [node-2] INFO:   综合评分: 0.703 → 0.704
[2025-11-10 05:46:54] [node-2] INFO:   出块效率 P: 1.000
[2025-11-10 05:46:54] [node-2] INFO:   验证效率 C: 0.500
[2025-11-10 05:46:54] [node-2] INFO:   在线评分 O: 0.512
[2025-11-10 05:46:54] [node-2] INFO:   有效/延迟/无效: 2/0/0
[2025-11-10 05:46:55] [node-2] INFO: --- 第 5 轮 ---
[2025-11-10 05:46:55] [node-2] INFO: 【收到投票】
[2025-11-10 05:46:55] [node-2] INFO:   投票者: node-0 | 目标: node-0 | 权重: 147.83 | 耗时: 29.37ms
[2025-11-10 05:46:56] [node-2] INFO: 收到来自 node-0 的区块 #9
[2025-11-10 05:46:56] [node-2] INFO: 【收到出块状态】
[2025-11-10 05:46:56] [node-2] INFO:   生产者: node-0 | 轮次: 7 | 成功: false
[2025-11-10 05:46:56] [node-2] INFO:   ✅ 更新代理节点 node-0 的出块状态
[2025-11-10 05:46:56] [node-2] INFO: 【收到投票】
[2025-11-10 05:46:56] [node-2] INFO:   投票者: node-1 | 目标: node-1 | 权重: 147.83 | 耗时: 30.77ms
[2025-11-10 05:46:56] [node-2] INFO: ========================================
[2025-11-10 05:46:56] [node-2] INFO: 第 6 轮 | 时隙 1 | 区块高度 5
[2025-11-10 05:46:56] [node-2] INFO: 当前节点: node-2
[2025-11-10 05:46:56] [node-2] INFO: ========================================
[2025-11-10 05:46:56] [node-2] INFO: 【权重衰减】
[2025-11-10 05:46:56] [node-2] INFO:   旧权重: 147.70 → 新权重: 147.82 (变化: 0.12)
[2025-11-10 05:46:56] [node-2] INFO:   表现评分: 0.704 | 衰减率: 0.0593 | 半衰期: 11.7轮
[2025-11-10 05:46:56] [node-2] INFO: 【投票阶段开始】
[2025-11-10 05:46:56] [node-2] INFO: 步骤1: 锁定保证金 = 147.82
[2025-11-10 05:46:56] [node-2] INFO: 创建投票会话: 正常区段=41.59ms, 代投区段=50.00ms
[2025-11-10 05:46:56] [node-2] INFO: 步骤2: 投票阶段开始
[2025-11-10 05:46:56] [node-2] INFO:   本节点投票目标: node-2 (权重: 147.82, 表现: 0.704)
[2025-11-10 05:46:56] [node-2] INFO:   ⚠️  超时,需要代投 (耗时: 46.47 ms)
[2025-11-10 05:46:56] [node-2] INFO: 等待正常投票期结束: 41ms
[2025-11-10 05:46:56] [node-2] INFO: 【收到投票】
[2025-11-10 05:46:56] [node-2] INFO:   投票者: node-3 | 目标: node-3 | 权重: 55.88 | 耗时: 31.64ms
[2025-11-10 05:46:56] [node-2] INFO: 【执行代投】
[2025-11-10 05:46:56] [node-2] INFO: 需要代投的节点数: 4
[2025-11-10 05:46:56] [node-2] INFO: 代投完成
[2025-11-10 05:46:56] [node-2] INFO: 收到来自 node-1 的区块 #8
[2025-11-10 05:46:56] [node-2] WARN: 添加区块失败: 区块高度 8 已存在
[2025-11-10 05:46:56] [node-2] INFO: 【收到出块状态】
[2025-11-10 05:46:56] [node-2] INFO:   生产者: node-1 | 轮次: 7 | 成功: false
[2025-11-10 05:46:56] [node-2] WARN: 投票失败节点数: 3
[2025-11-10 05:46:56] [node-2] INFO: 【分配热补偿】
[2025-11-10 05:46:56] [node-2] INFO: 无符合条件的节点，跳过热补偿
[2025-11-10 05:46:56] [node-2] INFO: 步骤3: 根据委托权重选举代理节点
[2025-11-10 05:46:56] [node-2] INFO:   当选代理 #1: node-0 (得票: 147.82)
[2025-11-10 05:46:56] [node-2] INFO:   当选代理 #2: node-2 (得票: 0.00)
[2025-11-10 05:46:56] [node-2] INFO: 【投票阶段结束】
[2025-11-10 05:46:56] [node-2] INFO:   总投票: 5, 成功: 1, 代投: 1, 失败: 3
[2025-11-10 05:46:57] [node-2] INFO: 【处理投票结果 - 出块后】
[2025-11-10 05:46:57] [node-2] WARN: 情况D: 代理出块失败，部分扣除保证金，退回=59.13
[2025-11-10 05:46:57] [node-2] INFO: 【代理节点表现】
[2025-11-10 05:46:57] [node-2] INFO:   综合评分: 0.704 → 0.704
[2025-11-10 05:46:57] [node-2] INFO:   出块效率 P: 1.000
[2025-11-10 05:46:57] [node-2] INFO:   验证效率 C: 0.500
[2025-11-10 05:46:57] [node-2] INFO:   在线评分 O: 0.515
[2025-11-10 05:46:57] [node-2] INFO:   有效/延迟/无效: 2/0/0
[2025-11-10 05:46:58] [node-2] INFO: --- 第 6 轮 ---
[2025-11-10 05:46:58] [node-2] INFO: 【收到投票】
[2025-11-10 05:46:58] [node-2] INFO:   投票者: node-0 | 目标: node-0 | 权重: 147.73 | 耗时: 28.96ms
[2025-11-10 05:46:59] [node-2] INFO: 收到来自 node-0 的区块 #10
[2025-11-10 05:46:59] [node-2] INFO: 【收到出块状态】
[2025-11-10 05:46:59] [node-2] INFO:   生产者: node-0 | 轮次: 8 | 成功: false
[2025-11-10 05:46:59] [node-2] INFO:   ✅ 更新代理节点 node-0 的出块状态
[2025-11-10 05:46:59] [node-2] INFO: 【收到投票】
[2025-11-10 05:46:59] [node-2] INFO:   投票者: node-1 | 目标: node-1 | 权重: 147.73 | 耗时: 31.75ms
[2025-11-10 05:46:59] [node-2] INFO: ========================================
[2025-11-10 05:46:59] [node-2] INFO: 第 7 轮 | 时隙 1 | 区块高度 6
[2025-11-10 05:46:59] [node-2] INFO: 当前节点: node-2
[2025-11-10 05:46:59] [node-2] INFO: ========================================
[2025-11-10 05:46:59] [node-2] INFO: 【权重衰减】
[2025-11-10 05:46:59] [node-2] INFO:   旧权重: 147.82 → 新权重: 147.73 (变化: -0.10)
[2025-11-10 05:46:59] [node-2] INFO:   表现评分: 0.704 | 衰减率: 0.0591 | 半衰期: 11.7轮
[2025-11-10 05:46:59] [node-2] INFO: 【投票阶段开始】
[2025-11-10 05:46:59] [node-2] INFO: 步骤1: 锁定保证金 = 147.73
[2025-11-10 05:46:59] [node-2] INFO: 创建投票会话: 正常区段=41.59ms, 代投区段=50.00ms
[2025-11-10 05:46:59] [node-2] INFO: 步骤2: 投票阶段开始
[2025-11-10 05:46:59] [node-2] INFO:   本节点投票目标: node-0 (权重: 114.44, 表现: 0.701)
[2025-11-10 05:46:59] [node-2] INFO:   ✅ 正常投票 (耗时: 40.00 ms)
[2025-11-10 05:46:59] [node-2] INFO: 投票已发送: node-2 -> node-0
[2025-11-10 05:46:59] [node-2] INFO: 等待正常投票期结束: 41ms
[2025-11-10 05:46:59] [node-2] INFO: 【收到投票】
[2025-11-10 05:46:59] [node-2] INFO:   投票者: node-3 | 目标: node-0 | 权重: 55.70 | 耗时: 25.54ms
[2025-11-10 05:46:59] [node-2] INFO: 【执行代投】
[2025-11-10 05:46:59] [node-2] INFO: 需要代投的节点数: 4
[2025-11-10 05:46:59] [node-2] INFO: 代投完成
[2025-11-10 05:46:59] [node-2] INFO: 【收到投票】
[2025-11-10 05:46:59] [node-2] INFO:   投票者: node-4 | 目标: node-4 | 权重: 55.71 | 耗时: 31.48ms
[2025-11-10 05:46:59] [node-2] INFO: 收到来自 node-1 的区块 #9
[2025-11-10 05:46:59] [node-2] WARN: 添加区块失败: 区块高度 9 已存在
[2025-11-10 05:46:59] [node-2] INFO: 【收到出块状态】
[2025-11-10 05:46:59] [node-2] INFO:   生产者: node-1 | 轮次: 8 | 成功: false
[2025-11-10 05:46:59] [node-2] WARN: 投票失败节点数: 2
[2025-11-10 05:46:59] [node-2] INFO: 【分配热补偿】
[2025-11-10 05:46:59] [node-2] INFO: 无符合条件的节点，跳过热补偿
[2025-11-10 05:46:59] [node-2] INFO: 步骤3: 根据委托权重选举代理节点
[2025-11-10 05:46:59] [node-2] INFO:   当选代理 #1: node-2 (得票: 147.73)
[2025-11-10 05:46:59] [node-2] INFO:   当选代理 #2: node-0 (得票: 50.29)
[2025-11-10 05:46:59] [node-2] INFO: 【投票阶段结束】
[2025-11-10 05:46:59] [node-2] INFO:   总投票: 5, 成功: 2, 代投: 1, 失败: 2
[2025-11-10 05:46:59] [node-2] INFO: >>> 本节点是当前出块者，开始出块 <<<
[2025-11-10 05:46:59] [node-2] INFO: 【出块阶段】
[2025-11-10 05:46:59] [node-2] INFO: 节点 node-2 开始出块
[2025-11-10 05:46:59] [node-2] INFO:   从交易池获取 0 笔交易
[2025-11-10 05:46:59] [node-2] INFO:   创建区块 #11 (前块: hash-176)
[2025-11-10 05:46:59] [node-2] INFO:   交易手续费总额: 0.00
[2025-11-10 05:46:59] [node-2] INFO:   ✅ 及时出块 (耗时: 0 ms)
[2025-11-10 05:46:59] [node-2] WARN: 广播区块失败: 广播完成，成功: 1, 失败: 3
[2025-11-10 05:46:59] [node-2] WARN: 广播区块失败: 广播完成，成功: 1, 失败: 3
[2025-11-10 05:46:59] [node-2] INFO: 广播出块状态: round=7, success=false
[2025-11-10 05:46:59] [node-2] INFO: 收到来自 node-3 的区块 #3
[2025-11-10 05:46:59] [node-2] WARN: 添加区块失败: 区块高度 3 已存在
[2025-11-10 05:46:59] [node-2] INFO: 【收到出块状态】
[2025-11-10 05:46:59] [node-2] INFO:   生产者: node-3 | 轮次: 6 | 成功: false
[2025-11-10 05:47:00] [node-2] INFO: 【处理投票结果 - 出块后】
[2025-11-10 05:47:00] [node-2] WARN: 情况D: 代理出块失败，部分扣除保证金，退回=59.09
[2025-11-10 05:47:00] [node-2] INFO: 【代理节点表现】
[2025-11-10 05:47:00] [node-2] INFO:   综合评分: 0.704 → 0.705
[2025-11-10 05:47:00] [node-2] INFO:   出块效率 P: 1.000
[2025-11-10 05:47:00] [node-2] INFO:   验证效率 C: 0.500
[2025-11-10 05:47:00] [node-2] INFO:   在线评分 O: 0.517
[2025-11-10 05:47:00] [node-2] INFO:   有效/延迟/无效: 3/0/0
[2025-11-10 05:47:01] [node-2] INFO: --- 第 7 轮 ---
[2025-11-10 05:47:01] [node-2] INFO: 【收到投票】
[2025-11-10 05:47:01] [node-2] INFO:   投票者: node-0 | 目标: node-0 | 权重: 147.84 | 耗时: 11.89ms
[2025-11-10 05:47:02] [node-2] INFO: 收到来自 node-0 的区块 #12
[2025-11-10 05:47:02] [node-2] INFO: 【收到出块状态】
[2025-11-10 05:47:02] [node-2] INFO:   生产者: node-0 | 轮次: 9 | 成功: false
[2025-11-10 05:47:02] [node-2] INFO:   ✅ 更新代理节点 node-0 的出块状态
[2025-11-10 05:47:02] [node-2] INFO: 【收到投票】
[2025-11-10 05:47:02] [node-2] INFO:   投票者: node-1 | 目标: node-1 | 权重: 147.84 | 耗时: 39.95ms
[2025-11-10 05:47:02] [node-2] INFO: ========================================
[2025-11-10 05:47:02] [node-2] INFO: 第 8 轮 | 时隙 1 | 区块高度 7
[2025-11-10 05:47:02] [node-2] INFO: 当前节点: node-0
[2025-11-10 05:47:02] [node-2] INFO: ========================================
[2025-11-10 05:47:02] [node-2] INFO: 【权重衰减】
[2025-11-10 05:47:02] [node-2] INFO:   旧权重: 147.73 → 新权重: 147.83 (变化: 0.11)
[2025-11-10 05:47:02] [node-2] INFO:   表现评分: 0.705 | 衰减率: 0.0590 | 半衰期: 11.8轮
[2025-11-10 05:47:02] [node-2] INFO: 【投票阶段开始】
[2025-11-10 05:47:02] [node-2] INFO: 步骤1: 锁定保证金 = 147.83
[2025-11-10 05:47:02] [node-2] INFO: 创建投票会话: 正常区段=41.59ms, 代投区段=50.00ms
[2025-11-10 05:47:02] [node-2] INFO: 步骤2: 投票阶段开始
[2025-11-10 05:47:02] [node-2] INFO:   本节点投票目标: node-2 (权重: 147.83, 表现: 0.705)
[2025-11-10 05:47:02] [node-2] INFO:   ⚠️  超时,需要代投 (耗时: 47.74 ms)
[2025-11-10 05:47:02] [node-2] INFO: 等待正常投票期结束: 41ms
[2025-11-10 05:47:02] [node-2] INFO: 【收到投票】
[2025-11-10 05:47:02] [node-2] INFO:   投票者: node-3 | 目标: node-0 | 权重: 53.57 | 耗时: 24.74ms
[2025-11-10 05:47:02] [node-2] INFO: 【执行代投】
[2025-11-10 05:47:02] [node-2] INFO: 需要代投的节点数: 4
[2025-11-10 05:47:02] [node-2] INFO: 代投完成
[2025-11-10 05:47:02] [node-2] INFO: 【收到投票】
[2025-11-10 05:47:02] [node-2] INFO:   投票者: node-4 | 目标: node-0 | 权重: 55.87 | 耗时: 30.22ms
[2025-11-10 05:47:02] [node-2] INFO: 收到来自 node-1 的区块 #10
[2025-11-10 05:47:02] [node-2] WARN: 添加区块失败: 区块高度 10 已存在
[2025-11-10 05:47:02] [node-2] INFO: 【收到出块状态】
[2025-11-10 05:47:02] [node-2] INFO:   生产者: node-1 | 轮次: 9 | 成功: false
[2025-11-10 05:47:02] [node-2] WARN: 投票失败节点数: 2
[2025-11-10 05:47:02] [node-2] INFO: 【分配热补偿】
[2025-11-10 05:47:02] [node-2] INFO: 无符合条件的节点，跳过热补偿
[2025-11-10 05:47:02] [node-2] INFO: 步骤3: 根据委托权重选举代理节点
[2025-11-10 05:47:02] [node-2] INFO:   当选代理 #1: node-2 (得票: 147.83)
[2025-11-10 05:47:02] [node-2] INFO:   当选代理 #2: node-0 (得票: 105.84)
[2025-11-10 05:47:02] [node-2] INFO: 【投票阶段结束】
[2025-11-10 05:47:02] [node-2] INFO:   总投票: 5, 成功: 2, 代投: 1, 失败: 2
[2025-11-10 05:47:02] [node-2] INFO: >>> 本节点是当前出块者，开始出块 <<<
[2025-11-10 05:47:02] [node-2] INFO: 【出块阶段】
[2025-11-10 05:47:02] [node-2] INFO: 节点 node-2 开始出块
[2025-11-10 05:47:02] [node-2] INFO:   从交易池获取 0 笔交易
[2025-11-10 05:47:02] [node-2] INFO:   创建区块 #13 (前块: hash-176)
[2025-11-10 05:47:02] [node-2] INFO:   交易手续费总额: 0.00
[2025-11-10 05:47:02] [node-2] INFO:   ✅ 及时出块 (耗时: 0 ms)
[2025-11-10 05:47:02] [node-2] WARN: 广播区块失败: 广播完成，成功: 1, 失败: 3
[2025-11-10 05:47:02] [node-2] WARN: 广播区块失败: 广播完成，成功: 1, 失败: 3
[2025-11-10 05:47:02] [node-2] INFO: 广播出块状态: round=8, success=false
[2025-11-10 05:47:03] [node-2] INFO: 【处理投票结果 - 出块后】
[2025-11-10 05:47:03] [node-2] WARN: 情况D: 代理出块失败，部分扣除保证金，退回=59.13
[2025-11-10 05:47:03] [node-2] INFO: 【代理节点表现】
[2025-11-10 05:47:03] [node-2] INFO:   综合评分: 0.705 → 0.706
[2025-11-10 05:47:03] [node-2] INFO:   出块效率 P: 1.000
[2025-11-10 05:47:03] [node-2] INFO:   验证效率 C: 0.500
[2025-11-10 05:47:03] [node-2] INFO:   在线评分 O: 0.520
[2025-11-10 05:47:03] [node-2] INFO:   有效/延迟/无效: 4/0/0
[Discovery] === 执行定期刷新 ===
[Discovery] 当前对等节点数: 4
[Discovery] 从 /peers 端点发现 3 个对等节点
[Discovery] 从 /peers 端点发现 3 个对等节点
[Discovery] 从 /peers 端点发现 3 个对等节点
[Discovery] 从 /peers 端点发现 3 个对等节点
[Discovery] 从 /peers 端点发现 3 个对等节点
[2025-11-10 05:47:04] [node-2] INFO: --- 第 8 轮 ---
[2025-11-10 05:47:04] [node-2] INFO: 【收到投票】
[2025-11-10 05:47:04] [node-2] INFO:   投票者: node-0 | 目标: node-2 | 权重: 147.81 | 耗时: 28.41ms
[2025-11-10 05:47:04] [node-2] INFO:   ✅ 累计委托权重: 415.39
[2025-11-10 05:47:05] [node-2] INFO: 【收到投票】
[2025-11-10 05:47:05] [node-2] INFO:   投票者: node-1 | 目标: node-0 | 权重: 147.81 | 耗时: 30.29ms
[2025-11-10 05:47:05] [node-2] INFO: ========================================
[2025-11-10 05:47:05] [node-2] INFO: 第 9 轮 | 时隙 1 | 区块高度 8
[2025-11-10 05:47:05] [node-2] INFO: 当前节点: node-0
[2025-11-10 05:47:05] [node-2] INFO: ========================================
[2025-11-10 05:47:05] [node-2] INFO: 【权重衰减】
[2025-11-10 05:47:05] [node-2] INFO:   旧权重: 147.83 → 新权重: 147.80 (变化: -0.03)
[2025-11-10 05:47:05] [node-2] INFO:   表现评分: 0.706 | 衰减率: 0.0588 | 半衰期: 11.8轮
[2025-11-10 05:47:05] [node-2] INFO: 【投票阶段开始】
[2025-11-10 05:47:05] [node-2] INFO: 步骤1: 锁定保证金 = 147.80
[2025-11-10 05:47:05] [node-2] INFO: 创建投票会话: 正常区段=41.59ms, 代投区段=50.00ms
[2025-11-10 05:47:05] [node-2] INFO: 步骤2: 投票阶段开始
[2025-11-10 05:47:05] [node-2] INFO:   本节点投票目标: node-0 (权重: 114.44, 表现: 0.701)
[2025-11-10 05:47:05] [node-2] INFO:   ⚠️  超时,需要代投 (耗时: 43.53 ms)
[2025-11-10 05:47:05] [node-2] INFO: 等待正常投票期结束: 41ms
[2025-11-10 05:47:05] [node-2] INFO: 【收到投票】
[2025-11-10 05:47:05] [node-2] INFO:   投票者: node-3 | 目标: node-0 | 权重: 53.52 | 耗时: 20.80ms
[2025-11-10 05:47:05] [node-2] INFO: 【执行代投】
[2025-11-10 05:47:05] [node-2] INFO: 需要代投的节点数: 4
[2025-11-10 05:47:05] [node-2] INFO: 代投完成
[2025-11-10 05:47:05] [node-2] INFO: 【收到投票】
[2025-11-10 05:47:05] [node-2] INFO:   投票者: node-4 | 目标: node-0 | 权重: 55.80 | 耗时: 31.49ms
[2025-11-10 05:47:05] [node-2] WARN: 投票失败节点数: 2
[2025-11-10 05:47:05] [node-2] INFO: 【分配热补偿】
[2025-11-10 05:47:05] [node-2] INFO: 无符合条件的节点，跳过热补偿
[2025-11-10 05:47:05] [node-2] INFO: 步骤3: 根据委托权重选举代理节点
[2025-11-10 05:47:05] [node-2] INFO:   当选代理 #1: node-2 (得票: 147.80)
[2025-11-10 05:47:05] [node-2] INFO:   当选代理 #2: node-0 (得票: 103.85)
[2025-11-10 05:47:05] [node-2] INFO: 【投票阶段结束】
[2025-11-10 05:47:05] [node-2] INFO:   总投票: 5, 成功: 2, 代投: 1, 失败: 2
[2025-11-10 05:47:05] [node-2] INFO: >>> 本节点是当前出块者，开始出块 <<<
[2025-11-10 05:47:05] [node-2] INFO: 【出块阶段】
[2025-11-10 05:47:05] [node-2] INFO: 节点 node-2 开始出块
[2025-11-10 05:47:05] [node-2] INFO:   从交易池获取 0 笔交易
[2025-11-10 05:47:05] [node-2] INFO:   创建区块 #14 (前块: hash-176)
[2025-11-10 05:47:05] [node-2] INFO:   交易手续费总额: 0.00
[2025-11-10 05:47:05] [node-2] INFO:   ✅ 及时出块 (耗时: 0 ms)
[2025-11-10 05:47:05] [node-2] WARN: 广播区块失败: 广播完成，成功: 1, 失败: 3
[2025-11-10 05:47:05] [node-2] WARN: 广播区块失败: 广播完成，成功: 1, 失败: 3
[2025-11-10 05:47:05] [node-2] INFO: 广播出块状态: round=9, success=false
[2025-11-10 05:47:06] [node-2] INFO: 【处理投票结果 - 出块后】
[2025-11-10 05:47:06] [node-2] WARN: 情况D: 代理出块失败，部分扣除保证金，退回=59.12
[2025-11-10 05:47:06] [node-2] INFO: 【代理节点表现】
[2025-11-10 05:47:06] [node-2] INFO:   综合评分: 0.706 → 0.707
[2025-11-10 05:47:06] [node-2] INFO:   出块效率 P: 1.000
[2025-11-10 05:47:06] [node-2] INFO:   验证效率 C: 0.500
[2025-11-10 05:47:06] [node-2] INFO:   在线评分 O: 0.522
[2025-11-10 05:47:06] [node-2] INFO:   有效/延迟/无效: 5/0/0
[2025-11-10 05:47:07] [node-2] INFO: --- 第 9 轮 ---
[2025-11-10 05:47:07] [node-2] INFO: 【收到投票】
[2025-11-10 05:47:07] [node-2] INFO:   投票者: node-0 | 目标: node-2 | 权重: 147.55 | 耗时: 29.01ms
[2025-11-10 05:47:07] [node-2] INFO:   ✅ 累计委托权重: 415.08
[2025-11-10 05:47:08] [node-2] INFO: 【收到投票】
[2025-11-10 05:47:08] [node-2] INFO:   投票者: node-1 | 目标: node-0 | 权重: 147.14 | 耗时: 25.93ms
[2025-11-10 05:47:08] [node-2] INFO: ========================================
[2025-11-10 05:47:08] [node-2] INFO: 第 10 轮 | 时隙 1 | 区块高度 9
[2025-11-10 05:47:08] [node-2] INFO: 当前节点: node-0
[2025-11-10 05:47:08] [node-2] INFO: ========================================
[2025-11-10 05:47:08] [node-2] INFO: 【权重衰减】
[2025-11-10 05:47:08] [node-2] INFO:   旧权重: 147.80 → 新权重: 147.52 (变化: -0.28)
[2025-11-10 05:47:08] [node-2] INFO:   表现评分: 0.707 | 衰减率: 0.0587 | 半衰期: 11.8轮
[2025-11-10 05:47:08] [node-2] INFO: --- 重新选举代理节点 ---
[2025-11-10 05:47:08] [node-2] INFO: ========================================
[2025-11-10 05:47:08] [node-2] INFO: 【代理节点选举 - 连任检查】
[2025-11-10 05:47:08] [node-2] INFO: ========================================
[2025-11-10 05:47:08] [node-2] INFO: 连任检查: node-2
[2025-11-10 05:47:08] [node-2] INFO:   连任次数: 0
[2025-11-10 05:47:08] [node-2] INFO:   所需权重: 150.00
[2025-11-10 05:47:08] [node-2] INFO:   实际委托: 415.08
[2025-11-10 05:47:08] [node-2] INFO:   权重缺口: -265.08
[2025-11-10 05:47:08] [node-2] INFO:   ✅ 满足连任条件
[2025-11-10 05:47:08] [node-2] INFO: 连任检查: node-0
[2025-11-10 05:47:08] [node-2] INFO:   连任次数: 0
[2025-11-10 05:47:08] [node-2] INFO:   所需权重: 0.00
[2025-11-10 05:47:08] [node-2] INFO:   实际委托: 0.00
[2025-11-10 05:47:08] [node-2] INFO:   权重缺口: 0.00
[2025-11-10 05:47:08] [node-2] INFO:   ✅ 满足连任条件
[2025-11-10 05:47:08] [node-2] INFO: 选出 2 个代理节点:
[2025-11-10 05:47:08] [node-2] INFO:   #1: node-2 (权重: 147.52, 连任: 1次)
[2025-11-10 05:47:08] [node-2] INFO:   #2: node-1 (权重: 133.02, 连任: 0次)
[2025-11-10 05:47:08] [node-2] INFO: ========================================
[2025-11-10 05:47:08] [node-2] INFO: 选出 2 个代理节点:
[2025-11-10 05:47:08] [node-2] INFO:   #0: node-2 (权重: 147.52, 表现: 0.707)
[2025-11-10 05:47:08] [node-2] INFO:   #1: node-1 (权重: 133.02, 表现: 0.661)
[2025-11-10 05:47:08] [node-2] INFO: 【投票阶段开始】
[2025-11-10 05:47:08] [node-2] INFO: 步骤1: 锁定保证金 = 147.52
[2025-11-10 05:47:08] [node-2] INFO: 创建投票会话: 正常区段=41.59ms, 代投区段=50.00ms
[2025-11-10 05:47:08] [node-2] INFO: 步骤2: 投票阶段开始
[2025-11-10 05:47:08] [node-2] INFO:   本节点投票目标: node-1 (权重: 133.02, 表现: 0.661)
[2025-11-10 05:47:08] [node-2] INFO:   ✅ 正常投票 (耗时: 41.37 ms)
[2025-11-10 05:47:08] [node-2] INFO: 投票已发送: node-2 -> node-1
[2025-11-10 05:47:08] [node-2] INFO: 等待正常投票期结束: 41ms
[2025-11-10 05:47:08] [node-2] INFO: 【收到投票】
[2025-11-10 05:47:08] [node-2] INFO:   投票者: node-3 | 目标: node-3 | 权重: 53.22 | 耗时: 32.68ms
[2025-11-10 05:47:08] [node-2] INFO: 【执行代投】
[2025-11-10 05:47:08] [node-2] INFO: 需要代投的节点数: 4
[2025-11-10 05:47:08] [node-2] INFO: 代投完成
[2025-11-10 05:47:08] [node-2] INFO: 【收到投票】
[2025-11-10 05:47:08] [node-2] INFO:   投票者: node-4 | 目标: node-0 | 权重: 55.32 | 耗时: 25.74ms
[2025-11-10 05:47:08] [node-2] WARN: 投票失败节点数: 2
[2025-11-10 05:47:08] [node-2] INFO: 【分配热补偿】
[2025-11-10 05:47:08] [node-2] INFO: 无符合条件的节点，跳过热补偿
[2025-11-10 05:47:08] [node-2] INFO: 步骤3: 根据委托权重选举代理节点
[2025-11-10 05:47:08] [node-2] INFO:   当选代理 #1: node-1 (得票: 147.52)
[2025-11-10 05:47:08] [node-2] INFO:   当选代理 #2: node-2 (得票: 0.00)
[2025-11-10 05:47:08] [node-2] INFO: 【投票阶段结束】
[2025-11-10 05:47:08] [node-2] INFO:   总投票: 5, 成功: 2, 代投: 1, 失败: 2
[2025-11-10 05:47:09] [node-2] INFO: 【处理投票结果 - 出块后】
[2025-11-10 05:47:09] [node-2] WARN: 情况D: 代理出块失败，部分扣除保证金，退回=59.01
[2025-11-10 05:47:09] [node-2] INFO: 【代理节点表现】
[2025-11-10 05:47:09] [node-2] INFO:   综合评分: 0.707 → 0.707
[2025-11-10 05:47:09] [node-2] INFO:   出块效率 P: 1.000
[2025-11-10 05:47:09] [node-2] INFO:   验证效率 C: 0.500
[2025-11-10 05:47:09] [node-2] INFO:   在线评分 O: 0.525
[2025-11-10 05:47:09] [node-2] INFO:   有效/延迟/无效: 5/0/0
[2025-11-10 05:47:10] [node-2] INFO: --- 第 10 轮 ---
[2025-11-10 05:47:10] [node-2] INFO: 【收到投票】
[2025-11-10 05:47:10] [node-2] INFO:   投票者: node-0 | 目标: node-2 | 权重: 147.50 | 耗时: 18.83ms
[2025-11-10 05:47:10] [node-2] INFO:   ✅ 累计委托权重: 267.02
[2025-11-10 05:47:11] [node-2] INFO: 【收到投票】
[2025-11-10 05:47:11] [node-2] INFO:   投票者: node-1 | 目标: node-0 | 权重: 147.15 | 耗时: 27.08ms
[2025-11-10 05:47:11] [node-2] INFO: ========================================
[2025-11-10 05:47:11] [node-2] INFO: 第 11 轮 | 时隙 1 | 区块高度 10
[2025-11-10 05:47:11] [node-2] INFO: 当前节点: node-2
[2025-11-10 05:47:11] [node-2] INFO: ========================================
[2025-11-10 05:47:11] [node-2] INFO: 【权重衰减】
[2025-11-10 05:47:11] [node-2] INFO:   旧权重: 147.52 → 新权重: 147.51 (变化: -0.01)
[2025-11-10 05:47:11] [node-2] INFO:   表现评分: 0.707 | 衰减率: 0.0585 | 半衰期: 11.8轮
[2025-11-10 05:47:11] [node-2] INFO: 【投票阶段开始】
[2025-11-10 05:47:11] [node-2] INFO: 步骤1: 锁定保证金 = 147.51
[2025-11-10 05:47:11] [node-2] INFO: 创建投票会话: 正常区段=41.59ms, 代投区段=50.00ms
[2025-11-10 05:47:11] [node-2] INFO: 步骤2: 投票阶段开始
[2025-11-10 05:47:11] [node-2] INFO:   本节点投票目标: node-1 (权重: 119.72, 表现: 0.661)
[2025-11-10 05:47:11] [node-2] INFO:   ⚠️  超时,需要代投 (耗时: 41.92 ms)
[2025-11-10 05:47:11] [node-2] INFO: 等待正常投票期结束: 41ms
[2025-11-10 05:47:11] [node-2] INFO: 【收到投票】
[2025-11-10 05:47:11] [node-2] INFO:   投票者: node-3 | 目标: node-2 | 权重: 53.20 | 耗时: 21.12ms
[2025-11-10 05:47:11] [node-2] INFO:   ✅ 累计委托权重: 373.44
[2025-11-10 05:47:11] [node-2] INFO: 【执行代投】
[2025-11-10 05:47:11] [node-2] INFO: 需要代投的节点数: 4
[2025-11-10 05:47:11] [node-2] INFO: 代投完成
[2025-11-10 05:47:11] [node-2] INFO: 【收到投票】
[2025-11-10 05:47:11] [node-2] INFO:   投票者: node-4 | 目标: node-4 | 权重: 55.28 | 耗时: 26.18ms
[2025-11-10 05:47:11] [node-2] WARN: 投票失败节点数: 2
[2025-11-10 05:47:11] [node-2] INFO: 【分配热补偿】
[2025-11-10 05:47:11] [node-2] INFO: 无符合条件的节点，跳过热补偿
[2025-11-10 05:47:11] [node-2] INFO: 步骤3: 根据委托权重选举代理节点
[2025-11-10 05:47:11] [node-2] INFO:   当选代理 #1: node-1 (得票: 147.51)
[2025-11-10 05:47:11] [node-2] INFO:   当选代理 #2: node-2 (得票: 53.22)
[2025-11-10 05:47:11] [node-2] INFO: 【投票阶段结束】
[2025-11-10 05:47:11] [node-2] INFO:   总投票: 5, 成功: 2, 代投: 1, 失败: 2
[2025-11-10 05:47:12] [node-2] INFO: 【处理投票结果 - 出块后】
[2025-11-10 05:47:12] [node-2] WARN: 情况D: 代理出块失败，部分扣除保证金，退回=59.00
[2025-11-10 05:47:12] [node-2] INFO: 【代理节点表现】
[2025-11-10 05:47:12] [node-2] INFO:   综合评分: 0.707 → 0.708
[2025-11-10 05:47:12] [node-2] INFO:   出块效率 P: 1.000
[2025-11-10 05:47:12] [node-2] INFO:   验证效率 C: 0.500
[2025-11-10 05:47:12] [node-2] INFO:   在线评分 O: 0.527
[2025-11-10 05:47:12] [node-2] INFO:   有效/延迟/无效: 5/0/0
[2025-11-10 05:47:13] [node-2] INFO: 已完成 10/100 轮
[2025-11-10 05:47:13] [node-2] INFO: 当前状态:
[2025-11-10 05:47:13] [node-2] INFO:   权重: 147.51 (半衰期: 11.9)
[2025-11-10 05:47:13] [node-2] INFO:   表现: 0.708
[2025-11-10 05:47:13] [node-2] INFO:   投票: 成功=7, 失败=2
[2025-11-10 05:47:13] [node-2] INFO:   奖励: 0.00, 补偿: 0.00
[2025-11-10 05:47:13] [node-2] INFO: --- 第 11 轮 ---
[2025-11-10 05:47:13] [node-2] INFO: 【收到投票】
[2025-11-10 05:47:13] [node-2] INFO:   投票者: node-0 | 目标: node-2 | 权重: 147.44 | 耗时: 16.90ms
[2025-11-10 05:47:13] [node-2] INFO:   ✅ 累计委托权重: 320.14
[2025-11-10 05:47:14] [node-2] INFO: 【收到投票】
[2025-11-10 05:47:14] [node-2] INFO:   投票者: node-1 | 目标: node-2 | 权重: 147.08 | 耗时: 31.61ms
[2025-11-10 05:47:14] [node-2] INFO:   ✅ 累计委托权重: 586.41
[2025-11-10 05:47:14] [node-2] INFO: ========================================
[2025-11-10 05:47:14] [node-2] INFO: 第 12 轮 | 时隙 1 | 区块高度 11
[2025-11-10 05:47:14] [node-2] INFO: 当前节点: node-2
[2025-11-10 05:47:14] [node-2] INFO: ========================================
[2025-11-10 05:47:14] [node-2] INFO: 【权重衰减】
[2025-11-10 05:47:14] [node-2] INFO:   旧权重: 147.51 → 新权重: 147.45 (变化: -0.06)
[2025-11-10 05:47:14] [node-2] INFO:   表现评分: 0.708 | 衰减率: 0.0584 | 半衰期: 11.9轮
[2025-11-10 05:47:14] [node-2] INFO: 【投票阶段开始】
[2025-11-10 05:47:14] [node-2] INFO: 步骤1: 锁定保证金 = 147.45
[2025-11-10 05:47:14] [node-2] INFO: 创建投票会话: 正常区段=41.59ms, 代投区段=50.00ms
[2025-11-10 05:47:14] [node-2] INFO: 步骤2: 投票阶段开始
[2025-11-10 05:47:14] [node-2] INFO:   本节点投票目标: node-2 (权重: 147.45, 表现: 0.708)
[2025-11-10 05:47:14] [node-2] INFO:   ⚠️  超时,需要代投 (耗时: 44.84 ms)
[2025-11-10 05:47:14] [node-2] INFO: 等待正常投票期结束: 41ms
[2025-11-10 05:47:14] [node-2] INFO: 【收到投票】
[2025-11-10 05:47:14] [node-2] INFO:   投票者: node-3 | 目标: node-0 | 权重: 53.27 | 耗时: 20.58ms
[2025-11-10 05:47:14] [node-2] INFO: 【收到投票】
[2025-11-10 05:47:14] [node-2] INFO:   投票者: node-4 | 目标: node-2 | 权重: 55.16 | 耗时: 26.30ms
[2025-11-10 05:47:14] [node-2] INFO:   ✅ 累计委托权重: 691.33
[2025-11-10 05:47:14] [node-2] INFO: 【执行代投】
[2025-11-10 05:47:14] [node-2] INFO: 需要代投的节点数: 3
[2025-11-10 05:47:14] [node-2] INFO: 代投完成
[2025-11-10 05:47:14] [node-2] WARN: 投票失败节点数: 1
[2025-11-10 05:47:14] [node-2] INFO: 【分配热补偿】
[2025-11-10 05:47:14] [node-2] INFO: 无符合条件的节点，跳过热补偿
[2025-11-10 05:47:14] [node-2] INFO: 步骤3: 根据委托权重选举代理节点
[2025-11-10 05:47:14] [node-2] INFO:   当选代理 #1: node-1 (得票: 280.14)
[2025-11-10 05:47:14] [node-2] INFO:   当选代理 #2: node-2 (得票: 49.75)
[2025-11-10 05:47:14] [node-2] INFO: 【投票阶段结束】
[2025-11-10 05:47:14] [node-2] INFO:   总投票: 5, 成功: 2, 代投: 2, 失败: 1
[2025-11-10 05:47:15] [node-2] INFO: 【处理投票结果 - 出块后】
[2025-11-10 05:47:15] [node-2] WARN: 情况D: 代理出块失败，部分扣除保证金，退回=58.98
[2025-11-10 05:47:15] [node-2] INFO: 【代理节点表现】
[2025-11-10 05:47:15] [node-2] INFO:   综合评分: 0.708 → 0.709
[2025-11-10 05:47:15] [node-2] INFO:   出块效率 P: 1.000
[2025-11-10 05:47:15] [node-2] INFO:   验证效率 C: 0.500
[2025-11-10 05:47:15] [node-2] INFO:   在线评分 O: 0.530
[2025-11-10 05:47:15] [node-2] INFO:   有效/延迟/无效: 5/0/0
[2025-11-10 05:47:16] [node-2] INFO: --- 第 12 轮 ---
[2025-11-10 05:47:16] [node-2] INFO: 【收到投票】
[2025-11-10 05:47:16] [node-2] INFO:   投票者: node-0 | 目标: node-2 | 权重: 147.45 | 耗时: 10.84ms
[2025-11-10 05:47:16] [node-2] INFO:   ✅ 累计委托权重: 329.90
[2025-11-10 05:47:17] [node-2] INFO: 【收到投票】
[2025-11-10 05:47:17] [node-2] INFO:   投票者: node-1 | 目标: node-2 | 权重: 147.08 | 耗时: 37.20ms
[2025-11-10 05:47:17] [node-2] INFO:   ✅ 累计委托权重: 596.16
[2025-11-10 05:47:17] [node-2] INFO: ========================================
[2025-11-10 05:47:17] [node-2] INFO: 第 13 轮 | 时隙 1 | 区块高度 12
[2025-11-10 05:47:17] [node-2] INFO: 当前节点: node-2
[2025-11-10 05:47:17] [node-2] INFO: ========================================
[2025-11-10 05:47:17] [node-2] INFO: 【权重衰减】
[2025-11-10 05:47:17] [node-2] INFO:   旧权重: 147.45 → 新权重: 147.45 (变化: 0.00)
[2025-11-10 05:47:17] [node-2] INFO:   表现评分: 0.709 | 衰减率: 0.0582 | 半衰期: 11.9轮
[2025-11-10 05:47:17] [node-2] INFO: 【投票阶段开始】
[2025-11-10 05:47:17] [node-2] INFO: 步骤1: 锁定保证金 = 147.45
[2025-11-10 05:47:17] [node-2] INFO: 创建投票会话: 正常区段=41.59ms, 代投区段=50.00ms
[2025-11-10 05:47:17] [node-2] INFO: 步骤2: 投票阶段开始
[2025-11-10 05:47:17] [node-2] INFO:   本节点投票目标: node-2 (权重: 147.45, 表现: 0.709)
[2025-11-10 05:47:17] [node-2] INFO:   ✅ 正常投票 (耗时: 34.62 ms)
[2025-11-10 05:47:17] [node-2] INFO: 投票已发送: node-2 -> node-2
[2025-11-10 05:47:17] [node-2] INFO: 等待正常投票期结束: 41ms
[2025-11-10 05:47:17] [node-2] INFO: 【收到投票】
[2025-11-10 05:47:17] [node-2] INFO:   投票者: node-3 | 目标: node-0 | 权重: 53.25 | 耗时: 15.66ms
[2025-11-10 05:47:17] [node-2] INFO: 【执行代投】
[2025-11-10 05:47:17] [node-2] INFO: 需要代投的节点数: 4
[2025-11-10 05:47:17] [node-2] INFO: 代投完成
[2025-11-10 05:47:17] [node-2] INFO: 【收到投票】
[2025-11-10 05:47:17] [node-2] INFO:   投票者: node-4 | 目标: node-0 | 权重: 53.55 | 耗时: 35.37ms
[2025-11-10 05:47:17] [node-2] WARN: 投票失败节点数: 2
[2025-11-10 05:47:17] [node-2] INFO: 【分配热补偿】
[2025-11-10 05:47:17] [node-2] INFO: 无符合条件的节点，跳过热补偿
[2025-11-10 05:47:17] [node-2] INFO: 步骤3: 根据委托权重选举代理节点
[2025-11-10 05:47:17] [node-2] INFO:   当选代理 #1: node-1 (得票: 147.45)
[2025-11-10 05:47:17] [node-2] INFO:   当选代理 #2: node-2 (得票: 0.00)
[2025-11-10 05:47:17] [node-2] INFO: 【投票阶段结束】
[2025-11-10 05:47:17] [node-2] INFO:   总投票: 5, 成功: 2, 代投: 1, 失败: 2
[2025-11-10 05:47:18] [node-2] INFO: 【处理投票结果 - 出块后】
[2025-11-10 05:47:18] [node-2] WARN: 情况D: 代理出块失败，部分扣除保证金，退回=58.98
[2025-11-10 05:47:18] [node-2] INFO: 【代理节点表现】
[2025-11-10 05:47:18] [node-2] INFO:   综合评分: 0.709 → 0.710
[2025-11-10 05:47:18] [node-2] INFO:   出块效率 P: 1.000
[2025-11-10 05:47:18] [node-2] INFO:   验证效率 C: 0.500
[2025-11-10 05:47:18] [node-2] INFO:   在线评分 O: 0.532
[2025-11-10 05:47:18] [node-2] INFO:   有效/延迟/无效: 5/0/0
[2025-11-10 05:47:19] [node-2] INFO: --- 第 13 轮 ---
[2025-11-10 05:47:19] [node-2] INFO: 【收到投票】
[2025-11-10 05:47:19] [node-2] INFO:   投票者: node-0 | 目标: node-2 | 权重: 147.44 | 耗时: 20.48ms
[2025-11-10 05:47:19] [node-2] INFO:   ✅ 累计委托权重: 266.87
[2025-11-10 05:47:20] [node-2] INFO: 【收到投票】
[2025-11-10 05:47:20] [node-2] INFO:   投票者: node-1 | 目标: node-2 | 权重: 147.03 | 耗时: 31.79ms
[2025-11-10 05:47:20] [node-2] INFO:   ✅ 累计委托权重: 533.04
[2025-11-10 05:47:20] [node-2] INFO: ========================================
[2025-11-10 05:47:20] [node-2] INFO: 第 14 轮 | 时隙 1 | 区块高度 13
[2025-11-10 05:47:20] [node-2] INFO: 当前节点: node-2
[2025-11-10 05:47:20] [node-2] INFO: ========================================
[2025-11-10 05:47:20] [node-2] INFO: 【权重衰减】
[2025-11-10 05:47:20] [node-2] INFO:   旧权重: 147.45 → 新权重: 147.43 (变化: -0.02)
[2025-11-10 05:47:20] [node-2] INFO:   表现评分: 0.710 | 衰减率: 0.0581 | 半衰期: 11.9轮
[2025-11-10 05:47:20] [node-2] INFO: 【投票阶段开始】
[2025-11-10 05:47:20] [node-2] INFO: 步骤1: 锁定保证金 = 147.43
[2025-11-10 05:47:20] [node-2] INFO: 创建投票会话: 正常区段=41.59ms, 代投区段=50.00ms
[2025-11-10 05:47:20] [node-2] INFO: 步骤2: 投票阶段开始
[2025-11-10 05:47:20] [node-2] INFO:   本节点投票目标: node-1 (权重: 119.72, 表现: 0.661)
[2025-11-10 05:47:20] [node-2] INFO:   ✅ 正常投票 (耗时: 32.49 ms)
[2025-11-10 05:47:20] [node-2] INFO: 投票已发送: node-2 -> node-1
[2025-11-10 05:47:20] [node-2] INFO: 等待正常投票期结束: 41ms
[2025-11-10 05:47:20] [node-2] INFO: 【收到投票】
[2025-11-10 05:47:20] [node-2] INFO:   投票者: node-3 | 目标: node-2 | 权重: 53.19 | 耗时: 32.08ms
[2025-11-10 05:47:20] [node-2] INFO:   ✅ 累计委托权重: 634.16
[2025-11-10 05:47:20] [node-2] INFO: 【执行代投】
[2025-11-10 05:47:20] [node-2] INFO: 需要代投的节点数: 4
[2025-11-10 05:47:20] [node-2] INFO: 代投完成
[2025-11-10 05:47:20] [node-2] WARN: 投票失败节点数: 3
[2025-11-10 05:47:20] [node-2] INFO: 【分配热补偿】
[2025-11-10 05:47:20] [node-2] INFO: 无符合条件的节点，跳过热补偿
[2025-11-10 05:47:20] [node-2] INFO: 步骤3: 根据委托权重选举代理节点
[2025-11-10 05:47:20] [node-2] INFO:   当选代理 #1: node-1 (得票: 147.43)
[2025-11-10 05:47:20] [node-2] INFO:   当选代理 #2: node-2 (得票: 47.93)
[2025-11-10 05:47:20] [node-2] INFO: 【投票阶段结束】
[2025-11-10 05:47:20] [node-2] INFO:   总投票: 5, 成功: 1, 代投: 1, 失败: 3
[2025-11-10 05:47:21] [node-2] INFO: 【处理投票结果 - 出块后】
[2025-11-10 05:47:21] [node-2] WARN: 情况D: 代理出块失败，部分扣除保证金，退回=58.97
[2025-11-10 05:47:21] [node-2] INFO: 【代理节点表现】
[2025-11-10 05:47:21] [node-2] INFO:   综合评分: 0.710 → 0.710
[2025-11-10 05:47:21] [node-2] INFO:   出块效率 P: 1.000
[2025-11-10 05:47:21] [node-2] INFO:   验证效率 C: 0.500
[2025-11-10 05:47:21] [node-2] INFO:   在线评分 O: 0.535
[2025-11-10 05:47:21] [node-2] INFO:   有效/延迟/无效: 5/0/0
[2025-11-10 05:47:22] [node-2] INFO: --- 第 14 轮 ---
[2025-11-10 05:47:22] [node-2] INFO: 【收到投票】
[2025-11-10 05:47:22] [node-2] INFO:   投票者: node-0 | 目标: node-2 | 权重: 147.44 | 耗时: 19.83ms
[2025-11-10 05:47:22] [node-2] INFO:   ✅ 累计委托权重: 314.80
[2025-11-10 05:47:23] [node-2] INFO: 【收到投票】
[2025-11-10 05:47:23] [node-2] INFO:   投票者: node-1 | 目标: node-2 | 权重: 147.02 | 耗时: 27.11ms
[2025-11-10 05:47:23] [node-2] INFO:   ✅ 累计委托权重: 580.95
[2025-11-10 05:47:23] [node-2] INFO: ========================================
[2025-11-10 05:47:23] [node-2] INFO: 第 15 轮 | 时隙 1 | 区块高度 14
[2025-11-10 05:47:23] [node-2] INFO: 当前节点: node-2
[2025-11-10 05:47:23] [node-2] INFO: ========================================
[2025-11-10 05:47:23] [node-2] INFO: 【权重衰减】
[2025-11-10 05:47:23] [node-2] INFO:   旧权重: 147.43 → 新权重: 147.43 (变化: 0.01)
[2025-11-10 05:47:23] [node-2] INFO:   表现评分: 0.710 | 衰减率: 0.0579 | 半衰期: 12.0轮
[2025-11-10 05:47:23] [node-2] INFO: 【投票阶段开始】
[2025-11-10 05:47:23] [node-2] INFO: 步骤1: 锁定保证金 = 147.43
[2025-11-10 05:47:23] [node-2] INFO: 创建投票会话: 正常区段=41.59ms, 代投区段=50.00ms
[2025-11-10 05:47:23] [node-2] INFO: 步骤2: 投票阶段开始
[2025-11-10 05:47:23] [node-2] INFO:   本节点投票目标: node-2 (权重: 147.43, 表现: 0.710)
[2025-11-10 05:47:23] [node-2] INFO:   ⚠️  超时,需要代投 (耗时: 47.09 ms)
[2025-11-10 05:47:23] [node-2] INFO: 等待正常投票期结束: 41ms
[2025-11-10 05:47:23] [node-2] INFO: 【收到投票】
[2025-11-10 05:47:23] [node-2] INFO:   投票者: node-3 | 目标: node-2 | 权重: 53.23 | 耗时: 33.64ms
[2025-11-10 05:47:23] [node-2] INFO:   ✅ 累计委托权重: 682.05
[2025-11-10 05:47:23] [node-2] INFO: 【执行代投】
[2025-11-10 05:47:23] [node-2] INFO: 需要代投的节点数: 4
[2025-11-10 05:47:23] [node-2] INFO: 代投完成
[2025-11-10 05:47:23] [node-2] INFO: 【收到投票】
[2025-11-10 05:47:23] [node-2] INFO:   投票者: node-4 | 目标: node-0 | 权重: 53.52 | 耗时: 30.26ms
[2025-11-10 05:47:23] [node-2] WARN: 投票失败节点数: 2
[2025-11-10 05:47:23] [node-2] INFO: 【分配热补偿】
[2025-11-10 05:47:23] [node-2] INFO: 无符合条件的节点，跳过热补偿
[2025-11-10 05:47:23] [node-2] INFO: 步骤3: 根据委托权重选举代理节点
[2025-11-10 05:47:23] [node-2] INFO:   当选代理 #1: node-1 (得票: 147.43)
[2025-11-10 05:47:23] [node-2] INFO:   当选代理 #2: node-2 (得票: 47.87)
[2025-11-10 05:47:23] [node-2] INFO: 【投票阶段结束】
[2025-11-10 05:47:23] [node-2] INFO:   总投票: 5, 成功: 2, 代投: 1, 失败: 2
[2025-11-10 05:47:24] [node-2] INFO: 【处理投票结果 - 出块后】
[2025-11-10 05:47:24] [node-2] WARN: 情况D: 代理出块失败，部分扣除保证金，退回=58.97
[2025-11-10 05:47:24] [node-2] INFO: 【代理节点表现】
[2025-11-10 05:47:24] [node-2] INFO:   综合评分: 0.710 → 0.711
[2025-11-10 05:47:24] [node-2] INFO:   出块效率 P: 1.000
[2025-11-10 05:47:24] [node-2] INFO:   验证效率 C: 0.500
[2025-11-10 05:47:24] [node-2] INFO:   在线评分 O: 0.537
[2025-11-10 05:47:24] [node-2] INFO:   有效/延迟/无效: 5/0/0
[2025-11-10 05:47:25] [node-2] INFO: --- 第 15 轮 ---
[2025-11-10 05:47:25] [node-2] INFO: 【收到投票】
[2025-11-10 05:47:25] [node-2] INFO:   投票者: node-0 | 目标: node-2 | 权重: 147.44 | 耗时: 27.89ms
[2025-11-10 05:47:25] [node-2] INFO:   ✅ 累计委托权重: 314.74
