[2025-11-10 04:59:47] [node-3] INFO: ========================================
[2025-11-10 04:59:47] [node-3] INFO: 启动 NM-DPoS 节点
[2025-11-10 04:59:47] [node-3] INFO: 节点ID: node-3
[2025-11-10 04:59:47] [node-3] INFO: 监听地址: localhost:8003
[2025-11-10 04:59:47] [node-3] INFO: ========================================
[2025-11-10 04:59:47] [node-3] INFO: 种子节点: [localhost:8000]
[2025-11-10 04:59:47] [node-3] INFO: 启动节点 node-3，监听地址: localhost:8003
[2025-11-10 04:59:48] [node-3] INFO: HTTP服务器已就绪
[Discovery] 启动节点发现服务...
[Discovery] 本地地址: localhost:8003
[Discovery] 种子节点: [localhost:8000]
[Discovery] 节点发现服务已启动
[Discovery] 开始连接 1 个种子节点...
[Discovery] === 连接尝试 1/20 ===
[Discovery] 连接种子节点: localhost:8000
[Discovery] 从心跳响应中发现 2 个对等节点
[Discovery]  心跳成功，已注册到种子节点
[Discovery] 从 /peers 端点发现 2 个对等节点
[Discovery]  成功获取对等列表
[Discovery]  已连接 1/1 个种子节点
[2025-11-10 04:59:49] [node-3] INFO: 收到来自 node-0 的区块 #1
[2025-11-10 04:59:49] [node-3] INFO: 【收到出块状态】
[2025-11-10 04:59:49] [node-3] INFO:   生产者: node-0 | 轮次: 1 | 成功: true
[2025-11-10 04:59:52] [node-3] INFO: 收到来自 node-0 的区块 #2
[2025-11-10 04:59:52] [node-3] INFO: 【收到出块状态】
[2025-11-10 04:59:52] [node-3] INFO:   生产者: node-0 | 轮次: 2 | 成功: true
[2025-11-10 04:59:53] [node-3] INFO: 节点 node-3 启动完成，已连接 3 个对等节点
[2025-11-10 04:59:53] [node-3] INFO: 节点启动成功
[2025-11-10 04:59:53] [node-3] INFO: ========================================
[2025-11-10 04:59:53] [node-3] INFO: 启动测试模式
[2025-11-10 04:59:53] [node-3] INFO: 测试持续时间: 100 轮
[2025-11-10 04:59:53] [node-3] INFO: 结果输出目录: ./test_results
[2025-11-10 04:59:53] [node-3] INFO: ========================================
[2025-11-10 04:59:55] [node-3] INFO: 收到来自 node-0 的区块 #3
[2025-11-10 04:59:55] [node-3] INFO: 【收到出块状态】
[2025-11-10 04:59:55] [node-3] INFO:   生产者: node-0 | 轮次: 3 | 成功: true
[2025-11-10 04:59:56] [node-3] INFO: ========================================
[2025-11-10 04:59:56] [node-3] INFO: 第 1 轮 | 初始化阶段
[2025-11-10 04:59:56] [node-3] INFO: ========================================
[2025-11-10 04:59:56] [node-3] INFO: --- 执行首次代理节点选举 ---
[2025-11-10 04:59:56] [node-3] INFO: ========================================
[2025-11-10 04:59:56] [node-3] INFO: 【代理节点选举 - 权重排序】
[2025-11-10 04:59:56] [node-3] INFO: ========================================
[2025-11-10 04:59:56] [node-3] INFO: 选出 2 个代理节点:
[2025-11-10 04:59:56] [node-3] INFO:   #1: node-0 (权重: 333.55, 表现: 0.702)
[2025-11-10 04:59:56] [node-3] INFO:   #2: node-3 (权重: 50.00, 表现: 0.950)
[2025-11-10 04:59:56] [node-3] INFO: ========================================
[2025-11-10 04:59:56] [node-3] INFO: 选出 2 个代理节点:
[2025-11-10 04:59:56] [node-3] INFO:   #1: node-0 (权重: 333.55, 表现: 0.702)
[2025-11-10 04:59:56] [node-3] INFO:   #2: node-3 (权重: 50.00, 表现: 0.950)
[2025-11-10 04:59:56] [node-3] INFO: ========================================
[2025-11-10 04:59:56] [node-3] INFO: 第 1 轮 | 时隙 0 | 区块高度 0
[2025-11-10 04:59:56] [node-3] INFO: 当前出块者: node-0
[2025-11-10 04:59:56] [node-3] INFO: ========================================
[2025-11-10 04:59:56] [node-3] INFO: 【权重衰减】
[2025-11-10 04:59:56] [node-3] INFO:   旧权重: 50.00 → 新权重: 49.50 (变化: -0.50)
[2025-11-10 04:59:56] [node-3] INFO:   表现评分: 0.950 | 衰减率: 0.0100 | 半衰期: 69.3轮
[2025-11-10 04:59:56] [node-3] INFO: 【投票阶段开始】
[2025-11-10 04:59:56] [node-3] INFO: 步骤1: 锁定保证金 = 49.50
[2025-11-10 04:59:56] [node-3] INFO: 创建投票会话: 正常区段=51.99ms, 代投区段=50.00ms
[2025-11-10 04:59:56] [node-3] INFO: 步骤2: 投票阶段开始
[2025-11-10 04:59:56] [node-3] INFO:   本节点投票目标: node-0 (权重: 333.55, 表现: 0.702)
[2025-11-10 04:59:56] [node-3] INFO:   ✅ 正常投票 (耗时: 30.49 ms)
[2025-11-10 04:59:56] [node-3] INFO: 投票已发送: node-3 -> node-0
[2025-11-10 04:59:56] [node-3] INFO: 等待正常投票期结束: 51ms
[2025-11-10 04:59:56] [node-3] INFO: 【执行代投】
[2025-11-10 04:59:56] [node-3] INFO: 需要代投的节点数: 2
[2025-11-10 04:59:56] [node-3] INFO: 代投完成
[2025-11-10 04:59:56] [node-3] WARN: 投票失败节点数: 2
[2025-11-10 04:59:56] [node-3] INFO: 【分配热补偿】
[2025-11-10 04:59:56] [node-3] INFO: 无符合条件的节点，跳过热补偿
[2025-11-10 04:59:56] [node-3] INFO: 步骤3: 根据委托权重选举代理节点
[2025-11-10 04:59:56] [node-3] INFO:   当选代理 #1: node-0 (得票: 0.00)
[2025-11-10 04:59:56] [node-3] INFO:   当选代理 #2: node-3 (得票: 0.00)
[2025-11-10 04:59:56] [node-3] INFO: 【投票阶段结束】
[2025-11-10 04:59:56] [node-3] INFO:   总投票: 2, 成功: 0, 代投: 0, 失败: 2
[2025-11-10 04:59:56] [node-3] INFO: 【处理投票结果 - 出块后】
[2025-11-10 04:59:56] [node-3] INFO: 情况B: 投票节点未当选，退回保证金=0.00
[2025-11-10 04:59:56] [node-3] INFO: 【代理节点表现】
[2025-11-10 04:59:56] [node-3] INFO:   综合评分: 0.950 → 0.501
[2025-11-10 04:59:56] [node-3] INFO:   出块效率 P: 0.500
[2025-11-10 04:59:56] [node-3] INFO:   验证效率 C: 0.500
[2025-11-10 04:59:56] [node-3] INFO:   在线评分 O: 0.502
[2025-11-10 04:59:56] [node-3] INFO:   有效/延迟/无效: 0/0/0
[2025-11-10 04:59:58] [node-3] INFO: ========================================
[2025-11-10 04:59:58] [node-3] INFO: 开始网络测试
[2025-11-10 04:59:58] [node-3] INFO: 测试轮数: 100
[2025-11-10 04:59:58] [node-3] INFO: ========================================
[2025-11-10 04:59:58] [node-3] INFO: --- 第 1 轮 ---
[2025-11-10 04:59:58] [node-3] INFO: 收到来自 node-0 的区块 #4
[2025-11-10 04:59:58] [node-3] INFO: 【收到出块状态】
[2025-11-10 04:59:58] [node-3] INFO:   生产者: node-0 | 轮次: 4 | 成功: true
[2025-11-10 04:59:58] [node-3] INFO:   ✅ 更新代理节点 node-0 的出块状态
[2025-11-10 04:59:59] [node-3] INFO: ========================================
[2025-11-10 04:59:59] [node-3] INFO: 第 2 轮 | 时隙 1 | 区块高度 1
[2025-11-10 04:59:59] [node-3] INFO: 当前出块者: node-3
[2025-11-10 04:59:59] [node-3] INFO: ========================================
[2025-11-10 04:59:59] [node-3] INFO: 【权重衰减】
[2025-11-10 04:59:59] [node-3] INFO:   旧权重: 44.55 → 新权重: 45.25 (变化: 0.70)
[2025-11-10 04:59:59] [node-3] INFO:   表现评分: 0.501 | 衰减率: 0.0999 | 半衰期: 6.9轮
[2025-11-10 04:59:59] [node-3] INFO: 【投票阶段开始】
[2025-11-10 04:59:59] [node-3] INFO: 步骤1: 锁定保证金 = 45.25
[2025-11-10 04:59:59] [node-3] INFO: 创建投票会话: 正常区段=51.99ms, 代投区段=50.00ms
[2025-11-10 04:59:59] [node-3] INFO: 步骤2: 投票阶段开始
[2025-11-10 04:59:59] [node-3] INFO:   本节点投票目标: node-0 (权重: 300.19, 表现: 0.702)
[2025-11-10 04:59:59] [node-3] INFO:   ✅ 正常投票 (耗时: 23.63 ms)
[2025-11-10 04:59:59] [node-3] INFO: 投票已发送: node-3 -> node-0
[2025-11-10 04:59:59] [node-3] INFO: 等待正常投票期结束: 51ms
[2025-11-10 04:59:59] [node-3] INFO: 【执行代投】
[2025-11-10 04:59:59] [node-3] INFO: 需要代投的节点数: 2
[2025-11-10 04:59:59] [node-3] INFO: 代投完成
[2025-11-10 04:59:59] [node-3] WARN: 投票失败节点数: 2
[2025-11-10 04:59:59] [node-3] INFO: 【分配热补偿】
[2025-11-10 04:59:59] [node-3] INFO: 无符合条件的节点，跳过热补偿
[2025-11-10 04:59:59] [node-3] INFO: 步骤3: 根据委托权重选举代理节点
[2025-11-10 04:59:59] [node-3] INFO:   当选代理 #1: node-0 (得票: 0.00)
[2025-11-10 04:59:59] [node-3] INFO:   当选代理 #2: node-3 (得票: 0.00)
[2025-11-10 04:59:59] [node-3] INFO: 【投票阶段结束】
[2025-11-10 04:59:59] [node-3] INFO:   总投票: 2, 成功: 0, 代投: 0, 失败: 2
[2025-11-10 04:59:59] [node-3] INFO: 【处理投票结果 - 出块后】
[2025-11-10 04:59:59] [node-3] INFO: 情况B: 投票节点未当选，退回保证金=0.00
[2025-11-10 04:59:59] [node-3] INFO: 【代理节点表现】
[2025-11-10 04:59:59] [node-3] INFO:   综合评分: 0.501 → 0.501
[2025-11-10 04:59:59] [node-3] INFO:   出块效率 P: 0.500
[2025-11-10 04:59:59] [node-3] INFO:   验证效率 C: 0.500
[2025-11-10 04:59:59] [node-3] INFO:   在线评分 O: 0.505
[2025-11-10 04:59:59] [node-3] INFO:   有效/延迟/无效: 0/0/0
[2025-11-10 05:00:01] [node-3] INFO: --- 第 2 轮 ---
[2025-11-10 05:00:01] [node-3] INFO: 收到来自 node-0 的区块 #5
[2025-11-10 05:00:01] [node-3] INFO: 【收到出块状态】
[2025-11-10 05:00:01] [node-3] INFO:   生产者: node-0 | 轮次: 5 | 成功: true
[2025-11-10 05:00:01] [node-3] INFO:   ✅ 更新代理节点 node-0 的出块状态
[2025-11-10 05:00:02] [node-3] INFO: ========================================
[2025-11-10 05:00:02] [node-3] INFO: 第 3 轮 | 时隙 1 | 区块高度 2
[2025-11-10 05:00:02] [node-3] INFO: 当前出块者: node-3
[2025-11-10 05:00:02] [node-3] INFO: ========================================
[2025-11-10 05:00:02] [node-3] INFO: 【权重衰减】
[2025-11-10 05:00:02] [node-3] INFO:   旧权重: 40.72 → 新权重: 55.01 (变化: 14.29)
[2025-11-10 05:00:02] [node-3] INFO:   表现评分: 0.501 | 衰减率: 0.0997 | 半衰期: 7.0轮
[2025-11-10 05:00:02] [node-3] INFO: 【投票阶段开始】
[2025-11-10 05:00:02] [node-3] INFO: 步骤1: 锁定保证金 = 55.01
[2025-11-10 05:00:02] [node-3] INFO: 创建投票会话: 正常区段=41.59ms, 代投区段=50.00ms
[2025-11-10 05:00:02] [node-3] INFO: 步骤2: 投票阶段开始
[2025-11-10 05:00:02] [node-3] INFO:   本节点投票目标: node-0 (权重: 300.19, 表现: 0.702)
[2025-11-10 05:00:02] [node-3] INFO:   ✅ 正常投票 (耗时: 19.87 ms)
[2025-11-10 05:00:02] [node-3] INFO: 投票已发送: node-3 -> node-0
[2025-11-10 05:00:02] [node-3] INFO: 等待正常投票期结束: 41ms
[2025-11-10 05:00:02] [node-3] INFO: 【执行代投】
[2025-11-10 05:00:02] [node-3] INFO: 需要代投的节点数: 5
[2025-11-10 05:00:02] [node-3] INFO: 代投完成
[2025-11-10 05:00:02] [node-3] WARN: 投票失败节点数: 5
[2025-11-10 05:00:02] [node-3] INFO: 【分配热补偿】
[2025-11-10 05:00:02] [node-3] INFO: 无符合条件的节点，跳过热补偿
[2025-11-10 05:00:02] [node-3] INFO: 步骤3: 根据委托权重选举代理节点
[2025-11-10 05:00:02] [node-3] INFO:   当选代理 #1: node-0 (得票: 0.00)
[2025-11-10 05:00:02] [node-3] INFO:   当选代理 #2: node-3 (得票: 0.00)
[2025-11-10 05:00:02] [node-3] INFO: 【投票阶段结束】
[2025-11-10 05:00:02] [node-3] INFO:   总投票: 5, 成功: 0, 代投: 0, 失败: 5
[2025-11-10 05:00:02] [node-3] INFO: 【处理投票结果 - 出块后】
[2025-11-10 05:00:02] [node-3] INFO: 情况B: 投票节点未当选，退回保证金=0.00
[2025-11-10 05:00:02] [node-3] INFO: 【代理节点表现】
[2025-11-10 05:00:02] [node-3] INFO:   综合评分: 0.501 → 0.502
[2025-11-10 05:00:02] [node-3] INFO:   出块效率 P: 0.500
[2025-11-10 05:00:02] [node-3] INFO:   验证效率 C: 0.500
[2025-11-10 05:00:02] [node-3] INFO:   在线评分 O: 0.507
[2025-11-10 05:00:02] [node-3] INFO:   有效/延迟/无效: 0/0/0
[2025-11-10 05:00:04] [node-3] INFO: --- 第 3 轮 ---
[2025-11-10 05:00:04] [node-3] INFO: 收到来自 node-0 的区块 #6
[2025-11-10 05:00:04] [node-3] INFO: 【收到出块状态】
[2025-11-10 05:00:04] [node-3] INFO:   生产者: node-0 | 轮次: 6 | 成功: true
[2025-11-10 05:00:04] [node-3] INFO:   ✅ 更新代理节点 node-0 的出块状态
[2025-11-10 05:00:05] [node-3] INFO: ========================================
[2025-11-10 05:00:05] [node-3] INFO: 第 4 轮 | 时隙 1 | 区块高度 3
[2025-11-10 05:00:05] [node-3] INFO: 当前出块者: node-3
[2025-11-10 05:00:05] [node-3] INFO: ========================================
[2025-11-10 05:00:05] [node-3] INFO: 【权重衰减】
[2025-11-10 05:00:05] [node-3] INFO:   旧权重: 49.51 → 新权重: 55.10 (变化: 5.59)
[2025-11-10 05:00:05] [node-3] INFO:   表现评分: 0.502 | 衰减率: 0.0996 | 半衰期: 7.0轮
[2025-11-10 05:00:05] [node-3] INFO: 【投票阶段开始】
[2025-11-10 05:00:05] [node-3] INFO: 步骤1: 锁定保证金 = 55.10
[2025-11-10 05:00:05] [node-3] INFO: 创建投票会话: 正常区段=41.59ms, 代投区段=50.00ms
[2025-11-10 05:00:05] [node-3] INFO: 步骤2: 投票阶段开始
[2025-11-10 05:00:05] [node-3] INFO:   本节点投票目标: node-0 (权重: 300.19, 表现: 0.702)
[2025-11-10 05:00:05] [node-3] INFO:   ✅ 正常投票 (耗时: 16.01 ms)
[2025-11-10 05:00:05] [node-3] INFO: 投票已发送: node-3 -> node-0
[2025-11-10 05:00:05] [node-3] INFO: 等待正常投票期结束: 41ms
[2025-11-10 05:00:05] [node-3] INFO: 【执行代投】
[2025-11-10 05:00:05] [node-3] INFO: 需要代投的节点数: 5
[2025-11-10 05:00:05] [node-3] INFO: 代投完成
[2025-11-10 05:00:05] [node-3] WARN: 投票失败节点数: 5
[2025-11-10 05:00:05] [node-3] INFO: 【分配热补偿】
[2025-11-10 05:00:05] [node-3] INFO: 无符合条件的节点，跳过热补偿
[2025-11-10 05:00:05] [node-3] INFO: 步骤3: 根据委托权重选举代理节点
[2025-11-10 05:00:05] [node-3] INFO:   当选代理 #1: node-0 (得票: 0.00)
[2025-11-10 05:00:05] [node-3] INFO:   当选代理 #2: node-3 (得票: 0.00)
[2025-11-10 05:00:05] [node-3] INFO: 【投票阶段结束】
[2025-11-10 05:00:05] [node-3] INFO:   总投票: 5, 成功: 0, 代投: 0, 失败: 5
[2025-11-10 05:00:05] [node-3] INFO: 【处理投票结果 - 出块后】
[2025-11-10 05:00:05] [node-3] INFO: 情况B: 投票节点未当选，退回保证金=0.00
[2025-11-10 05:00:05] [node-3] INFO: 【代理节点表现】
[2025-11-10 05:00:05] [node-3] INFO:   综合评分: 0.502 → 0.503
[2025-11-10 05:00:05] [node-3] INFO:   出块效率 P: 0.500
[2025-11-10 05:00:05] [node-3] INFO:   验证效率 C: 0.500
[2025-11-10 05:00:05] [node-3] INFO:   在线评分 O: 0.510
[2025-11-10 05:00:05] [node-3] INFO:   有效/延迟/无效: 0/0/0
[2025-11-10 05:00:07] [node-3] INFO: --- 第 4 轮 ---
[2025-11-10 05:00:07] [node-3] INFO: 收到来自 node-0 的区块 #7
[2025-11-10 05:00:07] [node-3] INFO: 【收到出块状态】
[2025-11-10 05:00:07] [node-3] INFO:   生产者: node-0 | 轮次: 7 | 成功: true
[2025-11-10 05:00:07] [node-3] INFO:   ✅ 更新代理节点 node-0 的出块状态
[2025-11-10 05:00:08] [node-3] INFO: ========================================
[2025-11-10 05:00:08] [node-3] INFO: 第 5 轮 | 时隙 1 | 区块高度 4
[2025-11-10 05:00:08] [node-3] INFO: 当前出块者: node-3
[2025-11-10 05:00:08] [node-3] INFO: ========================================
[2025-11-10 05:00:08] [node-3] INFO: 【权重衰减】
[2025-11-10 05:00:08] [node-3] INFO:   旧权重: 49.59 → 新权重: 55.10 (变化: 5.51)
[2025-11-10 05:00:08] [node-3] INFO:   表现评分: 0.503 | 衰减率: 0.0994 | 半衰期: 7.0轮
[2025-11-10 05:00:08] [node-3] INFO: 【投票阶段开始】
[2025-11-10 05:00:08] [node-3] INFO: 步骤1: 锁定保证金 = 55.10
[2025-11-10 05:00:08] [node-3] INFO: 创建投票会话: 正常区段=41.59ms, 代投区段=50.00ms
[2025-11-10 05:00:08] [node-3] INFO: 步骤2: 投票阶段开始
[2025-11-10 05:00:08] [node-3] INFO:   本节点投票目标: node-0 (权重: 300.19, 表现: 0.702)
[2025-11-10 05:00:08] [node-3] INFO:   ✅ 正常投票 (耗时: 15.66 ms)
[2025-11-10 05:00:08] [node-3] INFO: 投票已发送: node-3 -> node-0
[2025-11-10 05:00:08] [node-3] INFO: 等待正常投票期结束: 41ms
[2025-11-10 05:00:08] [node-3] INFO: 【执行代投】
[2025-11-10 05:00:08] [node-3] INFO: 需要代投的节点数: 5
[2025-11-10 05:00:08] [node-3] INFO: 代投完成
[2025-11-10 05:00:08] [node-3] WARN: 投票失败节点数: 5
[2025-11-10 05:00:08] [node-3] INFO: 【分配热补偿】
[2025-11-10 05:00:08] [node-3] INFO: 无符合条件的节点，跳过热补偿
[2025-11-10 05:00:08] [node-3] INFO: 步骤3: 根据委托权重选举代理节点
[2025-11-10 05:00:08] [node-3] INFO:   当选代理 #1: node-0 (得票: 0.00)
[2025-11-10 05:00:08] [node-3] INFO:   当选代理 #2: node-3 (得票: 0.00)
[2025-11-10 05:00:08] [node-3] INFO: 【投票阶段结束】
[2025-11-10 05:00:08] [node-3] INFO:   总投票: 5, 成功: 0, 代投: 0, 失败: 5
[2025-11-10 05:00:08] [node-3] INFO: 【处理投票结果 - 出块后】
[2025-11-10 05:00:08] [node-3] INFO: 情况B: 投票节点未当选，退回保证金=0.00
[2025-11-10 05:00:08] [node-3] INFO: 【代理节点表现】
[2025-11-10 05:00:08] [node-3] INFO:   综合评分: 0.503 → 0.504
[2025-11-10 05:00:08] [node-3] INFO:   出块效率 P: 0.500
[2025-11-10 05:00:08] [node-3] INFO:   验证效率 C: 0.500
[2025-11-10 05:00:08] [node-3] INFO:   在线评分 O: 0.512
[2025-11-10 05:00:08] [node-3] INFO:   有效/延迟/无效: 0/0/0
[2025-11-10 05:00:10] [node-3] INFO: --- 第 5 轮 ---
[2025-11-10 05:00:10] [node-3] INFO: 收到来自 node-0 的区块 #8
[2025-11-10 05:00:10] [node-3] INFO: 【收到出块状态】
[2025-11-10 05:00:10] [node-3] INFO:   生产者: node-0 | 轮次: 8 | 成功: true
[2025-11-10 05:00:10] [node-3] INFO:   ✅ 更新代理节点 node-0 的出块状态
[2025-11-10 05:00:11] [node-3] INFO: ========================================
[2025-11-10 05:00:11] [node-3] INFO: 第 6 轮 | 时隙 1 | 区块高度 5
[2025-11-10 05:00:11] [node-3] INFO: 当前出块者: node-3
[2025-11-10 05:00:11] [node-3] INFO: ========================================
[2025-11-10 05:00:11] [node-3] INFO: 【权重衰减】
[2025-11-10 05:00:11] [node-3] INFO:   旧权重: 49.59 → 新权重: 55.09 (变化: 5.50)
[2025-11-10 05:00:11] [node-3] INFO:   表现评分: 0.504 | 衰减率: 0.0993 | 半衰期: 7.0轮
[2025-11-10 05:00:11] [node-3] INFO: 【投票阶段开始】
[2025-11-10 05:00:11] [node-3] INFO: 步骤1: 锁定保证金 = 55.09
[2025-11-10 05:00:11] [node-3] INFO: 创建投票会话: 正常区段=41.59ms, 代投区段=50.00ms
[2025-11-10 05:00:11] [node-3] INFO: 步骤2: 投票阶段开始
[2025-11-10 05:00:11] [node-3] INFO:   本节点投票目标: node-0 (权重: 300.19, 表现: 0.702)
[2025-11-10 05:00:11] [node-3] INFO:   ✅ 正常投票 (耗时: 25.91 ms)
[2025-11-10 05:00:11] [node-3] INFO: 投票已发送: node-3 -> node-0
[2025-11-10 05:00:11] [node-3] INFO: 等待正常投票期结束: 41ms
[2025-11-10 05:00:11] [node-3] INFO: 【执行代投】
[2025-11-10 05:00:11] [node-3] INFO: 需要代投的节点数: 5
[2025-11-10 05:00:11] [node-3] INFO: 代投完成
[2025-11-10 05:00:11] [node-3] WARN: 投票失败节点数: 5
[2025-11-10 05:00:11] [node-3] INFO: 【分配热补偿】
[2025-11-10 05:00:11] [node-3] INFO: 无符合条件的节点，跳过热补偿
[2025-11-10 05:00:11] [node-3] INFO: 步骤3: 根据委托权重选举代理节点
[2025-11-10 05:00:11] [node-3] INFO:   当选代理 #1: node-0 (得票: 0.00)
[2025-11-10 05:00:11] [node-3] INFO:   当选代理 #2: node-3 (得票: 0.00)
[2025-11-10 05:00:11] [node-3] INFO: 【投票阶段结束】
[2025-11-10 05:00:11] [node-3] INFO:   总投票: 5, 成功: 0, 代投: 0, 失败: 5
[2025-11-10 05:00:11] [node-3] INFO: 【处理投票结果 - 出块后】
[2025-11-10 05:00:11] [node-3] INFO: 情况B: 投票节点未当选，退回保证金=0.00
[2025-11-10 05:00:11] [node-3] INFO: 【代理节点表现】
[2025-11-10 05:00:11] [node-3] INFO:   综合评分: 0.504 → 0.504
[2025-11-10 05:00:11] [node-3] INFO:   出块效率 P: 0.500
[2025-11-10 05:00:11] [node-3] INFO:   验证效率 C: 0.500
[2025-11-10 05:00:11] [node-3] INFO:   在线评分 O: 0.515
[2025-11-10 05:00:11] [node-3] INFO:   有效/延迟/无效: 0/0/0
[2025-11-10 05:00:13] [node-3] INFO: --- 第 6 轮 ---
[2025-11-10 05:00:13] [node-3] INFO: 收到来自 node-0 的区块 #9
[2025-11-10 05:00:13] [node-3] INFO: 【收到出块状态】
[2025-11-10 05:00:13] [node-3] INFO:   生产者: node-0 | 轮次: 9 | 成功: true
[2025-11-10 05:00:13] [node-3] INFO:   ✅ 更新代理节点 node-0 的出块状态
[2025-11-10 05:00:14] [node-3] INFO: ========================================
[2025-11-10 05:00:14] [node-3] INFO: 第 7 轮 | 时隙 1 | 区块高度 6
[2025-11-10 05:00:14] [node-3] INFO: 当前出块者: node-3
[2025-11-10 05:00:14] [node-3] INFO: ========================================
[2025-11-10 05:00:14] [node-3] INFO: 【权重衰减】
[2025-11-10 05:00:14] [node-3] INFO:   旧权重: 49.59 → 新权重: 55.09 (变化: 5.50)
[2025-11-10 05:00:14] [node-3] INFO:   表现评分: 0.504 | 衰减率: 0.0991 | 半衰期: 7.0轮
[2025-11-10 05:00:14] [node-3] INFO: 【投票阶段开始】
[2025-11-10 05:00:14] [node-3] INFO: 步骤1: 锁定保证金 = 55.09
[2025-11-10 05:00:14] [node-3] INFO: 创建投票会话: 正常区段=41.59ms, 代投区段=50.00ms
[2025-11-10 05:00:14] [node-3] INFO: 步骤2: 投票阶段开始
[2025-11-10 05:00:14] [node-3] INFO:   本节点投票目标: node-0 (权重: 300.19, 表现: 0.702)
[2025-11-10 05:00:14] [node-3] INFO:   ✅ 正常投票 (耗时: 25.64 ms)
[2025-11-10 05:00:14] [node-3] INFO: 投票已发送: node-3 -> node-0
[2025-11-10 05:00:14] [node-3] INFO: 等待正常投票期结束: 41ms
[2025-11-10 05:00:14] [node-3] INFO: 【执行代投】
[2025-11-10 05:00:14] [node-3] INFO: 需要代投的节点数: 5
[2025-11-10 05:00:14] [node-3] INFO: 代投完成
[2025-11-10 05:00:14] [node-3] WARN: 投票失败节点数: 5
[2025-11-10 05:00:14] [node-3] INFO: 【分配热补偿】
[2025-11-10 05:00:14] [node-3] INFO: 无符合条件的节点，跳过热补偿
[2025-11-10 05:00:14] [node-3] INFO: 步骤3: 根据委托权重选举代理节点
[2025-11-10 05:00:14] [node-3] INFO:   当选代理 #1: node-0 (得票: 0.00)
[2025-11-10 05:00:14] [node-3] INFO:   当选代理 #2: node-3 (得票: 0.00)
[2025-11-10 05:00:14] [node-3] INFO: 【投票阶段结束】
[2025-11-10 05:00:14] [node-3] INFO:   总投票: 5, 成功: 0, 代投: 0, 失败: 5
[2025-11-10 05:00:14] [node-3] INFO: 【处理投票结果 - 出块后】
[2025-11-10 05:00:14] [node-3] INFO: 情况B: 投票节点未当选，退回保证金=0.00
[2025-11-10 05:00:14] [node-3] INFO: 【代理节点表现】
[2025-11-10 05:00:14] [node-3] INFO:   综合评分: 0.504 → 0.505
[2025-11-10 05:00:14] [node-3] INFO:   出块效率 P: 0.500
[2025-11-10 05:00:14] [node-3] INFO:   验证效率 C: 0.500
[2025-11-10 05:00:14] [node-3] INFO:   在线评分 O: 0.517
[2025-11-10 05:00:14] [node-3] INFO:   有效/延迟/无效: 0/0/0
[2025-11-10 05:00:16] [node-3] INFO: --- 第 7 轮 ---
[2025-11-10 05:00:16] [node-3] INFO: 收到来自 node-0 的区块 #10
[2025-11-10 05:00:16] [node-3] INFO: 【收到出块状态】
[2025-11-10 05:00:16] [node-3] INFO:   生产者: node-0 | 轮次: 10 | 成功: true
[2025-11-10 05:00:16] [node-3] INFO:   ✅ 更新代理节点 node-0 的出块状态
[2025-11-10 05:00:17] [node-3] INFO: ========================================
[2025-11-10 05:00:17] [node-3] INFO: 第 8 轮 | 时隙 1 | 区块高度 7
[2025-11-10 05:00:17] [node-3] INFO: 当前出块者: node-3
[2025-11-10 05:00:17] [node-3] INFO: ========================================
[2025-11-10 05:00:17] [node-3] INFO: 【权重衰减】
[2025-11-10 05:00:17] [node-3] INFO:   旧权重: 49.58 → 新权重: 55.08 (变化: 5.50)
[2025-11-10 05:00:17] [node-3] INFO:   表现评分: 0.505 | 衰减率: 0.0990 | 半衰期: 7.0轮
[2025-11-10 05:00:17] [node-3] INFO: 【投票阶段开始】
[2025-11-10 05:00:17] [node-3] INFO: 步骤1: 锁定保证金 = 55.08
[2025-11-10 05:00:17] [node-3] INFO: 创建投票会话: 正常区段=41.59ms, 代投区段=50.00ms
[2025-11-10 05:00:17] [node-3] INFO: 步骤2: 投票阶段开始
[2025-11-10 05:00:17] [node-3] INFO:   本节点投票目标: node-0 (权重: 300.19, 表现: 0.702)
[2025-11-10 05:00:17] [node-3] INFO:   ✅ 正常投票 (耗时: 30.87 ms)
[2025-11-10 05:00:17] [node-3] INFO: 投票已发送: node-3 -> node-0
[2025-11-10 05:00:17] [node-3] INFO: 等待正常投票期结束: 41ms
[2025-11-10 05:00:17] [node-3] INFO: 【执行代投】
[2025-11-10 05:00:17] [node-3] INFO: 需要代投的节点数: 5
[2025-11-10 05:00:17] [node-3] INFO: 代投完成
[2025-11-10 05:00:17] [node-3] WARN: 投票失败节点数: 5
[2025-11-10 05:00:17] [node-3] INFO: 【分配热补偿】
[2025-11-10 05:00:17] [node-3] INFO: 无符合条件的节点，跳过热补偿
[2025-11-10 05:00:17] [node-3] INFO: 步骤3: 根据委托权重选举代理节点
[2025-11-10 05:00:17] [node-3] INFO:   当选代理 #1: node-0 (得票: 0.00)
[2025-11-10 05:00:17] [node-3] INFO:   当选代理 #2: node-3 (得票: 0.00)
[2025-11-10 05:00:17] [node-3] INFO: 【投票阶段结束】
[2025-11-10 05:00:17] [node-3] INFO:   总投票: 5, 成功: 0, 代投: 0, 失败: 5
[2025-11-10 05:00:17] [node-3] INFO: 【处理投票结果 - 出块后】
[2025-11-10 05:00:17] [node-3] INFO: 情况B: 投票节点未当选，退回保证金=0.00
[2025-11-10 05:00:17] [node-3] INFO: 【代理节点表现】
[2025-11-10 05:00:17] [node-3] INFO:   综合评分: 0.505 → 0.506
[2025-11-10 05:00:17] [node-3] INFO:   出块效率 P: 0.500
[2025-11-10 05:00:17] [node-3] INFO:   验证效率 C: 0.500
[2025-11-10 05:00:17] [node-3] INFO:   在线评分 O: 0.520
[2025-11-10 05:00:17] [node-3] INFO:   有效/延迟/无效: 0/0/0
[Discovery] === 执行定期刷新 ===
[Discovery] 当前对等节点数: 4
[Discovery] 从 /peers 端点发现 3 个对等节点
[Discovery] 从 /peers 端点发现 3 个对等节点
[Discovery] 从 /peers 端点发现 3 个对等节点
[Discovery] 从 /peers 端点发现 3 个对等节点
[Discovery] 从 /peers 端点发现 3 个对等节点
[2025-11-10 05:00:19] [node-3] INFO: --- 第 8 轮 ---
[2025-11-10 05:00:19] [node-3] INFO: 收到来自 node-0 的区块 #11
[2025-11-10 05:00:19] [node-3] INFO: 【收到出块状态】
[2025-11-10 05:00:19] [node-3] INFO:   生产者: node-0 | 轮次: 11 | 成功: true
[2025-11-10 05:00:19] [node-3] INFO:   ✅ 更新代理节点 node-0 的出块状态
[2025-11-10 05:00:20] [node-3] INFO: ========================================
[2025-11-10 05:00:20] [node-3] INFO: 第 9 轮 | 时隙 1 | 区块高度 8
[2025-11-10 05:00:20] [node-3] INFO: 当前出块者: node-3
[2025-11-10 05:00:20] [node-3] INFO: ========================================
[2025-11-10 05:00:20] [node-3] INFO: 【权重衰减】
[2025-11-10 05:00:20] [node-3] INFO:   旧权重: 49.57 → 新权重: 55.07 (变化: 5.50)
[2025-11-10 05:00:20] [node-3] INFO:   表现评分: 0.506 | 衰减率: 0.0988 | 半衰期: 7.0轮
[2025-11-10 05:00:20] [node-3] INFO: 【投票阶段开始】
[2025-11-10 05:00:20] [node-3] INFO: 步骤1: 锁定保证金 = 55.07
[2025-11-10 05:00:20] [node-3] INFO: 创建投票会话: 正常区段=41.59ms, 代投区段=50.00ms
[2025-11-10 05:00:20] [node-3] INFO: 步骤2: 投票阶段开始
[2025-11-10 05:00:20] [node-3] INFO:   本节点投票目标: node-0 (权重: 300.19, 表现: 0.702)
[2025-11-10 05:00:20] [node-3] INFO:   ✅ 正常投票 (耗时: 22.37 ms)
[2025-11-10 05:00:20] [node-3] INFO: 投票已发送: node-3 -> node-0
[2025-11-10 05:00:20] [node-3] INFO: 等待正常投票期结束: 41ms
[2025-11-10 05:00:20] [node-3] INFO: 【执行代投】
[2025-11-10 05:00:20] [node-3] INFO: 需要代投的节点数: 5
[2025-11-10 05:00:20] [node-3] INFO: 代投完成
[2025-11-10 05:00:20] [node-3] INFO: 收到来自 node-2 的区块 #12
[2025-11-10 05:00:20] [node-3] INFO: 【收到出块状态】
[2025-11-10 05:00:20] [node-3] INFO:   生产者: node-2 | 轮次: 10 | 成功: true
[2025-11-10 05:00:20] [node-3] WARN: 投票失败节点数: 5
[2025-11-10 05:00:20] [node-3] INFO: 【分配热补偿】
[2025-11-10 05:00:20] [node-3] INFO: 无符合条件的节点，跳过热补偿
[2025-11-10 05:00:20] [node-3] INFO: 步骤3: 根据委托权重选举代理节点
[2025-11-10 05:00:20] [node-3] INFO:   当选代理 #1: node-0 (得票: 0.00)
[2025-11-10 05:00:20] [node-3] INFO:   当选代理 #2: node-3 (得票: 0.00)
[2025-11-10 05:00:20] [node-3] INFO: 【投票阶段结束】
[2025-11-10 05:00:20] [node-3] INFO:   总投票: 5, 成功: 0, 代投: 0, 失败: 5
[2025-11-10 05:00:20] [node-3] INFO: 【处理投票结果 - 出块后】
[2025-11-10 05:00:20] [node-3] INFO: 情况B: 投票节点未当选，退回保证金=0.00
[2025-11-10 05:00:20] [node-3] INFO: 【代理节点表现】
[2025-11-10 05:00:20] [node-3] INFO:   综合评分: 0.506 → 0.507
[2025-11-10 05:00:20] [node-3] INFO:   出块效率 P: 0.500
[2025-11-10 05:00:20] [node-3] INFO:   验证效率 C: 0.500
[2025-11-10 05:00:20] [node-3] INFO:   在线评分 O: 0.522
[2025-11-10 05:00:20] [node-3] INFO:   有效/延迟/无效: 0/0/0
[2025-11-10 05:00:22] [node-3] INFO: --- 第 9 轮 ---
[2025-11-10 05:00:22] [node-3] INFO: 收到来自 node-0 的区块 #13
[2025-11-10 05:00:22] [node-3] INFO: 【收到出块状态】
[2025-11-10 05:00:22] [node-3] INFO:   生产者: node-0 | 轮次: 12 | 成功: true
[2025-11-10 05:00:22] [node-3] INFO:   ✅ 更新代理节点 node-0 的出块状态
[2025-11-10 05:00:23] [node-3] INFO: ========================================
[2025-11-10 05:00:23] [node-3] INFO: 第 10 轮 | 时隙 1 | 区块高度 9
[2025-11-10 05:00:23] [node-3] INFO: 当前出块者: node-3
[2025-11-10 05:00:23] [node-3] INFO: ========================================
[2025-11-10 05:00:23] [node-3] INFO: 【权重衰减】
[2025-11-10 05:00:23] [node-3] INFO:   旧权重: 49.57 → 新权重: 59.62 (变化: 10.05)
[2025-11-10 05:00:23] [node-3] INFO:   表现评分: 0.507 | 衰减率: 0.0987 | 半衰期: 7.0轮
[2025-11-10 05:00:23] [node-3] INFO: --- 重新选举代理节点 ---
[2025-11-10 05:00:23] [node-3] INFO: ========================================
[2025-11-10 05:00:23] [node-3] INFO: 【代理节点选举 - 连任检查】
[2025-11-10 05:00:23] [node-3] INFO: ========================================
[2025-11-10 05:00:23] [node-3] INFO: 连任检查: node-0
[2025-11-10 05:00:23] [node-3] INFO:   连任次数: 0
[2025-11-10 05:00:23] [node-3] INFO:   所需权重: 150.00
[2025-11-10 05:00:23] [node-3] INFO:   实际委托: 0.00
[2025-11-10 05:00:23] [node-3] INFO:   权重缺口: 150.00
[2025-11-10 05:00:23] [node-3] WARN:   ❌ 不满足连任条件,将被淘汰
[2025-11-10 05:00:23] [node-3] INFO: 连任检查: node-3
[2025-11-10 05:00:23] [node-3] INFO:   连任次数: 0
[2025-11-10 05:00:23] [node-3] INFO:   所需权重: 50.00
[2025-11-10 05:00:23] [node-3] INFO:   实际委托: 0.00
[2025-11-10 05:00:23] [node-3] INFO:   权重缺口: 50.00
[2025-11-10 05:00:23] [node-3] WARN:   ❌ 不满足连任条件,将被淘汰
[2025-11-10 05:00:23] [node-3] INFO: 选出 2 个代理节点:
[2025-11-10 05:00:23] [node-3] INFO:   #1: node-2 (权重: 275.54, 连任: 0次)
[2025-11-10 05:00:23] [node-3] INFO:   #2: node-1 (权重: 131.95, 连任: 0次)
[2025-11-10 05:00:23] [node-3] INFO: ========================================
[2025-11-10 05:00:23] [node-3] INFO: 选出 2 个代理节点:
[2025-11-10 05:00:23] [node-3] INFO:   #0: node-2 (权重: 275.54, 表现: 0.707)
[2025-11-10 05:00:23] [node-3] INFO:   #1: node-1 (权重: 131.95, 表现: 0.619)
[2025-11-10 05:00:23] [node-3] INFO: 【投票阶段开始】
[2025-11-10 05:00:23] [node-3] INFO: 步骤1: 锁定保证金 = 59.62
[2025-11-10 05:00:23] [node-3] INFO: 创建投票会话: 正常区段=41.59ms, 代投区段=50.00ms
[2025-11-10 05:00:23] [node-3] INFO: 步骤2: 投票阶段开始
[2025-11-10 05:00:23] [node-3] INFO:   本节点投票目标: node-2 (权重: 275.54, 表现: 0.707)
[2025-11-10 05:00:23] [node-3] INFO:   ✅ 正常投票 (耗时: 15.07 ms)
[2025-11-10 05:00:23] [node-3] INFO: 投票已发送: node-3 -> node-2
[2025-11-10 05:00:23] [node-3] INFO: 等待正常投票期结束: 41ms
[2025-11-10 05:00:23] [node-3] WARN: 投票失败节点数: 5
[2025-11-10 05:00:23] [node-3] INFO: 步骤3: 根据委托权重选举代理节点
[2025-11-10 05:00:23] [node-3] INFO:   当选代理 #1: node-2 (得票: 0.00)
[2025-11-10 05:00:23] [node-3] INFO:   当选代理 #2: node-1 (得票: 0.00)
[2025-11-10 05:00:23] [node-3] INFO: 【投票阶段结束】
[2025-11-10 05:00:23] [node-3] INFO:   总投票: 5, 成功: 0, 代投: 0, 失败: 5
[2025-11-10 05:00:23] [node-3] INFO: 【处理投票结果 - 出块后】
[2025-11-10 05:00:23] [node-3] INFO: 情况B: 投票节点未当选，退回保证金=0.00
[2025-11-10 05:00:23] [node-3] INFO: 【投票节点表现】
[2025-11-10 05:00:23] [node-3] INFO:   综合评分: 0.507 → 0.686
[2025-11-10 05:00:23] [node-3] INFO:   投票速率 V: 0.774
[2025-11-10 05:00:23] [node-3] INFO:   投票行为 B: 0.591
[2025-11-10 05:00:23] [node-3] INFO:   成功/失败: 10/10
[2025-11-10 05:00:25] [node-3] INFO: --- 第 10 轮 ---
[2025-11-10 05:00:25] [node-3] INFO: 收到来自 node-0 的区块 #14
[2025-11-10 05:00:25] [node-3] INFO: 【收到出块状态】
[2025-11-10 05:00:25] [node-3] INFO:   生产者: node-0 | 轮次: 13 | 成功: true
[2025-11-10 05:00:26] [node-3] INFO: ========================================
[2025-11-10 05:00:26] [node-3] INFO: 第 11 轮 | 时隙 1 | 区块高度 10
[2025-11-10 05:00:26] [node-3] INFO: 当前出块者: node-1
[2025-11-10 05:00:26] [node-3] INFO: ========================================
[2025-11-10 05:00:26] [node-3] INFO: 【权重衰减】
[2025-11-10 05:00:26] [node-3] INFO:   旧权重: 53.65 → 新权重: 53.83 (变化: 0.18)
[2025-11-10 05:00:26] [node-3] INFO:   表现评分: 0.686 | 衰减率: 0.0628 | 半衰期: 11.0轮
[2025-11-10 05:00:26] [node-3] INFO: 【投票阶段开始】
[2025-11-10 05:00:26] [node-3] INFO: 步骤1: 锁定保证金 = 53.83
[2025-11-10 05:00:26] [node-3] INFO: 创建投票会话: 正常区段=41.59ms, 代投区段=50.00ms
[2025-11-10 05:00:26] [node-3] INFO: 步骤2: 投票阶段开始
[2025-11-10 05:00:26] [node-3] INFO:   本节点投票目标: node-2 (权重: 247.99, 表现: 0.707)
[2025-11-10 05:00:26] [node-3] INFO:   ✅ 正常投票 (耗时: 31.40 ms)
[2025-11-10 05:00:26] [node-3] INFO: 投票已发送: node-3 -> node-2
[2025-11-10 05:00:26] [node-3] INFO: 等待正常投票期结束: 41ms
[2025-11-10 05:00:26] [node-3] WARN: 投票失败节点数: 5
[2025-11-10 05:00:26] [node-3] INFO: 步骤3: 根据委托权重选举代理节点
[2025-11-10 05:00:26] [node-3] INFO:   当选代理 #1: node-2 (得票: 0.00)
[2025-11-10 05:00:26] [node-3] INFO:   当选代理 #2: node-1 (得票: 0.00)
[2025-11-10 05:00:26] [node-3] INFO: 【投票阶段结束】
[2025-11-10 05:00:26] [node-3] INFO:   总投票: 5, 成功: 0, 代投: 0, 失败: 5
[2025-11-10 05:00:26] [node-3] INFO: 【处理投票结果 - 出块后】
[2025-11-10 05:00:26] [node-3] INFO: 情况B: 投票节点未当选，退回保证金=0.00
[2025-11-10 05:00:26] [node-3] INFO: 【投票节点表现】
[2025-11-10 05:00:26] [node-3] INFO:   综合评分: 0.686 → 0.683
[2025-11-10 05:00:26] [node-3] INFO:   投票速率 V: 0.766
[2025-11-10 05:00:26] [node-3] INFO:   投票行为 B: 0.591
[2025-11-10 05:00:26] [node-3] INFO:   成功/失败: 11/11
[2025-11-10 05:00:28] [node-3] INFO: 已完成 10/100 轮
[2025-11-10 05:00:28] [node-3] INFO: 当前状态:
[2025-11-10 05:00:28] [node-3] INFO:   权重: 48.45 (半衰期: 10.9)
[2025-11-10 05:00:28] [node-3] INFO:   表现: 0.683
[2025-11-10 05:00:28] [node-3] INFO:   投票: 成功=11, 失败=11
[2025-11-10 05:00:28] [node-3] INFO:   奖励: 0.00, 补偿: 0.00
[2025-11-10 05:00:28] [node-3] INFO: --- 第 11 轮 ---
[2025-11-10 05:00:28] [node-3] INFO: 收到来自 node-0 的区块 #15
[2025-11-10 05:00:28] [node-3] INFO: 【收到出块状态】
[2025-11-10 05:00:28] [node-3] INFO:   生产者: node-0 | 轮次: 14 | 成功: true
[2025-11-10 05:00:29] [node-3] INFO: ========================================
[2025-11-10 05:00:29] [node-3] INFO: 第 12 轮 | 时隙 1 | 区块高度 11
[2025-11-10 05:00:29] [node-3] INFO: 当前出块者: node-1
[2025-11-10 05:00:29] [node-3] INFO: ========================================
[2025-11-10 05:00:29] [node-3] INFO: 【权重衰减】
[2025-11-10 05:00:29] [node-3] INFO:   旧权重: 48.45 → 新权重: 53.70 (变化: 5.25)
[2025-11-10 05:00:29] [node-3] INFO:   表现评分: 0.683 | 衰减率: 0.0634 | 半衰期: 10.9轮
[2025-11-10 05:00:29] [node-3] INFO: 【投票阶段开始】
[2025-11-10 05:00:29] [node-3] INFO: 步骤1: 锁定保证金 = 53.70
[2025-11-10 05:00:29] [node-3] INFO: 创建投票会话: 正常区段=41.59ms, 代投区段=50.00ms
[2025-11-10 05:00:29] [node-3] INFO: 步骤2: 投票阶段开始
[2025-11-10 05:00:29] [node-3] INFO:   本节点投票目标: node-2 (权重: 247.99, 表现: 0.707)
[2025-11-10 05:00:29] [node-3] INFO:   ✅ 正常投票 (耗时: 29.81 ms)
[2025-11-10 05:00:29] [node-3] INFO: 投票已发送: node-3 -> node-2
[2025-11-10 05:00:29] [node-3] INFO: 等待正常投票期结束: 41ms
[2025-11-10 05:00:29] [node-3] WARN: 投票失败节点数: 5
[2025-11-10 05:00:29] [node-3] INFO: 步骤3: 根据委托权重选举代理节点
[2025-11-10 05:00:29] [node-3] INFO:   当选代理 #1: node-2 (得票: 0.00)
[2025-11-10 05:00:29] [node-3] INFO:   当选代理 #2: node-1 (得票: 0.00)
[2025-11-10 05:00:29] [node-3] INFO: 【投票阶段结束】
[2025-11-10 05:00:29] [node-3] INFO:   总投票: 5, 成功: 0, 代投: 0, 失败: 5
[2025-11-10 05:00:29] [node-3] INFO: 【处理投票结果 - 出块后】
[2025-11-10 05:00:29] [node-3] INFO: 情况B: 投票节点未当选，退回保证金=0.00
[2025-11-10 05:00:29] [node-3] INFO: 【投票节点表现】
[2025-11-10 05:00:29] [node-3] INFO:   综合评分: 0.683 → 0.681
[2025-11-10 05:00:29] [node-3] INFO:   投票速率 V: 0.761
[2025-11-10 05:00:29] [node-3] INFO:   投票行为 B: 0.591
[2025-11-10 05:00:29] [node-3] INFO:   成功/失败: 12/12
[2025-11-10 05:00:31] [node-3] INFO: --- 第 12 轮 ---
[2025-11-10 05:00:31] [node-3] INFO: 收到来自 node-0 的区块 #16
[2025-11-10 05:00:31] [node-3] INFO: 【收到出块状态】
[2025-11-10 05:00:31] [node-3] INFO:   生产者: node-0 | 轮次: 15 | 成功: true
[2025-11-10 05:00:32] [node-3] INFO: ========================================
[2025-11-10 05:00:32] [node-3] INFO: 第 13 轮 | 时隙 1 | 区块高度 12
[2025-11-10 05:00:32] [node-3] INFO: 当前出块者: node-1
[2025-11-10 05:00:32] [node-3] INFO: ========================================
[2025-11-10 05:00:32] [node-3] INFO: 【权重衰减】
[2025-11-10 05:00:32] [node-3] INFO:   旧权重: 48.33 → 新权重: 53.69 (变化: 5.35)
[2025-11-10 05:00:32] [node-3] INFO:   表现评分: 0.681 | 衰减率: 0.0639 | 半衰期: 10.8轮
[2025-11-10 05:00:32] [node-3] INFO: 【投票阶段开始】
[2025-11-10 05:00:32] [node-3] INFO: 步骤1: 锁定保证金 = 53.69
[2025-11-10 05:00:32] [node-3] INFO: 创建投票会话: 正常区段=41.59ms, 代投区段=50.00ms
[2025-11-10 05:00:32] [node-3] INFO: 步骤2: 投票阶段开始
[2025-11-10 05:00:32] [node-3] INFO:   本节点投票目标: node-2 (权重: 247.99, 表现: 0.707)
[2025-11-10 05:00:32] [node-3] INFO:   ✅ 正常投票 (耗时: 16.35 ms)
[2025-11-10 05:00:32] [node-3] INFO: 投票已发送: node-3 -> node-2
[2025-11-10 05:00:32] [node-3] INFO: 等待正常投票期结束: 41ms
[2025-11-10 05:00:32] [node-3] WARN: 投票失败节点数: 5
[2025-11-10 05:00:32] [node-3] INFO: 步骤3: 根据委托权重选举代理节点
[2025-11-10 05:00:32] [node-3] INFO:   当选代理 #1: node-2 (得票: 0.00)
[2025-11-10 05:00:32] [node-3] INFO:   当选代理 #2: node-1 (得票: 0.00)
[2025-11-10 05:00:32] [node-3] INFO: 【投票阶段结束】
[2025-11-10 05:00:32] [node-3] INFO:   总投票: 5, 成功: 0, 代投: 0, 失败: 5
[2025-11-10 05:00:32] [node-3] INFO: 【处理投票结果 - 出块后】
[2025-11-10 05:00:32] [node-3] INFO: 情况B: 投票节点未当选，退回保证金=0.00
[2025-11-10 05:00:32] [node-3] INFO: 【投票节点表现】
[2025-11-10 05:00:32] [node-3] INFO:   综合评分: 0.681 → 0.683
[2025-11-10 05:00:32] [node-3] INFO:   投票速率 V: 0.767
[2025-11-10 05:00:32] [node-3] INFO:   投票行为 B: 0.591
[2025-11-10 05:00:32] [node-3] INFO:   成功/失败: 13/13
[2025-11-10 05:00:34] [node-3] INFO: --- 第 13 轮 ---
[2025-11-10 05:00:34] [node-3] INFO: 收到来自 node-0 的区块 #17
[2025-11-10 05:00:34] [node-3] INFO: 【收到出块状态】
[2025-11-10 05:00:34] [node-3] INFO:   生产者: node-0 | 轮次: 16 | 成功: true
[2025-11-10 05:00:35] [node-3] INFO: ========================================
[2025-11-10 05:00:35] [node-3] INFO: 第 14 轮 | 时隙 1 | 区块高度 13
[2025-11-10 05:00:35] [node-3] INFO: 当前出块者: node-1
[2025-11-10 05:00:35] [node-3] INFO: ========================================
[2025-11-10 05:00:35] [node-3] INFO: 【权重衰减】
[2025-11-10 05:00:35] [node-3] INFO:   旧权重: 48.32 → 新权重: 53.66 (变化: 5.34)
[2025-11-10 05:00:35] [node-3] INFO:   表现评分: 0.683 | 衰减率: 0.0634 | 半衰期: 10.9轮
[2025-11-10 05:00:35] [node-3] INFO: 【投票阶段开始】
[2025-11-10 05:00:35] [node-3] INFO: 步骤1: 锁定保证金 = 53.66
[2025-11-10 05:00:35] [node-3] INFO: 创建投票会话: 正常区段=41.59ms, 代投区段=50.00ms
[2025-11-10 05:00:35] [node-3] INFO: 步骤2: 投票阶段开始
[2025-11-10 05:00:35] [node-3] INFO:   本节点投票目标: node-2 (权重: 247.99, 表现: 0.707)
[2025-11-10 05:00:35] [node-3] INFO:   ✅ 正常投票 (耗时: 25.69 ms)
[2025-11-10 05:00:35] [node-3] INFO: 投票已发送: node-3 -> node-2
[2025-11-10 05:00:35] [node-3] INFO: 等待正常投票期结束: 41ms
[2025-11-10 05:00:35] [node-3] WARN: 投票失败节点数: 5
[2025-11-10 05:00:35] [node-3] INFO: 步骤3: 根据委托权重选举代理节点
[2025-11-10 05:00:35] [node-3] INFO:   当选代理 #1: node-2 (得票: 0.00)
[2025-11-10 05:00:35] [node-3] INFO:   当选代理 #2: node-1 (得票: 0.00)
[2025-11-10 05:00:35] [node-3] INFO: 【投票阶段结束】
[2025-11-10 05:00:35] [node-3] INFO:   总投票: 5, 成功: 0, 代投: 0, 失败: 5
[2025-11-10 05:00:35] [node-3] INFO: 【处理投票结果 - 出块后】
[2025-11-10 05:00:35] [node-3] INFO: 情况B: 投票节点未当选，退回保证金=0.00
[2025-11-10 05:00:35] [node-3] INFO: 【投票节点表现】
[2025-11-10 05:00:35] [node-3] INFO:   综合评分: 0.683 → 0.682
[2025-11-10 05:00:35] [node-3] INFO:   投票速率 V: 0.765
[2025-11-10 05:00:35] [node-3] INFO:   投票行为 B: 0.591
[2025-11-10 05:00:35] [node-3] INFO:   成功/失败: 14/14
[2025-11-10 05:00:37] [node-3] INFO: --- 第 14 轮 ---
[2025-11-10 05:00:37] [node-3] INFO: 收到来自 node-0 的区块 #18
[2025-11-10 05:00:37] [node-3] INFO: 【收到出块状态】
[2025-11-10 05:00:37] [node-3] INFO:   生产者: node-0 | 轮次: 17 | 成功: true
[2025-11-10 05:00:38] [node-3] INFO: ========================================
[2025-11-10 05:00:38] [node-3] INFO: 第 15 轮 | 时隙 1 | 区块高度 14
[2025-11-10 05:00:38] [node-3] INFO: 当前出块者: node-1
[2025-11-10 05:00:38] [node-3] INFO: ========================================
[2025-11-10 05:00:38] [node-3] INFO: 【权重衰减】
[2025-11-10 05:00:38] [node-3] INFO:   旧权重: 48.29 → 新权重: 53.67 (变化: 5.37)
[2025-11-10 05:00:38] [node-3] INFO:   表现评分: 0.682 | 衰减率: 0.0636 | 半衰期: 10.9轮
[2025-11-10 05:00:38] [node-3] INFO: 【投票阶段开始】
[2025-11-10 05:00:38] [node-3] INFO: 步骤1: 锁定保证金 = 53.67
[2025-11-10 05:00:38] [node-3] INFO: 创建投票会话: 正常区段=41.59ms, 代投区段=50.00ms
[2025-11-10 05:00:38] [node-3] INFO: 步骤2: 投票阶段开始
[2025-11-10 05:00:38] [node-3] INFO:   本节点投票目标: node-2 (权重: 247.99, 表现: 0.707)
[2025-11-10 05:00:38] [node-3] INFO:   ✅ 正常投票 (耗时: 30.59 ms)
[2025-11-10 05:00:38] [node-3] INFO: 投票已发送: node-3 -> node-2
[2025-11-10 05:00:38] [node-3] INFO: 等待正常投票期结束: 41ms
[2025-11-10 05:00:38] [node-3] INFO: 收到来自 node-2 的区块 #19
[2025-11-10 05:00:38] [node-3] INFO: 【收到出块状态】
[2025-11-10 05:00:38] [node-3] INFO:   生产者: node-2 | 轮次: 16 | 成功: true
[2025-11-10 05:00:38] [node-3] INFO:   ✅ 更新代理节点 node-2 的出块状态
[2025-11-10 05:00:38] [node-3] WARN: 投票失败节点数: 5
[2025-11-10 05:00:38] [node-3] INFO: 步骤3: 根据委托权重选举代理节点
[2025-11-10 05:00:38] [node-3] INFO:   当选代理 #1: node-2 (得票: 0.00)
[2025-11-10 05:00:38] [node-3] INFO:   当选代理 #2: node-1 (得票: 0.00)
[2025-11-10 05:00:38] [node-3] INFO: 【投票阶段结束】
[2025-11-10 05:00:38] [node-3] INFO:   总投票: 5, 成功: 0, 代投: 0, 失败: 5
[2025-11-10 05:00:38] [node-3] INFO: 【处理投票结果 - 出块后】
[2025-11-10 05:00:38] [node-3] INFO: 情况B: 投票节点未当选，退回保证金=0.00
[2025-11-10 05:00:38] [node-3] INFO: 【投票节点表现】
[2025-11-10 05:00:38] [node-3] INFO:   综合评分: 0.682 → 0.680
[2025-11-10 05:00:38] [node-3] INFO:   投票速率 V: 0.760
[2025-11-10 05:00:38] [node-3] INFO:   投票行为 B: 0.591
[2025-11-10 05:00:38] [node-3] INFO:   成功/失败: 15/15
[2025-11-10 05:00:40] [node-3] INFO: --- 第 15 轮 ---
[2025-11-10 05:00:40] [node-3] INFO: 收到来自 node-0 的区块 #20
[2025-11-10 05:00:40] [node-3] INFO: 【收到出块状态】
[2025-11-10 05:00:40] [node-3] INFO:   生产者: node-0 | 轮次: 18 | 成功: true
[2025-11-10 05:00:41] [node-3] INFO: ========================================
[2025-11-10 05:00:41] [node-3] INFO: 第 16 轮 | 时隙 1 | 区块高度 15
[2025-11-10 05:00:41] [node-3] INFO: 当前出块者: node-1
[2025-11-10 05:00:41] [node-3] INFO: ========================================
[2025-11-10 05:00:41] [node-3] INFO: 【权重衰减】
[2025-11-10 05:00:41] [node-3] INFO:   旧权重: 48.30 → 新权重: 56.74 (变化: 8.44)
[2025-11-10 05:00:41] [node-3] INFO:   表现评分: 0.680 | 衰减率: 0.0639 | 半衰期: 10.8轮
[2025-11-10 05:00:41] [node-3] INFO: 【投票阶段开始】
[2025-11-10 05:00:41] [node-3] INFO: 步骤1: 锁定保证金 = 56.74
[2025-11-10 05:00:41] [node-3] INFO: 创建投票会话: 正常区段=41.59ms, 代投区段=50.00ms
[2025-11-10 05:00:41] [node-3] INFO: 步骤2: 投票阶段开始
[2025-11-10 05:00:41] [node-3] INFO:   本节点投票目标: node-2 (权重: 247.99, 表现: 0.707)
[2025-11-10 05:00:41] [node-3] INFO:   ✅ 正常投票 (耗时: 26.08 ms)
[2025-11-10 05:00:41] [node-3] INFO: 投票已发送: node-3 -> node-2
[2025-11-10 05:00:41] [node-3] INFO: 等待正常投票期结束: 41ms
[2025-11-10 05:00:41] [node-3] INFO: 收到来自 node-2 的区块 #21
[2025-11-10 05:00:41] [node-3] INFO: 【收到出块状态】
[2025-11-10 05:00:41] [node-3] INFO:   生产者: node-2 | 轮次: 17 | 成功: true
[2025-11-10 05:00:41] [node-3] INFO:   ✅ 更新代理节点 node-2 的出块状态
[2025-11-10 05:00:41] [node-3] WARN: 投票失败节点数: 5
[2025-11-10 05:00:41] [node-3] INFO: 步骤3: 根据委托权重选举代理节点
[2025-11-10 05:00:41] [node-3] INFO:   当选代理 #1: node-2 (得票: 0.00)
[2025-11-10 05:00:41] [node-3] INFO:   当选代理 #2: node-1 (得票: 0.00)
[2025-11-10 05:00:41] [node-3] INFO: 【投票阶段结束】
[2025-11-10 05:00:41] [node-3] INFO:   总投票: 5, 成功: 0, 代投: 0, 失败: 5
[2025-11-10 05:00:41] [node-3] INFO: 【处理投票结果 - 出块后】
[2025-11-10 05:00:41] [node-3] INFO: 情况B: 投票节点未当选，退回保证金=0.00
[2025-11-10 05:00:41] [node-3] INFO: 【投票节点表现】
[2025-11-10 05:00:41] [node-3] INFO:   综合评分: 0.680 → 0.680
[2025-11-10 05:00:41] [node-3] INFO:   投票速率 V: 0.759
[2025-11-10 05:00:41] [node-3] INFO:   投票行为 B: 0.591
[2025-11-10 05:00:41] [node-3] INFO:   成功/失败: 16/16
